,number,value,datetime_start,datetime_complete,duration,params_batch_size,params_clip,params_lambda,params_learning_rate,params_rank,state
0,0,0.5051260334678335,2021-04-22 08:21:40.561316,2021-04-22 08:26:07.987794,0 days 00:04:27.426478,128,0.3748321662847928,1.0,0.005,110.0,COMPLETE
1,1,0.7632662385405455,2021-04-22 08:26:07.988619,2021-04-22 08:27:44.954649,0 days 00:01:36.966030,512,0.007809150983452718,0.01,0.01,170.0,COMPLETE
2,2,0.5128097932591682,2021-04-22 08:27:44.955575,2021-04-22 08:29:09.988387,0 days 00:01:25.032812,512,0.2372330072992193,0.1,0.0005,15.0,COMPLETE
3,3,0.7383257943617881,2021-04-22 08:29:09.989294,2021-04-22 08:30:54.070419,0 days 00:01:44.081125,256,0.3222821784787406,1e-05,0.05,110.0,COMPLETE
4,4,0.5506874555121083,2021-04-22 08:30:54.071543,2021-04-22 08:32:23.427363,0 days 00:01:29.355820,1024,0.31467304061660045,0.1,0.0001,70.0,COMPLETE
5,5,0.8097197688570477,2021-04-22 08:32:23.428246,2021-04-22 08:34:33.542931,0 days 00:02:10.114685,512,0.24973286104060582,1e-05,0.005,160.0,COMPLETE
6,6,0.5836950450672224,2021-04-22 08:34:33.543939,2021-04-22 08:37:21.641310,0 days 00:02:48.097371,1024,0.05572619319129037,0.01,0.0001,95.0,COMPLETE
7,7,0.8035491369320824,2021-04-22 08:37:21.642601,2021-04-22 08:39:11.044821,0 days 00:01:49.402220,512,0.026351252231361925,1e-05,0.01,110.0,COMPLETE
8,8,0.8131016432096773,2021-04-22 08:39:11.046031,2021-04-22 08:40:39.241875,0 days 00:01:28.195844,2048,0.0025448050634013235,0.001,0.001,40.0,COMPLETE
9,9,0.0,2021-04-22 08:40:39.242837,2021-04-22 08:40:49.533481,0 days 00:00:10.290644,128,0.014436667144263006,1.0,0.01,65.0,COMPLETE
10,10,0.5611614197927747,2021-04-22 08:40:49.534580,2021-04-22 08:42:47.901859,0 days 00:01:58.367279,2048,0.0012641584401961584,0.001,0.001,5.0,COMPLETE
11,11,0.815732677858318,2021-04-22 08:42:47.902949,2021-04-22 08:44:46.126553,0 days 00:01:58.223604,2048,0.0015422059634974368,0.0001,0.005,195.0,COMPLETE
12,12,0.8189203128957876,2021-04-22 08:44:46.127883,2021-04-22 08:48:38.547577,0 days 00:03:52.419694,2048,0.0011973908792869401,0.0001,0.001,200.0,COMPLETE
13,13,0.8145350765796135,2021-04-22 08:48:38.548458,2021-04-22 08:50:45.524202,0 days 00:02:06.975744,2048,0.0010901167533377942,0.0001,0.005,200.0,COMPLETE
14,14,0.8187796082278841,2021-04-22 08:50:45.525106,2021-04-22 08:55:32.586169,0 days 00:04:47.061063,2048,0.0035902287025277877,0.0001,0.001,200.0,COMPLETE
15,15,0.8196648125657828,2021-04-22 08:55:32.587551,2021-04-22 09:00:03.429831,0 days 00:04:30.842280,2048,0.0038221790669404525,0.0001,0.001,150.0,COMPLETE
16,16,0.8195337736622577,2021-04-22 09:00:03.431106,2021-04-22 09:04:35.032433,0 days 00:04:31.601327,2048,0.006647398488330428,0.0001,0.001,150.0,COMPLETE
17,17,0.8071483166867562,2021-04-22 09:04:35.033467,2021-04-22 09:30:07.316509,0 days 00:25:32.283042,256,0.005519503109260574,0.0001,0.001,145.0,COMPLETE
18,18,0.7946763676526016,2021-04-22 09:30:07.317506,2021-04-22 09:32:07.153520,0 days 00:01:59.836014,2048,0.06402741757853878,0.0001,0.05,135.0,COMPLETE
19,19,0.8226631308816984,2021-04-22 09:32:07.154372,2021-04-22 09:38:07.622666,0 days 00:06:00.468294,2048,0.011390503037249974,0.0001,0.0005,140.0,COMPLETE
20,20,0.8203574833870347,2021-04-22 09:38:07.623585,2021-04-22 09:46:58.857045,0 days 00:08:51.233460,1024,0.015408305872675805,0.0001,0.0005,175.0,COMPLETE
21,21,0.8205747388070038,2021-04-22 09:46:58.858273,2021-04-22 09:56:18.343102,0 days 00:09:19.484829,1024,0.015157190056872036,0.0001,0.0005,180.0,COMPLETE
22,22,0.8204697546621383,2021-04-22 09:56:18.343934,2021-04-22 10:06:49.855258,0 days 00:10:31.511324,1024,0.01593040331281166,0.0001,0.0005,180.0,COMPLETE
23,23,0.8208604325037648,2021-04-22 10:06:49.856344,2021-04-22 10:18:56.329172,0 days 00:12:06.472828,1024,0.044544307424297096,0.0001,0.0005,180.0,COMPLETE
24,24,0.8227332544515369,2021-04-22 10:18:56.330773,2021-04-22 10:33:25.059958,0 days 00:14:28.729185,1024,0.09691160732540335,0.0001,0.0005,130.0,COMPLETE
25,25,0.8227243730212609,2021-04-22 10:33:25.061100,2021-04-22 10:46:48.202051,0 days 00:13:23.140951,1024,0.11855036838370106,0.0001,0.0005,130.0,COMPLETE
26,26,0.8163363075350843,2021-04-22 10:46:48.203149,2021-04-22 10:54:32.684739,0 days 00:07:44.481590,1024,0.11658207842087763,0.001,0.0005,130.0,COMPLETE
27,27,0.5056511900050286,2021-04-22 10:54:32.685732,2021-04-22 10:57:10.881435,0 days 00:02:38.195703,1024,0.11540935807765065,1.0,0.0005,90.0,COMPLETE
28,28,0.6060604614349279,2021-04-22 10:57:10.882486,2021-04-22 10:58:40.409992,0 days 00:01:29.527506,1024,0.9723449287010837,0.01,0.0005,125.0,COMPLETE
29,29,0.5077478598803223,2021-04-22 10:58:40.411261,2021-04-22 11:00:09.002611,0 days 00:01:28.591350,128,0.11799800904721763,0.1,0.0005,115.0,COMPLETE
30,30,0.5055298232738401,2021-04-22 11:00:09.003614,2021-04-22 11:03:07.191924,0 days 00:02:58.188310,256,0.02701642641846807,1.0,0.0005,75.0,COMPLETE
31,31,0.8214170046975768,2021-04-22 11:03:07.192827,2021-04-22 11:14:52.443567,0 days 00:11:45.250740,1024,0.050702937354792345,0.0001,0.0005,140.0,COMPLETE
32,32,0.8220161821248803,2021-04-22 11:14:52.444848,2021-04-22 11:25:43.374098,0 days 00:10:50.929250,1024,0.08130496072161641,0.0001,0.0005,140.0,COMPLETE
33,33,0.8227865994232263,2021-04-22 11:25:43.375382,2021-04-22 11:38:38.537802,0 days 00:12:55.162420,1024,0.1529368804095041,0.0001,0.0005,160.0,COMPLETE
34,34,0.8227124555003177,2021-04-22 11:38:38.539239,2021-04-22 11:52:34.769472,0 days 00:13:56.230233,1024,0.9315616702995329,0.0001,0.0005,160.0,COMPLETE
35,35,0.7912074591280424,2021-04-22 11:52:34.770804,2021-04-22 11:54:06.298315,0 days 00:01:31.527511,1024,0.7227415372633813,0.0001,0.05,165.0,COMPLETE
36,36,0.5127584385993429,2021-04-22 11:54:06.299184,2021-04-22 11:55:36.020829,0 days 00:01:29.721645,1024,0.5748526662386779,0.1,0.0005,120.0,COMPLETE
37,37,0.6319618071635971,2021-04-22 11:55:36.021708,2021-04-22 11:57:06.523391,0 days 00:01:30.501683,1024,0.16688929492319457,0.01,0.0005,160.0,COMPLETE
38,38,0.8164574499877305,2021-04-22 11:57:06.524734,2021-04-22 12:01:44.389573,0 days 00:04:37.864839,1024,0.45606660426777956,1e-05,0.01,100.0,COMPLETE
39,39,0.7685132568252497,2021-04-22 12:01:44.390692,2021-04-22 12:16:37.447412,0 days 00:14:53.056720,512,0.23968027855118715,0.0001,0.0001,160.0,COMPLETE
40,40,0.6855164972323874,2021-04-22 12:16:37.449000,2021-04-22 12:38:37.541891,0 days 00:22:00.092891,128,0.17241174467740852,1e-05,0.0001,190.0,COMPLETE
41,41,0.8218297707716431,2021-04-22 12:38:37.542941,2021-04-22 12:48:52.515787,0 days 00:10:14.972846,1024,0.034148263244361786,0.0001,0.0005,130.0,COMPLETE
42,42,0.821090954960706,2021-04-22 12:48:52.516735,2021-04-22 12:57:08.598358,0 days 00:08:16.081623,1024,0.009921438180842089,0.0001,0.0005,150.0,COMPLETE
43,43,0.8025328578060918,2021-04-22 12:57:08.599673,2021-04-22 13:30:10.919463,0 days 00:33:02.319790,256,0.34636315778252424,0.0001,0.0005,110.0,COMPLETE
44,44,0.8161427820664847,2021-04-22 13:30:10.920299,2021-04-22 13:49:45.580060,0 days 00:19:34.659761,512,0.07729141100651664,0.0001,0.0005,170.0,COMPLETE
45,45,0.8155154839547492,2021-04-22 13:49:45.580990,2021-04-22 13:54:51.850495,0 days 00:05:06.269505,1024,0.03554524807216126,0.001,0.0005,120.0,COMPLETE
46,46,0.810031471175168,2021-04-22 13:54:51.851433,2021-04-22 13:57:22.833073,0 days 00:02:30.981640,1024,0.17380439282664797,0.0001,0.005,155.0,COMPLETE
47,47,0.0,2021-04-22 13:57:22.833934,2021-04-22 13:57:33.554811,0 days 00:00:10.720877,128,0.02109410865317186,0.1,0.01,140.0,COMPLETE
48,48,0.6323398779879618,2021-04-22 13:57:33.556207,2021-04-22 13:59:04.276692,0 days 00:01:30.720485,1024,0.08747055588281502,0.01,0.0005,165.0,COMPLETE
49,49,0.7938268107870156,2021-04-22 13:59:04.278207,2021-04-22 14:00:33.883666,0 days 00:01:29.605459,2048,0.9457954698654552,0.0001,0.05,90.0,COMPLETE
50,50,0.5046383827108731,2021-04-22 14:00:33.884619,2021-04-22 14:02:12.998637,0 days 00:01:39.114018,512,0.2786279009429547,1.0,0.0005,105.0,COMPLETE
51,51,0.8218866785681762,2021-04-22 14:02:12.999954,2021-04-22 14:14:48.237694,0 days 00:12:35.237740,1024,0.09094680309634318,0.0001,0.0005,140.0,COMPLETE
52,52,0.8220848395538478,2021-04-22 14:14:48.238567,2021-04-22 14:23:30.568613,0 days 00:08:42.330046,1024,0.06072754182555809,0.0001,0.0005,130.0,COMPLETE
53,53,0.8219465455598765,2021-04-22 14:23:30.569563,2021-04-22 14:32:31.566869,0 days 00:09:00.997306,1024,0.042567421410953495,0.0001,0.0005,130.0,COMPLETE
54,54,0.821563543170764,2021-04-22 14:32:31.567931,2021-04-22 14:44:08.304214,0 days 00:11:36.736283,1024,0.05904869864787937,0.0001,0.0005,150.0,COMPLETE
55,55,0.8135132379089567,2021-04-22 14:44:08.305650,2021-04-22 14:46:36.284888,0 days 00:02:27.979238,2048,0.011032724348888915,0.0001,0.005,125.0,COMPLETE
56,56,0.8220611493318202,2021-04-22 14:46:36.286231,2021-04-22 15:00:02.986980,0 days 00:13:26.700749,1024,0.13501720414554488,0.0001,0.0005,190.0,COMPLETE
57,57,0.774449014007961,2021-04-22 15:00:02.987934,2021-04-22 15:32:29.740933,0 days 00:32:26.752999,1024,0.02098925095328934,0.0001,0.0001,115.0,COMPLETE
58,58,0.8081576265172431,2021-04-22 15:32:29.741855,2021-04-22 16:04:41.546753,0 days 00:32:11.804898,256,0.20558964588032855,0.0001,0.0005,155.0,COMPLETE
59,59,0.816244575048091,2021-04-22 16:04:41.547719,2021-04-22 16:08:44.032440,0 days 00:04:02.484721,2048,0.06553154804556058,0.001,0.0005,135.0,COMPLETE
60,60,0.8215378113732054,2021-04-22 16:08:44.033398,2021-04-22 16:18:48.221832,0 days 00:10:04.188434,1024,0.004508462186919855,1e-05,0.0005,145.0,COMPLETE
61,61,0.8219488908726333,2021-04-22 16:18:48.222712,2021-04-22 16:30:19.098233,0 days 00:11:30.875521,1024,0.10162056361698564,0.0001,0.0005,170.0,COMPLETE
62,62,0.8222917589369949,2021-04-22 16:30:19.099347,2021-04-22 16:43:53.890858,0 days 00:13:34.791511,1024,0.13484952439152478,0.0001,0.0005,180.0,COMPLETE
63,63,0.8221010683491703,2021-04-22 16:43:53.891851,2021-04-22 16:58:07.960672,0 days 00:14:14.068821,1024,0.14276887946104821,0.0001,0.0005,185.0,COMPLETE
64,64,0.8220912692992582,2021-04-22 16:58:07.961749,2021-04-22 17:10:49.684631,0 days 00:12:41.722882,1024,0.14748207956071321,0.0001,0.0005,185.0,COMPLETE
65,65,0.8225993127428782,2021-04-22 17:10:49.685503,2021-04-22 17:23:05.534515,0 days 00:12:15.849012,1024,0.42725168530873797,0.0001,0.0005,175.0,COMPLETE
66,66,0.812963850318049,2021-04-22 17:23:05.535440,2021-04-22 17:24:41.598060,0 days 00:01:36.062620,1024,0.4544511736472565,0.0001,0.01,170.0,COMPLETE
67,67,0.7943521493102279,2021-04-22 17:24:41.598933,2021-04-22 17:26:10.476602,0 days 00:01:28.877669,2048,0.7321838833826048,0.0001,0.05,175.0,COMPLETE
68,68,0.8231822536853092,2021-04-22 17:26:10.477553,2021-04-22 17:38:46.456649,0 days 00:12:35.979096,1024,0.2829368226082011,0.0001,0.0005,160.0,COMPLETE
69,69,0.5045225229790924,2021-04-22 17:38:46.457640,2021-04-22 17:41:09.335840,0 days 00:02:22.878200,1024,0.44332191891662537,1.0,0.001,160.0,COMPLETE
70,70,0.6728946199150774,2021-04-22 17:41:09.336741,2021-04-22 17:51:35.345971,0 days 00:10:26.009230,128,0.2827245080101843,0.0001,0.0005,30.0,COMPLETE
71,71,0.8230219573255401,2021-04-22 17:51:35.347015,2021-04-22 18:05:51.259443,0 days 00:14:15.912428,1024,0.20116322949904764,0.0001,0.0005,155.0,COMPLETE
72,72,0.8232300455202907,2021-04-22 18:05:51.260316,2021-04-22 18:18:40.033730,0 days 00:12:48.773414,1024,0.1972270503745251,0.0001,0.0005,155.0,COMPLETE
73,73,0.8236129697323111,2021-04-22 18:18:40.034844,2021-04-22 18:31:02.335035,0 days 00:12:22.300191,1024,0.2565677407069936,0.0001,0.0005,155.0,COMPLETE
74,74,0.8232419527885004,2021-04-22 18:31:02.335979,2021-04-22 18:44:10.015494,0 days 00:13:07.679515,1024,0.18984105983635288,0.0001,0.0005,155.0,COMPLETE
75,75,0.8233870892004002,2021-04-22 18:44:10.016423,2021-04-22 18:57:16.659186,0 days 00:13:06.642763,1024,0.1950580385874935,0.0001,0.0005,155.0,COMPLETE
76,76,0.8234572409652555,2021-04-22 18:57:16.660059,2021-04-22 19:10:41.536325,0 days 00:13:24.876266,1024,0.23060936001917454,0.0001,0.0005,155.0,COMPLETE
77,77,0.5091727847631586,2021-04-22 19:10:41.537335,2021-04-22 19:12:07.847999,0 days 00:01:26.310664,1024,0.20315756382104916,0.1,0.0005,155.0,COMPLETE
78,78,0.506990582741373,2021-04-22 19:12:07.848866,2021-04-22 19:13:34.113885,0 days 00:01:26.265019,1024,0.3382962965251367,0.01,0.005,145.0,COMPLETE
79,79,0.8226977107881496,2021-04-22 19:13:34.114812,2021-04-22 19:27:33.316992,0 days 00:13:59.202180,1024,0.20829316409428877,0.0001,0.0005,165.0,COMPLETE
80,80,0.8235709847891883,2021-04-22 19:27:33.317952,2021-04-22 19:39:20.792060,0 days 00:11:47.474108,1024,0.2509604309132475,0.0001,0.0005,150.0,COMPLETE
81,81,0.823554351010898,2021-04-22 19:39:20.792942,2021-04-22 19:52:46.892082,0 days 00:13:26.099140,1024,0.25858143160120384,0.0001,0.0005,155.0,COMPLETE
82,82,0.8237000410703993,2021-04-22 19:52:46.893184,2021-04-22 20:06:09.841711,0 days 00:13:22.948527,1024,0.27007791518434265,0.0001,0.0005,150.0,COMPLETE
83,83,0.8236562606173462,2021-04-22 20:06:09.842566,2021-04-22 20:19:42.364247,0 days 00:13:32.521681,1024,0.27531477895021267,0.0001,0.0005,150.0,COMPLETE
84,84,0.82273942531543,2021-04-22 20:19:42.365226,2021-04-22 20:33:15.610481,0 days 00:13:33.245255,1024,0.5531097289652288,0.0001,0.0005,145.0,COMPLETE
85,85,0.8236508446109471,2021-04-22 20:33:15.611377,2021-04-22 20:47:05.609261,0 days 00:13:49.997884,1024,0.24077133804601775,0.0001,0.0005,150.0,COMPLETE
86,86,0.8233359716350339,2021-04-22 20:47:05.610221,2021-04-22 20:59:58.621568,0 days 00:12:53.011347,1024,0.24344255057430575,0.0001,0.0005,150.0,COMPLETE
87,87,0.799414520993425,2021-04-22 20:59:58.622519,2021-04-22 21:31:36.905630,0 days 00:31:38.283111,1024,0.23956350230462542,0.0001,0.0001,150.0,COMPLETE
88,88,0.8174023611183706,2021-04-22 21:31:36.906934,2021-04-22 21:38:52.570094,0 days 00:07:15.663160,1024,0.3218012595405324,0.001,0.0005,135.0,COMPLETE
89,89,0.8072389764815215,2021-04-22 21:38:52.571015,2021-04-22 22:03:14.211198,0 days 00:24:21.640183,256,0.5601987880771101,1e-05,0.001,145.0,COMPLETE
90,90,0.817642596758582,2021-04-22 22:03:14.212319,2021-04-22 22:23:15.972861,0 days 00:20:01.760542,512,0.38302700639761617,0.0001,0.0005,165.0,COMPLETE
91,91,0.8235550135937916,2021-04-22 22:23:15.974218,2021-04-22 22:36:28.290107,0 days 00:13:12.315889,1024,0.29781307222400377,0.0001,0.0005,150.0,COMPLETE
92,92,0.8232228532278363,2021-04-22 22:36:28.291102,2021-04-22 22:49:32.682490,0 days 00:13:04.391388,1024,0.24099183386435047,0.0001,0.0005,150.0,COMPLETE
93,93,0.8231399060517436,2021-04-22 22:49:32.683367,2021-04-22 23:01:37.443140,0 days 00:12:04.759773,1024,0.3819476450230837,0.0001,0.0005,135.0,COMPLETE
94,94,0.8234783026427671,2021-04-22 23:01:37.444269,2021-04-22 23:15:16.309934,0 days 00:13:38.865665,1024,0.2876682322451084,0.0001,0.0005,150.0,COMPLETE
95,95,0.8230904673714655,2021-04-22 23:15:16.310831,2021-04-22 23:27:55.746569,0 days 00:12:39.435738,1024,0.2756798128786994,0.0001,0.0005,140.0,COMPLETE
96,96,0.8224591706937182,2021-04-22 23:27:55.747656,2021-04-22 23:41:35.688669,0 days 00:13:39.941013,1024,0.6876151809325535,0.0001,0.0005,165.0,COMPLETE
97,97,0.8117770490123511,2021-04-22 23:41:35.689805,2021-04-22 23:43:20.567978,0 days 00:01:44.878173,1024,0.35310375422290086,0.0001,0.01,145.0,COMPLETE
98,98,0.8230465626040204,2021-04-22 23:43:20.569126,2021-04-22 23:55:52.749825,0 days 00:12:32.180699,1024,0.29975778812241577,0.0001,0.0005,170.0,COMPLETE
99,99,0.7909236263023868,2021-04-22 23:55:52.750844,2021-04-22 23:57:19.024997,0 days 00:01:26.274153,1024,0.5039696259892548,0.0001,0.05,150.0,COMPLETE
