,number,value,datetime_start,datetime_complete,duration,params_alpha,params_batch_size,params_gamma,params_lambda,params_learning_rate,params_rank,state
0,0,0.50502689722576,2021-04-22 08:21:32.053186,2021-04-22 08:26:55.294576,0 days 00:05:23.241390,0.17158926557893375,128,0.42377861765327857,1.0,0.005,110.0,COMPLETE
1,1,0.8336862917961134,2021-04-22 08:26:55.295453,2021-04-22 08:42:50.145072,0 days 00:15:54.849619,0.19273258843744537,2048,0.19233731789406308,0.001,0.0001,125.0,COMPLETE
2,2,0.7873504308188306,2021-04-22 08:42:50.146582,2021-04-22 08:46:05.902967,0 days 00:03:15.756385,0.167215916628712,256,0.16936068404821691,1e-05,0.05,160.0,COMPLETE
3,3,0.8227548364552667,2021-04-22 08:46:05.904260,2021-04-22 08:51:03.979941,0 days 00:04:58.075681,0.15563157203321915,1024,0.43513606197516275,1e-05,0.05,130.0,COMPLETE
4,4,0.8293442297401323,2021-04-22 08:51:03.980967,2021-04-22 08:54:25.657434,0 days 00:03:21.676467,0.10409597543276142,256,0.3397608855293612,1e-05,0.005,200.0,COMPLETE
5,5,0.8338507007835528,2021-04-22 08:54:25.658754,2021-04-22 09:02:13.846128,0 days 00:07:48.187374,0.18893383874099973,256,0.2614023125532858,0.0001,0.0005,145.0,COMPLETE
6,6,0.5332455580596603,2021-04-22 09:02:13.847154,2021-04-22 09:03:56.373239,0 days 00:01:42.526085,0.0912306102929775,1024,0.2846485404854556,0.01,0.001,85.0,COMPLETE
7,7,0.48607851824134535,2021-04-22 09:03:56.374218,2021-04-22 09:06:52.729939,0 days 00:02:56.355721,0.07729840973619127,128,0.4513966392891729,1.0,0.01,5.0,COMPLETE
8,8,0.8331078697459124,2021-04-22 09:06:52.731117,2021-04-22 09:09:31.895529,0 days 00:02:39.164412,0.019856970791444415,256,0.48493472480562766,1e-05,0.0005,90.0,COMPLETE
9,9,0.5003058249387199,2021-04-22 09:09:31.896914,2021-04-22 09:11:52.275705,0 days 00:02:20.378791,0.15013747755755003,512,0.30430750368901843,0.01,0.005,135.0,COMPLETE
10,10,0.8334296722879875,2021-04-22 09:11:52.276769,2021-04-22 09:15:34.061573,0 days 00:03:41.784804,0.0128719016720312,2048,0.020014933287864356,0.0001,0.0005,35.0,COMPLETE
11,11,0.8331776601019166,2021-04-22 09:15:34.063053,2021-04-22 09:21:33.990824,0 days 00:05:59.927771,0.19760575477233885,2048,0.15130130695256666,0.001,0.0001,180.0,COMPLETE
12,12,0.5634281017742909,2021-04-22 09:21:33.991700,2021-04-22 09:23:25.631669,0 days 00:01:51.639969,0.19824475445179002,2048,0.1689829978244461,0.1,0.0001,155.0,COMPLETE
13,13,0.833749481955015,2021-04-22 09:23:25.632704,2021-04-22 09:28:08.209710,0 days 00:04:42.577006,0.12217536489792524,256,0.06845689650344036,0.0001,0.0005,60.0,COMPLETE
14,14,0.8337636191927313,2021-04-22 09:28:08.210976,2021-04-22 09:32:50.252218,0 days 00:04:42.041242,0.12109596639135384,256,0.015186237124460045,0.0001,0.0005,55.0,COMPLETE
15,15,0.8336742730294282,2021-04-22 09:32:50.253185,2021-04-22 09:37:35.203357,0 days 00:04:44.950172,0.05122679174990705,256,0.35772192497993094,0.0001,0.0005,50.0,COMPLETE
16,16,0.8339610906820842,2021-04-22 09:37:35.204279,2021-04-22 09:42:17.901432,0 days 00:04:42.697153,0.1312159314218423,256,0.23246999444160266,0.0001,0.0005,25.0,COMPLETE
17,17,0.8339924512302593,2021-04-22 09:42:17.902314,2021-04-22 09:46:23.027250,0 days 00:04:05.124936,0.13844630108747752,512,0.25312252296721727,0.0001,0.0005,20.0,COMPLETE
18,18,0.515757384895177,2021-04-22 09:46:23.028171,2021-04-22 09:48:13.388132,0 days 00:01:50.359961,0.13373638667028745,512,0.2238138609754846,0.1,0.001,10.0,COMPLETE
19,19,0.834145991038742,2021-04-22 09:48:13.389281,2021-04-22 09:53:02.575018,0 days 00:04:49.185737,0.06728598978231877,512,0.10078203074215328,0.0001,0.01,25.0,COMPLETE
20,20,0.8346228892415875,2021-04-22 09:53:02.576255,2021-04-22 09:57:09.731879,0 days 00:04:07.155624,0.05816458227382357,512,0.11252084286140543,0.0001,0.01,25.0,COMPLETE
21,21,0.8346175424411385,2021-04-22 09:57:09.733133,2021-04-22 10:01:16.578596,0 days 00:04:06.845463,0.05406955367753634,512,0.09709612336988298,0.0001,0.01,25.0,COMPLETE
22,22,0.8345077151613505,2021-04-22 10:01:16.579929,2021-04-22 10:07:01.688287,0 days 00:05:45.108358,0.04799405553927521,512,0.10151317078167489,0.0001,0.01,40.0,COMPLETE
23,23,0.8334795121064583,2021-04-22 10:07:01.689128,2021-04-22 10:10:42.878121,0 days 00:03:41.188993,0.035316039801291554,512,0.08109199559129263,0.0001,0.01,70.0,COMPLETE
24,24,0.8345998334074367,2021-04-22 10:10:42.879343,2021-04-22 10:16:10.193005,0 days 00:05:27.313662,0.05168898122841949,512,0.11456048784623574,0.0001,0.01,40.0,COMPLETE
25,25,0.8339410312092589,2021-04-22 10:16:10.194084,2021-04-22 10:19:08.370146,0 days 00:02:58.176062,0.0011358625198043676,512,0.1299146169079809,0.0001,0.01,10.0,COMPLETE
26,26,0.8338031627037221,2021-04-22 10:19:08.371891,2021-04-22 10:23:43.412213,0 days 00:04:35.040322,0.062369961602850556,512,0.05808433252539865,0.0001,0.01,75.0,COMPLETE
27,27,0.5100716739369141,2021-04-22 10:23:43.413266,2021-04-22 10:26:14.711606,0 days 00:02:31.298340,0.03251545865124862,512,0.0010497565547720883,0.1,0.01,40.0,COMPLETE
28,28,0.5042313773913655,2021-04-22 10:26:14.712483,2021-04-22 10:29:50.297059,0 days 00:03:35.584576,0.08788864330780653,512,0.03834033190116369,0.01,0.01,5.0,COMPLETE
29,29,0.509148169231945,2021-04-22 10:29:50.298671,2021-04-22 10:39:05.284339,0 days 00:09:14.985668,0.04891698213535798,128,0.125412104364543,1.0,0.01,105.0,COMPLETE
30,30,0.8237399972539079,2021-04-22 10:39:05.285629,2021-04-22 10:41:22.454755,0 days 00:02:17.169126,0.03343918628277605,512,0.19775479906987692,0.001,0.01,20.0,COMPLETE
31,31,0.8342553569455287,2021-04-22 10:41:22.455680,2021-04-22 10:46:22.229399,0 days 00:04:59.773719,0.0506121826146509,512,0.10244658224413773,0.0001,0.01,45.0,COMPLETE
32,32,0.8343106166151737,2021-04-22 10:46:22.230589,2021-04-22 10:53:10.856893,0 days 00:06:48.626304,0.06745838255562085,512,0.12191122396594621,0.0001,0.01,35.0,COMPLETE
33,33,0.8340301287437779,2021-04-22 10:53:10.857843,2021-04-22 10:56:49.599030,0 days 00:03:38.741187,0.021289437179631096,512,0.04396060716755304,0.0001,0.01,65.0,COMPLETE
34,34,0.8173869551049006,2021-04-22 10:56:49.600159,2021-04-22 11:01:29.701979,0 days 00:04:40.101820,0.04265737478665927,1024,0.08630998780803689,0.0001,0.05,30.0,COMPLETE
35,35,0.5035837737412038,2021-04-22 11:01:29.703065,2021-04-22 11:04:26.816522,0 days 00:02:57.113457,0.0783588550575037,512,0.1926365093965608,1.0,0.01,50.0,COMPLETE
36,36,0.8348888477082157,2021-04-22 11:04:26.817479,2021-04-22 11:08:18.624386,0 days 00:03:51.806907,0.002573994453119177,512,0.15673925111711168,0.0001,0.005,15.0,COMPLETE
37,37,0.8309340531784263,2021-04-22 11:08:18.625486,2021-04-22 11:17:22.740728,0 days 00:09:04.115242,0.00044865288447805364,128,0.1546000999200599,0.001,0.005,10.0,COMPLETE
38,38,0.8343427820029178,2021-04-22 11:17:22.741779,2021-04-22 11:21:02.132865,0 days 00:03:39.391086,0.09426829755928795,512,0.14445515944506465,1e-05,0.005,20.0,COMPLETE
39,39,0.8352819490396911,2021-04-22 11:21:02.134121,2021-04-22 11:27:47.316509,0 days 00:06:45.182388,0.01331282802878074,1024,0.17921209022761697,0.0001,0.005,15.0,COMPLETE
40,40,0.8323896670554025,2021-04-22 11:27:47.317389,2021-04-22 11:31:37.894871,0 days 00:03:50.577482,0.00904763022423136,1024,0.18537985611231142,0.0001,0.005,115.0,COMPLETE
41,41,0.8368028407884,2021-04-22 11:31:37.896375,2021-04-22 11:40:57.866212,0 days 00:09:19.969837,0.017884334424428425,1024,0.21340557803187338,0.0001,0.005,5.0,COMPLETE
42,42,0.8332515925621997,2021-04-22 11:40:57.867142,2021-04-22 11:46:50.244539,0 days 00:05:52.377397,0.022704005466587195,1024,0.21636795896349975,0.0001,0.005,5.0,COMPLETE
43,43,0.8331745727475827,2021-04-22 11:46:50.245719,2021-04-22 11:52:57.844523,0 days 00:06:07.598804,0.009817802377330926,1024,0.16994491929387306,0.0001,0.005,20.0,COMPLETE
44,44,0.5181506689098554,2021-04-22 11:52:57.845992,2021-04-22 11:54:38.207517,0 days 00:01:40.361525,0.001708762414667693,1024,0.26901850227937363,0.01,0.005,5.0,COMPLETE
45,45,0.8349305532643545,2021-04-22 11:54:38.208763,2021-04-22 11:58:24.745775,0 days 00:03:46.537012,0.02682350409334537,1024,0.16484246126851437,1e-05,0.005,15.0,COMPLETE
46,46,0.8349319463545002,2021-04-22 11:58:24.746815,2021-04-22 12:02:11.889625,0 days 00:03:47.142810,0.027393582520790334,1024,0.23464660723080577,1e-05,0.005,15.0,COMPLETE
47,47,0.8349284860569901,2021-04-22 12:02:11.890536,2021-04-22 12:05:59.335330,0 days 00:03:47.444794,0.02485039463496562,1024,0.30297946774138296,1e-05,0.005,15.0,COMPLETE
48,48,0.8336711305666523,2021-04-22 12:05:59.336406,2021-04-22 12:09:21.853428,0 days 00:03:22.517022,0.022289669724805797,1024,0.3112581439920605,1e-05,0.005,85.0,COMPLETE
49,49,0.8319036592989636,2021-04-22 12:09:21.854352,2021-04-22 12:12:05.021927,0 days 00:02:43.167575,0.014732703302963585,1024,0.37386722838231845,1e-05,0.005,190.0,COMPLETE
50,50,0.8351104131209725,2021-04-22 12:12:05.022872,2021-04-22 12:18:35.779476,0 days 00:06:30.756604,0.02920251068591712,1024,0.29949773948133107,1e-05,0.005,5.0,COMPLETE
51,51,0.8351149320132023,2021-04-22 12:18:35.780509,2021-04-22 12:25:07.148819,0 days 00:06:31.368310,0.028417326815272266,1024,0.2956634786122064,1e-05,0.005,5.0,COMPLETE
52,52,0.8351086586219756,2021-04-22 12:25:07.150429,2021-04-22 12:31:40.825086,0 days 00:06:33.674657,0.031264055007191524,1024,0.2822583750577074,1e-05,0.005,5.0,COMPLETE
53,53,0.834981451677545,2021-04-22 12:31:40.826324,2021-04-22 12:38:23.343518,0 days 00:06:42.517194,0.03903690856406282,1024,0.3251477685279141,1e-05,0.005,5.0,COMPLETE
54,54,0.8349567887274395,2021-04-22 12:38:23.344582,2021-04-22 12:45:08.118609,0 days 00:06:44.774027,0.039923052774589636,1024,0.338835478060468,1e-05,0.005,5.0,COMPLETE
55,55,0.8333899852387296,2021-04-22 12:45:08.120014,2021-04-22 12:51:13.015907,0 days 00:06:04.895893,0.014769121579729509,1024,0.39043745467975904,1e-05,0.001,5.0,COMPLETE
56,56,0.8336532190414666,2021-04-22 12:51:13.017230,2021-04-22 13:02:20.454668,0 days 00:11:07.437438,0.0393546099995045,1024,0.2904255558731175,1e-05,0.0001,30.0,COMPLETE
57,57,0.8326330643822647,2021-04-22 13:02:20.456211,2021-04-22 13:06:07.885201,0 days 00:03:47.428990,0.18318298341695488,1024,0.32910766423889437,1e-05,0.005,30.0,COMPLETE
58,58,0.8352849095164497,2021-04-22 13:06:07.886399,2021-04-22 13:11:47.493948,0 days 00:05:39.607549,0.009262782726904503,1024,0.27767566840321845,1e-05,0.005,5.0,COMPLETE
59,59,0.827002336269846,2021-04-22 13:11:47.494965,2021-04-22 13:15:10.077336,0 days 00:03:22.582371,0.007541758317796632,2048,0.27328623151934806,1e-05,0.05,170.0,COMPLETE
60,60,0.8350741504846579,2021-04-22 13:15:10.078453,2021-04-22 13:18:57.863901,0 days 00:03:47.785448,0.017001960847790074,1024,0.24270851516941871,1e-05,0.005,10.0,COMPLETE
61,61,0.8350748668944018,2021-04-22 13:18:57.864827,2021-04-22 13:22:47.305967,0 days 00:03:49.441140,0.0153981048267142,1024,0.24585056641568329,1e-05,0.005,10.0,COMPLETE
62,62,0.8349251026549802,2021-04-22 13:22:47.307148,2021-04-22 13:26:38.108010,0 days 00:03:50.800862,0.030240973047202673,1024,0.2585407197583668,1e-05,0.005,15.0,COMPLETE
63,63,0.835286261595662,2021-04-22 13:26:38.109250,2021-04-22 13:32:18.213700,0 days 00:05:40.104450,0.005700550552462847,1024,0.20929372694477757,1e-05,0.005,5.0,COMPLETE
64,64,0.8349449134990214,2021-04-22 13:32:18.214614,2021-04-22 13:36:06.757803,0 days 00:03:48.543189,0.008261918996131892,1024,0.28750089427156217,1e-05,0.005,25.0,COMPLETE
65,65,0.5035257612126507,2021-04-22 13:36:06.758764,2021-04-22 13:37:47.632667,0 days 00:01:40.873903,0.006769833284377646,1024,0.20786550936138062,0.1,0.005,5.0,COMPLETE
66,66,0.8348022069849289,2021-04-22 13:37:47.633571,2021-04-22 13:41:23.726697,0 days 00:03:36.093126,0.01918762986356941,1024,0.2228942345992386,1e-05,0.005,35.0,COMPLETE
67,67,0.5037676372902001,2021-04-22 13:41:23.728184,2021-04-22 13:43:43.904094,0 days 00:02:20.175910,0.1089558245889702,1024,0.2793022691514929,1.0,0.001,20.0,COMPLETE
68,68,0.833888321907038,2021-04-22 13:43:43.904986,2021-04-22 13:47:35.355755,0 days 00:03:51.450769,0.044179160296619835,1024,0.2628498000201477,1e-05,0.0001,140.0,COMPLETE
69,69,0.8311889963646473,2021-04-22 13:47:35.356902,2021-04-22 13:53:16.268312,0 days 00:05:40.911410,0.03275336002034492,1024,0.17593000502407788,0.001,0.005,5.0,COMPLETE
70,70,0.5107608344785808,2021-04-22 13:53:16.269218,2021-04-22 13:55:05.607961,0 days 00:01:49.338743,0.0025284186256615865,2048,0.35865454241305195,0.01,0.005,25.0,COMPLETE
71,71,0.835075989568705,2021-04-22 13:55:05.608897,2021-04-22 13:58:54.059073,0 days 00:03:48.450176,0.014638968681999522,1024,0.2446838776331528,1e-05,0.005,10.0,COMPLETE
72,72,0.8350346672084757,2021-04-22 13:58:54.060515,2021-04-22 14:02:42.499050,0 days 00:03:48.438535,0.027789341900173046,1024,0.2047955002524455,1e-05,0.005,10.0,COMPLETE
73,73,0.8348827063209311,2021-04-22 14:02:42.500010,2021-04-22 14:06:29.836043,0 days 00:03:47.336033,0.012445053815925828,1024,0.3061829468056671,1e-05,0.005,15.0,COMPLETE
74,74,0.8336992935436098,2021-04-22 14:06:29.837568,2021-04-22 14:10:23.998852,0 days 00:03:54.161284,0.019824676951225906,128,0.23494559797791198,1e-05,0.005,30.0,COMPLETE
75,75,0.8153965868507095,2021-04-22 14:10:23.999757,2021-04-22 14:14:17.678584,0 days 00:03:53.678827,0.00042531554375434266,256,0.29653480639941365,1e-05,0.05,20.0,COMPLETE
76,76,0.8349892937369764,2021-04-22 14:14:17.679841,2021-04-22 14:18:04.002933,0 days 00:03:46.323092,0.03669021744221309,1024,0.2141735151654131,1e-05,0.005,10.0,COMPLETE
77,77,0.5087223245148822,2021-04-22 14:18:04.004294,2021-04-22 14:19:45.497119,0 days 00:01:41.492825,0.006303802181146568,1024,0.3176803853176045,0.1,0.005,45.0,COMPLETE
78,78,0.8346338468503696,2021-04-22 14:19:45.498049,2021-04-22 14:26:14.816226,0 days 00:06:29.318177,0.059878571932556315,1024,0.252928129441119,1e-05,0.005,5.0,COMPLETE
79,79,0.8336020143278667,2021-04-22 14:26:14.817908,2021-04-22 14:32:22.712482,0 days 00:06:07.894574,0.031072037531247553,1024,0.27822900115286003,1e-05,0.0005,15.0,COMPLETE
80,80,0.4993977403447293,2021-04-22 14:32:22.713386,2021-04-22 14:34:02.558517,0 days 00:01:39.845131,0.04394293258170076,1024,0.19030308633570756,1.0,0.005,35.0,COMPLETE
81,81,0.8350742235353832,2021-04-22 14:34:02.559579,2021-04-22 14:37:50.280169,0 days 00:03:47.720590,0.016401408624047605,1024,0.24495397642216996,1e-05,0.005,10.0,COMPLETE
82,82,0.8353076667397413,2021-04-22 14:37:50.281214,2021-04-22 14:41:37.691320,0 days 00:03:47.410106,0.012418057282117808,1024,0.23401165856904638,1e-05,0.005,20.0,COMPLETE
83,83,0.8348766315764133,2021-04-22 14:41:37.693184,2021-04-22 14:45:27.080945,0 days 00:03:49.387761,0.02407650989520798,1024,0.22717677052521748,1e-05,0.005,25.0,COMPLETE
84,84,0.8352749861521457,2021-04-22 14:45:27.081910,2021-04-22 14:49:15.179740,0 days 00:03:48.097830,0.01132192269355934,1024,0.2594765745327139,1e-05,0.005,20.0,COMPLETE
85,85,0.8352522930084376,2021-04-22 14:49:15.180669,2021-04-22 14:53:04.622686,0 days 00:03:49.442017,0.011017842814286402,1024,0.26480903572021414,1e-05,0.005,20.0,COMPLETE
86,86,0.8308755062261466,2021-04-22 14:53:04.623772,2021-04-22 14:55:51.951489,0 days 00:02:47.327717,0.0035750002532611612,1024,0.26969860072896024,0.001,0.005,55.0,COMPLETE
87,87,0.8332927021782116,2021-04-22 14:55:51.952458,2021-04-22 14:59:07.654648,0 days 00:03:15.702190,0.01119420164299013,128,0.13905379683519425,1e-05,0.005,40.0,COMPLETE
88,88,0.5088170174786343,2021-04-22 14:59:07.656079,2021-04-22 15:01:01.567585,0 days 00:01:53.911506,0.02239625494515796,1024,0.18117763600283926,0.01,0.005,20.0,COMPLETE
89,89,0.8330736333060289,2021-04-22 15:01:01.568797,2021-04-22 15:03:38.476914,0 days 00:02:36.908117,0.011479730745501742,256,0.20110234066298785,1e-05,0.001,30.0,COMPLETE
90,90,0.8333040340117615,2021-04-22 15:03:38.478589,2021-04-22 15:15:12.689212,0 days 00:11:34.210623,0.0052701117209716245,1024,0.25943741675080734,0.0001,0.0001,20.0,COMPLETE
91,91,0.834925161608197,2021-04-22 15:15:12.690194,2021-04-22 15:18:57.329521,0 days 00:03:44.639327,0.019313163386230136,1024,0.29818468663912134,1e-05,0.005,15.0,COMPLETE
92,92,0.8352060031988938,2021-04-22 15:18:57.330572,2021-04-22 15:24:29.970877,0 days 00:05:32.640305,0.0007193522617612406,1024,0.2858294607492557,1e-05,0.005,5.0,COMPLETE
93,93,0.8350002308402916,2021-04-22 15:24:29.971835,2021-04-22 15:28:11.816385,0 days 00:03:41.844550,0.010094419953621021,1024,0.23265224038887738,1e-05,0.005,25.0,COMPLETE
94,94,0.83485158671199,2021-04-22 15:28:11.818056,2021-04-22 15:31:41.316619,0 days 00:03:29.498563,7.283266653283077e-05,1024,0.31899460634159527,1e-05,0.005,15.0,COMPLETE
95,95,0.8350326640806949,2021-04-22 15:31:41.317710,2021-04-22 15:35:24.477255,0 days 00:03:43.159545,0.0006713217923097732,1024,0.2923858367288803,1e-05,0.005,10.0,COMPLETE
96,96,0.8332439888788191,2021-04-22 15:35:24.478272,2021-04-22 15:38:46.425752,0 days 00:03:21.947480,0.02664138282622443,2048,0.33902988518613697,1e-05,0.005,125.0,COMPLETE
97,97,0.833114676279274,2021-04-22 15:38:46.426834,2021-04-22 15:42:26.840205,0 days 00:03:40.413371,0.016984871838223,1024,0.21654857358622345,0.0001,0.005,35.0,COMPLETE
98,98,0.835275462904247,2021-04-22 15:42:26.841198,2021-04-22 15:47:58.429371,0 days 00:05:31.588173,0.005457711331977615,1024,0.26668514612696,1e-05,0.005,5.0,COMPLETE
99,99,0.8254744675360834,2021-04-22 15:47:58.430351,2021-04-22 15:51:03.963011,0 days 00:03:05.532660,0.005442604494071825,1024,0.26273413431426673,1e-05,0.05,95.0,COMPLETE
