,number,value,datetime_start,datetime_complete,duration,params_alpha,params_batch_size,params_lambda,params_learning_rate,params_rank,state
0,0,0.5029596719190941,2021-05-09 01:02:08.927940,2021-05-09 01:25:56.538274,0 days 00:23:47.610334,0.7721524764043048,128,1.0,0.005,110.0,COMPLETE
1,1,0.49679311032927415,2021-05-09 01:25:56.539088,2021-05-09 01:36:20.150374,0 days 00:10:23.611286,0.26778817054395965,512,0.01,0.01,170.0,COMPLETE
2,2,0.6896232526497216,2021-05-09 01:36:20.151331,2021-05-09 01:52:33.839158,0 days 00:16:13.687827,0.7125546170240173,512,0.1,0.0005,15.0,COMPLETE
3,3,0.3407261222606055,2021-05-09 01:52:33.840095,2021-05-09 02:04:10.074618,0 days 00:11:36.234523,0.7524725263960044,256,1e-05,0.05,110.0,COMPLETE
4,4,0.6652205271697127,2021-05-09 02:04:10.075662,2021-05-09 02:24:51.571726,0 days 00:20:41.496064,0.7493595347946888,1024,0.1,0.0001,70.0,COMPLETE
5,5,0.7100775774607847,2021-05-09 02:24:51.572719,2021-05-09 02:36:40.246964,0 days 00:11:48.674245,0.7192447162094091,512,1e-05,0.005,160.0,COMPLETE
6,6,0.7074093407691351,2021-05-09 02:36:40.248072,2021-05-09 02:46:21.169415,0 days 00:09:40.921343,0.5238219926696757,1024,0.01,0.0001,95.0,COMPLETE
7,7,0.6846743095189063,2021-05-09 02:46:21.170404,2021-05-09 02:53:43.748293,0 days 00:07:22.577889,0.42624564140779825,512,1e-05,0.01,110.0,COMPLETE
8,8,0.7921550180270734,2021-05-09 02:53:43.749342,2021-05-09 02:58:00.188108,0 days 00:04:16.438766,0.1217050038831728,2048,0.001,0.001,40.0,COMPLETE
9,9,0.48644676310237295,2021-05-09 02:58:00.188970,2021-05-09 03:19:58.642847,0 days 00:21:58.453877,0.3478462181234645,128,1.0,0.01,65.0,COMPLETE
10,10,0.7887568648970462,2021-05-09 03:19:58.643990,2021-05-09 03:34:36.312632,0 days 00:14:37.668642,0.030550113238904303,2048,0.001,0.001,5.0,COMPLETE
11,11,0.7888172278647229,2021-05-09 03:34:36.313556,2021-05-09 03:48:47.192635,0 days 00:14:10.879079,0.021983171685461076,2048,0.001,0.001,5.0,COMPLETE
12,12,0.7982726151255335,2021-05-09 03:48:47.193788,2021-05-09 03:56:36.539740,0 days 00:07:49.345952,0.011674183014075981,2048,0.001,0.001,25.0,COMPLETE
13,13,0.7924570738046908,2021-05-09 03:56:36.540814,2021-05-09 04:05:09.715114,0 days 00:08:33.174300,0.17219760948338747,2048,0.001,0.001,45.0,COMPLETE
14,14,0.8122482864247884,2021-05-09 04:05:09.716034,2021-05-09 04:12:16.009850,0 days 00:07:06.293816,0.22373232718765862,2048,0.0001,0.001,35.0,COMPLETE
15,15,0.8120578829134979,2021-05-09 04:12:16.011223,2021-05-09 04:19:33.125665,0 days 00:07:17.114442,0.18173941929741239,2048,0.0001,0.001,35.0,COMPLETE
16,16,0.7596535982285574,2021-05-09 04:19:33.126625,2021-05-09 04:22:15.447967,0 days 00:02:42.321342,0.1992308732301856,2048,0.0001,0.001,70.0,COMPLETE
17,17,0.757426983929025,2021-05-09 04:22:15.449295,2021-05-09 04:34:02.597272,0 days 00:11:47.147977,0.539347517759426,256,0.0001,0.0005,140.0,COMPLETE
18,18,0.4409247500019634,2021-05-09 04:34:02.598156,2021-05-09 04:39:19.620926,0 days 00:05:17.022770,0.31293077962680366,2048,0.0001,0.05,200.0,COMPLETE
19,19,0.8116342656027583,2021-05-09 04:39:19.621934,2021-05-09 04:46:16.496321,0 days 00:06:56.874387,0.11934203921415976,2048,0.0001,0.001,40.0,COMPLETE
20,20,0.738239279234485,2021-05-09 04:46:16.497426,2021-05-09 04:50:20.377219,0 days 00:04:03.879793,0.40995757424357604,1024,0.0001,0.001,55.0,COMPLETE
21,21,0.8113480887459376,2021-05-09 04:50:20.378608,2021-05-09 04:57:56.583204,0 days 00:07:36.204596,0.10660510269155393,2048,0.0001,0.001,30.0,COMPLETE
22,22,0.7587649310299652,2021-05-09 04:57:56.584057,2021-05-09 05:00:46.250573,0 days 00:02:49.666516,0.21281380790036236,2048,0.0001,0.001,80.0,COMPLETE
23,23,0.8113038956203665,2021-05-09 05:00:46.251673,2021-05-09 05:08:34.655150,0 days 00:07:48.403477,0.09899203623634187,2048,0.0001,0.001,30.0,COMPLETE
24,24,0.8103074709125341,2021-05-09 05:08:34.655987,2021-05-09 05:15:31.877400,0 days 00:06:57.221413,0.2855452017444714,2048,0.0001,0.001,45.0,COMPLETE
25,25,0.8098306329444971,2021-05-09 05:15:31.878267,2021-05-09 05:32:03.898076,0 days 00:16:32.019809,0.2246729292480185,256,0.0001,0.001,5.0,COMPLETE
26,26,0.7509420557443983,2021-05-09 05:32:03.898963,2021-05-09 06:18:20.199249,0 days 00:46:16.300286,0.07860255369733103,128,0.0001,0.0001,20.0,COMPLETE
27,27,0.6596028623211906,2021-05-09 06:18:20.200102,2021-05-09 06:23:01.192464,0 days 00:04:40.992362,0.1574041012787831,2048,0.0001,0.005,95.0,COMPLETE
28,28,0.5080885671811276,2021-05-09 06:23:01.193646,2021-05-09 06:25:46.427850,0 days 00:02:45.234204,0.38248620701890346,2048,1.0,0.0005,55.0,COMPLETE
29,29,0.7555261322898292,2021-05-09 06:25:46.429133,2021-05-09 06:50:45.005220,0 days 00:24:58.576087,0.504730622374673,128,0.0001,0.05,125.0,COMPLETE
30,30,0.5037018314026992,2021-05-09 06:50:45.006388,2021-05-09 06:53:26.836135,0 days 00:02:41.829747,0.637958961460567,2048,0.1,0.005,80.0,COMPLETE
31,31,0.812150293362485,2021-05-09 06:53:26.837192,2021-05-09 07:00:42.161259,0 days 00:07:15.324067,0.094461396649175,2048,0.0001,0.001,35.0,COMPLETE
32,32,0.635025416167162,2021-05-09 07:00:42.162133,2021-05-09 07:06:32.679837,0 days 00:05:50.517704,0.23952155652605317,2048,0.01,0.001,35.0,COMPLETE
33,33,0.8044462972386743,2021-05-09 07:06:32.681094,2021-05-09 07:15:06.237874,0 days 00:08:33.556780,0.052937861196280654,2048,0.0001,0.001,15.0,COMPLETE
34,34,0.736318041316588,2021-05-09 07:15:06.239063,2021-05-09 07:17:46.591339,0 days 00:02:40.352276,0.8704596310803272,2048,0.0001,0.001,55.0,COMPLETE
35,35,0.8093774031766208,2021-05-09 07:17:46.592721,2021-05-09 07:25:17.898004,0 days 00:07:31.305283,0.15427120808355466,2048,0.0001,0.001,20.0,COMPLETE
36,36,0.5012538810953192,2021-05-09 07:25:17.898975,2021-05-09 07:35:26.263020,0 days 00:10:08.364045,0.2684763264049536,512,0.1,0.01,45.0,COMPLETE
37,37,0.5030235989932061,2021-05-09 07:35:26.264014,2021-05-09 07:40:34.800504,0 days 00:05:08.536490,0.32425222033823986,1024,1.0,0.001,60.0,COMPLETE
38,38,0.5066218547202856,2021-05-09 07:40:34.801502,2021-05-09 07:53:56.941808,0 days 00:13:22.140306,0.002521442681512026,256,0.01,0.0005,80.0,COMPLETE
39,39,0.7822387101667724,2021-05-09 07:53:56.942811,2021-05-09 08:13:10.208800,0 days 00:19:13.265989,0.14224621626081113,512,1e-05,0.0001,35.0,COMPLETE
40,40,0.5715676596432094,2021-05-09 08:13:10.210172,2021-05-09 08:17:42.560718,0 days 00:04:32.350546,0.06289481664483107,2048,0.0001,0.05,10.0,COMPLETE
41,41,0.8113116325892809,2021-05-09 08:17:42.561573,2021-05-09 08:25:11.878294,0 days 00:07:29.316721,0.10849140843642308,2048,0.0001,0.001,30.0,COMPLETE
42,42,0.8110529920110907,2021-05-09 08:25:11.879316,2021-05-09 08:32:38.202084,0 days 00:07:26.322768,0.18808763780614834,2048,0.0001,0.001,45.0,COMPLETE
43,43,0.8044887884105071,2021-05-09 08:32:38.203026,2021-05-09 08:41:17.704275,0 days 00:08:39.501249,0.10859866907803789,2048,0.0001,0.001,15.0,COMPLETE
44,44,0.8094868959609829,2021-05-09 08:41:17.705530,2021-05-09 08:48:45.739180,0 days 00:07:28.033650,0.2531245600593526,2048,0.0001,0.001,25.0,COMPLETE
45,45,0.745438874198203,2021-05-09 08:48:45.740041,2021-05-09 08:51:25.708226,0 days 00:02:39.968185,0.06103240688914752,2048,1e-05,0.001,40.0,COMPLETE
46,46,0.8203991697192984,2021-05-09 08:51:25.709243,2021-05-09 09:16:25.371904,0 days 00:24:59.662661,0.13415767893490227,128,0.0001,0.01,65.0,COMPLETE
47,47,0.8281602351201927,2021-05-09 09:16:25.372812,2021-05-09 09:41:34.653534,0 days 00:25:09.280722,0.17475321488443957,128,0.0001,0.01,70.0,COMPLETE
48,48,0.4986594064122604,2021-05-09 09:41:34.654594,2021-05-09 10:03:34.190103,0 days 00:21:59.535509,0.18754167665813232,128,0.1,0.01,70.0,COMPLETE
49,49,0.5029407658787721,2021-05-09 10:03:34.191095,2021-05-09 10:49:57.007575,0 days 00:46:22.816480,0.2923048304969205,128,0.01,0.01,90.0,COMPLETE
50,50,0.498124339326678,2021-05-09 10:49:57.009004,2021-05-09 11:14:58.551598,0 days 00:25:01.542594,0.3615333644735146,128,1.0,0.01,105.0,COMPLETE
51,51,0.8225488090599221,2021-05-09 11:14:58.552808,2021-05-09 11:40:01.010877,0 days 00:25:02.458069,0.14621562809735128,128,0.0001,0.01,65.0,COMPLETE
52,52,0.8249937912009935,2021-05-09 11:40:01.012167,2021-05-09 12:05:04.257575,0 days 00:25:03.245408,0.16207306774585337,128,0.0001,0.01,70.0,COMPLETE
53,53,0.8258948321671635,2021-05-09 12:05:04.258820,2021-05-09 12:29:59.084423,0 days 00:24:54.825603,0.03724753735596686,128,0.0001,0.01,65.0,COMPLETE
54,54,0.8269085160700215,2021-05-09 12:29:59.085657,2021-05-09 13:01:19.360763,0 days 00:31:20.275106,0.14663164689788544,128,0.0001,0.01,70.0,COMPLETE
55,55,0.8231763404213418,2021-05-09 13:01:19.361661,2021-05-09 13:32:30.369514,0 days 00:31:11.007853,0.1436783965733635,128,0.0001,0.01,70.0,COMPLETE
56,56,0.7903076318291842,2021-05-09 13:32:30.370915,2021-05-09 14:09:45.092406,0 days 00:37:14.721491,0.03129768280982185,128,0.001,0.01,85.0,COMPLETE
57,57,0.82325432783767,2021-05-09 14:09:45.093396,2021-05-09 14:49:57.513307,0 days 00:40:12.419911,0.0035919576457241753,128,0.0001,0.01,70.0,COMPLETE
58,58,0.8286048910397938,2021-05-09 14:49:57.514747,2021-05-09 15:17:55.826646,0 days 00:27:58.311899,0.028771435854591347,128,0.0001,0.01,75.0,COMPLETE
59,59,0.8114286098689981,2021-05-09 15:17:55.827650,2021-05-09 16:29:11.159910,0 days 01:11:15.332260,0.011145636266023783,128,0.0001,0.01,120.0,COMPLETE
60,60,0.6490852495914132,2021-05-09 16:29:11.160854,2021-05-09 17:24:44.693202,0 days 00:55:33.532348,0.032998409226853403,128,1e-05,0.01,95.0,COMPLETE
61,61,0.8065228666302093,2021-05-09 17:24:44.694155,2021-05-09 18:08:02.650663,0 days 00:43:17.956508,0.06794891442764617,128,0.0001,0.01,75.0,COMPLETE
62,62,0.8288021113371793,2021-05-09 18:08:02.652175,2021-05-09 18:36:14.786507,0 days 00:28:12.134332,0.04043192106071178,128,0.0001,0.01,75.0,COMPLETE
63,63,0.8259602689562633,2021-05-09 18:36:14.787690,2021-05-09 19:07:27.522848,0 days 00:31:12.735158,0.0030446268144926026,128,0.0001,0.01,60.0,COMPLETE
64,64,0.8206646732208837,2021-05-09 19:07:27.523760,2021-05-09 19:41:57.695213,0 days 00:34:30.171453,0.043792922744428475,128,0.0001,0.01,55.0,COMPLETE
65,65,0.8223911655949109,2021-05-09 19:41:57.696414,2021-05-09 20:22:32.009420,0 days 00:40:34.313006,0.07823477667655246,128,0.0001,0.01,85.0,COMPLETE
66,66,0.8285595034707861,2021-05-09 20:22:32.010397,2021-05-09 20:53:53.685327,0 days 00:31:21.674930,0.0002679052912877857,128,0.0001,0.01,60.0,COMPLETE
67,67,0.826405763036817,2021-05-09 20:53:53.686224,2021-05-09 21:18:54.807525,0 days 00:25:01.121301,0.008784093578235053,128,0.0001,0.01,60.0,COMPLETE
68,68,0.7889174380806161,2021-05-09 21:18:54.808577,2021-05-09 21:53:24.798348,0 days 00:34:29.989771,0.016469467092488692,128,0.001,0.01,60.0,COMPLETE
69,69,0.8230563219245907,2021-05-09 21:53:24.799318,2021-05-09 22:36:31.668152,0 days 00:43:06.868834,0.0019166473852677357,128,0.0001,0.01,90.0,COMPLETE
70,70,0.8209773239168402,2021-05-09 22:36:31.669136,2021-05-09 23:16:36.439667,0 days 00:40:04.770531,0.08663372679948135,128,0.0001,0.01,50.0,COMPLETE
71,71,0.8231121647184457,2021-05-09 23:16:36.440631,2021-05-09 23:56:54.758524,0 days 00:40:18.317893,0.045113970480762114,128,0.0001,0.01,80.0,COMPLETE
72,72,0.8287466158546669,2021-05-09 23:56:54.759878,2021-05-10 00:27:49.548839,0 days 00:30:54.788961,0.0018276426393827525,128,0.0001,0.01,60.0,COMPLETE
73,73,0.8291850047909998,2021-05-10 00:27:49.549715,2021-05-10 00:55:42.792030,0 days 00:27:53.242315,0.0020096870071889842,128,0.0001,0.01,60.0,COMPLETE
74,74,0.8286554011307083,2021-05-10 00:55:42.793343,2021-05-10 01:23:34.633987,0 days 00:27:51.840644,0.08810554191815949,128,0.0001,0.01,50.0,COMPLETE
75,75,0.7827549788657331,2021-05-10 01:23:34.634982,2021-05-10 01:45:22.844204,0 days 00:21:48.209222,0.11652305170350093,128,0.0001,0.005,50.0,COMPLETE
76,76,0.7557266795991912,2021-05-10 01:45:22.846000,2021-05-10 01:49:13.537318,0 days 00:03:50.691318,0.06893043713175354,1024,0.0001,0.01,75.0,COMPLETE
77,77,0.4930253730749237,2021-05-10 01:49:13.538216,2021-05-10 02:10:46.174993,0 days 00:21:32.636777,0.08567670342594103,128,0.1,0.01,50.0,COMPLETE
78,78,0.748292490561795,2021-05-10 02:10:46.175992,2021-05-10 02:38:26.975820,0 days 00:27:40.799828,0.20870471596187043,128,0.0001,0.0001,75.0,COMPLETE
79,79,0.4971723384309172,2021-05-10 02:38:26.976723,2021-05-10 02:50:00.446164,0 days 00:11:33.469441,0.12645290618253105,256,1.0,0.01,100.0,COMPLETE
80,80,0.4975527520048554,2021-05-10 02:50:00.447236,2021-05-10 03:11:43.802252,0 days 00:21:43.355016,0.6162276005311621,128,0.01,0.01,85.0,COMPLETE
81,81,0.8270769595080394,2021-05-10 03:11:43.803291,2021-05-10 03:42:27.184366,0 days 00:30:43.381075,0.00011655885649849355,128,0.0001,0.01,55.0,COMPLETE
82,82,0.823323913139007,2021-05-10 03:42:27.185483,2021-05-10 04:16:08.721083,0 days 00:33:41.535600,0.047422387236034896,128,0.0001,0.01,55.0,COMPLETE
83,83,0.7164713332139778,2021-05-10 04:16:08.722434,2021-05-10 04:37:51.604190,0 days 00:21:42.881756,0.025238251017824762,128,0.0001,0.0005,65.0,COMPLETE
84,84,0.7702361722769248,2021-05-10 04:37:51.605435,2021-05-10 04:44:22.761487,0 days 00:06:31.156052,0.09866971137573699,512,0.0001,0.01,40.0,COMPLETE
85,85,0.7497510533812048,2021-05-10 04:44:22.762363,2021-05-10 05:12:03.140143,0 days 00:27:40.377780,0.0007680258224513517,128,0.0001,0.05,50.0,COMPLETE
86,86,0.8188403005646201,2021-05-10 05:12:03.141192,2021-05-10 05:39:58.058175,0 days 00:27:54.916983,0.08316666934906172,128,0.0001,0.01,75.0,COMPLETE
87,87,0.826578114047838,2021-05-10 05:39:58.059217,2021-05-10 06:19:51.814828,0 days 00:39:53.755611,0.1734773589709308,128,0.0001,0.01,60.0,COMPLETE
88,88,0.8281787438670969,2021-05-10 06:19:51.815918,2021-05-10 06:47:28.705135,0 days 00:27:36.889217,0.054095584237676284,128,0.0001,0.01,55.0,COMPLETE
89,89,0.826811646963613,2021-05-10 06:47:28.706543,2021-05-10 07:24:38.989527,0 days 00:37:10.282984,0.05182928980684474,128,0.0001,0.01,45.0,COMPLETE
90,90,0.6945858293527267,2021-05-10 07:24:38.990791,2021-05-10 07:28:37.462554,0 days 00:03:58.471763,0.023663873983358664,1024,1e-05,0.005,40.0,COMPLETE
91,91,0.8271891705483344,2021-05-10 07:28:37.463783,2021-05-10 07:59:22.962005,0 days 00:30:45.498222,0.06518586309670926,128,0.0001,0.01,55.0,COMPLETE
92,92,0.828072065458043,2021-05-10 07:59:22.963090,2021-05-10 08:39:44.295948,0 days 00:40:21.332858,0.4695948831822509,128,0.0001,0.01,195.0,COMPLETE
93,93,0.7906573884487743,2021-05-10 08:39:44.296898,2021-05-10 09:53:46.910560,0 days 01:14:02.613662,0.4766221540660316,128,0.0001,0.01,195.0,COMPLETE
94,94,0.7474087113538339,2021-05-10 09:53:46.911554,2021-05-10 10:24:43.467537,0 days 00:30:56.555983,0.45128013096379527,128,0.0001,0.01,170.0,COMPLETE
95,95,0.8185970108914582,2021-05-10 10:24:43.468527,2021-05-10 11:19:56.831224,0 days 00:55:13.362697,0.41146130639710354,128,0.0001,0.01,145.0,COMPLETE
96,96,0.8281582089237618,2021-05-10 11:19:56.832352,2021-05-10 11:50:38.930762,0 days 00:30:42.098410,0.5695273730400597,128,0.0001,0.01,65.0,COMPLETE
97,97,0.8287967196810219,2021-05-10 11:50:38.932127,2021-05-10 12:18:14.517362,0 days 00:27:35.585235,0.5831022902658232,128,0.0001,0.01,65.0,COMPLETE
98,98,0.7264099933146027,2021-05-10 12:18:14.518261,2021-05-10 12:34:28.158166,0 days 00:16:13.639905,0.6567182725589121,256,0.001,0.0001,65.0,COMPLETE
99,99,0.8280231535119416,2021-05-10 12:34:28.159511,2021-05-10 13:04:57.008459,0 days 00:30:28.848948,0.540577995355051,128,0.0001,0.01,80.0,COMPLETE
