,number,value,datetime_start,datetime_complete,duration,params_alpha,params_batch_size,params_gamma,params_lambda,params_learning_rate,params_rank,state
0,0,0.5042958683658125,2021-05-12 23:25:47.093335,2021-05-12 23:48:21.239790,0 days 00:22:34.146455,0.18579456176227568,128,0.004389006955136502,1.0,0.005,55.0,COMPLETE
1,1,0.7929855586354538,2021-05-12 23:48:21.240655,2021-05-13 00:11:01.414676,0 days 00:22:40.174021,0.19636627605010293,2048,0.0025337660753031108,0.001,0.0001,65.0,COMPLETE
2,2,0.7627287428387477,2021-05-13 00:11:01.415854,2021-05-13 00:28:16.089928,0 days 00:17:14.674074,0.18360787635373776,256,0.002349584641669074,1e-05,0.05,80.0,COMPLETE
3,3,0.742787052132668,2021-05-13 00:28:16.090839,2021-05-13 00:32:34.905717,0 days 00:04:18.814878,0.17781567509498505,1024,0.004480048592987277,1e-05,0.05,65.0,COMPLETE
4,4,0.7964747637272975,2021-05-13 00:32:34.907203,2021-05-13 01:00:40.941515,0 days 00:28:06.034312,0.1520477479551205,256,0.0037155181204758412,1e-05,0.005,100.0,COMPLETE
5,5,0.7951296935398532,2021-05-13 01:00:40.942507,2021-05-13 01:25:53.933074,0 days 00:25:12.990567,0.1944668917049584,256,0.0030873932870002867,0.0001,0.0005,75.0,COMPLETE
6,6,0.5496465544469458,2021-05-13 01:25:53.934058,2021-05-13 01:29:44.007373,0 days 00:03:50.073315,0.14561503322165487,1024,0.003273735795474594,0.01,0.001,45.0,COMPLETE
7,7,0.49113324394863683,2021-05-13 01:29:44.008264,2021-05-13 01:50:32.288925,0 days 00:20:48.280661,0.1386488981125862,128,0.004610393902117619,1.0,0.01,5.0,COMPLETE
8,8,0.7920747916700971,2021-05-13 01:50:32.290401,2021-05-13 02:18:53.543241,0 days 00:28:21.252840,0.10992803503589739,256,0.004879236270986995,1e-05,0.0005,45.0,COMPLETE
9,9,0.7231464175627026,2021-05-13 02:18:53.544268,2021-05-13 02:36:23.784281,0 days 00:17:30.240013,0.17506861412184563,512,0.003431322674861871,0.01,0.005,70.0,COMPLETE
10,10,0.5101225620973713,2021-05-13 02:36:23.785335,2021-05-13 02:43:37.521134,0 days 00:07:13.735799,0.12234166263141551,512,0.0011524243149327804,0.1,0.005,100.0,COMPLETE
11,11,0.7885844844094169,2021-05-13 02:43:37.522144,2021-05-13 03:09:03.904836,0 days 00:25:26.382692,0.1602197852450996,256,0.003434191961241147,0.0001,0.0005,100.0,COMPLETE
12,12,0.7962896865109893,2021-05-13 03:09:03.905928,2021-05-13 03:34:20.890409,0 days 00:25:16.984481,0.15503549257932467,256,0.0038972920349856456,0.0001,0.0005,90.0,COMPLETE
13,13,0.7807668533969654,2021-05-13 03:34:20.891787,2021-05-13 04:01:02.703929,0 days 00:26:41.812142,0.1637501942874261,256,0.0039224715207891786,0.0001,0.01,90.0,COMPLETE
14,14,0.5426176136668772,2021-05-13 04:01:02.705220,2021-05-13 04:06:20.365682,0 days 00:05:17.660462,0.1326235764946728,2048,0.0037717970473625175,0.1,0.0001,100.0,COMPLETE
15,15,0.7921692270339235,2021-05-13 04:06:20.366961,2021-05-13 04:34:07.134188,0 days 00:27:46.767227,0.1568866143568885,256,0.0023601935901263254,0.001,0.001,20.0,COMPLETE
16,16,0.793887077635317,2021-05-13 04:34:07.136820,2021-05-13 04:59:08.914910,0 days 00:25:01.778090,0.14692873549982755,256,0.003956686983887124,0.0001,0.0005,85.0,COMPLETE
17,17,0.7860370736172707,2021-05-13 04:59:08.915815,2021-05-13 05:19:39.706455,0 days 00:20:30.790640,0.12588545187068798,256,0.001682080453069974,1e-05,0.005,90.0,COMPLETE
18,18,0.7839663803235447,2021-05-13 05:19:39.707543,2021-05-13 05:25:45.910205,0 days 00:06:06.202662,0.1700498327328689,1024,0.00278469669107122,0.0001,0.005,30.0,COMPLETE
19,19,0.7929351869564398,2021-05-13 05:25:45.913358,2021-05-13 05:29:44.297128,0 days 00:03:58.383770,0.1541201754116509,2048,0.004053029948520531,1e-05,0.0005,100.0,COMPLETE
20,20,0.8028460839367084,2021-05-13 05:29:44.298347,2021-05-13 05:48:03.757067,0 days 00:18:19.458720,0.10844865431898057,512,0.004868269400683373,1e-05,0.005,90.0,COMPLETE
21,21,0.803870669058315,2021-05-13 05:48:03.757993,2021-05-13 06:03:48.256245,0 days 00:15:44.498252,0.1031915560987822,512,0.004949150093653534,1e-05,0.005,90.0,COMPLETE
22,22,0.8004911233577505,2021-05-13 06:03:48.257362,2021-05-13 06:19:26.410236,0 days 00:15:38.152874,0.1007044762955245,512,0.004962206189345996,1e-05,0.005,80.0,COMPLETE
23,23,0.8035129358121681,2021-05-13 06:19:26.411223,2021-05-13 06:35:04.653330,0 days 00:15:38.242107,0.10154766006966023,512,0.004989905728781181,1e-05,0.005,80.0,COMPLETE
24,24,0.776743616745609,2021-05-13 06:35:04.654458,2021-05-13 06:42:10.196312,0 days 00:07:05.541854,0.10349730840282113,512,0.004909199797722005,1e-05,0.005,55.0,COMPLETE
25,25,0.8037581324937356,2021-05-13 06:42:10.197670,2021-05-13 06:57:51.695541,0 days 00:15:41.497871,0.11330955778217859,512,0.0046889275347604484,1e-05,0.005,90.0,COMPLETE
26,26,0.8004376873930524,2021-05-13 06:57:51.696776,2021-05-13 07:16:00.900426,0 days 00:18:09.203650,0.11571200026442324,512,0.004273104268210013,1e-05,0.005,75.0,COMPLETE
27,27,0.7458951118617296,2021-05-13 07:16:00.901341,2021-05-13 07:22:18.513236,0 days 00:06:17.611895,0.10062637955740347,512,0.004623091722685255,1e-05,0.005,65.0,COMPLETE
28,28,0.7928151633333219,2021-05-13 07:22:18.514683,2021-05-13 07:37:57.814824,0 days 00:15:39.300141,0.11715803500062366,512,0.004671534383699859,0.001,0.001,85.0,COMPLETE
29,29,0.5023904863000619,2021-05-13 07:37:57.816086,2021-05-13 07:58:48.227553,0 days 00:20:50.411467,0.10870241867470867,128,0.004313961593088768,1.0,0.005,55.0,COMPLETE
30,30,0.7932913271841403,2021-05-13 07:58:48.228510,2021-05-13 08:11:02.971691,0 days 00:12:14.743181,0.12790040393635724,512,0.004758849258471577,1e-05,0.0001,95.0,COMPLETE
31,31,0.8019773031960661,2021-05-13 08:11:02.972944,2021-05-13 08:26:44.180068,0 days 00:15:41.207124,0.10934338218711047,512,0.004935945240918643,1e-05,0.005,85.0,COMPLETE
32,32,0.8026129649750429,2021-05-13 08:26:44.181039,2021-05-13 08:42:26.569195,0 days 00:15:42.388156,0.11623633469697793,512,0.0043123225586826205,1e-05,0.005,95.0,COMPLETE
33,33,0.7422843337024385,2021-05-13 08:42:26.570309,2021-05-13 08:49:35.988851,0 days 00:07:09.418542,0.1053922149999056,512,0.0044655145220224126,1e-05,0.005,75.0,COMPLETE
34,34,0.7218772932160554,2021-05-13 08:49:35.990149,2021-05-13 08:56:44.734771,0 days 00:07:08.744622,0.1004889848271555,512,0.004990962709143475,1e-05,0.05,80.0,COMPLETE
35,35,0.8038288314982341,2021-05-13 08:56:44.735677,2021-05-13 09:12:25.977050,0 days 00:15:41.241373,0.11327530964524937,512,0.004182192676856531,1e-05,0.005,95.0,COMPLETE
36,36,0.5073414299954746,2021-05-13 09:12:25.978171,2021-05-13 09:32:21.736818,0 days 00:19:55.758647,0.11490830845843415,512,0.004191633323504305,0.1,0.05,60.0,COMPLETE
37,37,0.5041439933449098,2021-05-13 09:32:21.738184,2021-05-13 09:41:14.854183,0 days 00:08:53.115999,0.12143878527621206,512,0.004543544290268232,1.0,0.005,95.0,COMPLETE
38,38,0.7291250170733642,2021-05-13 09:41:14.855118,2021-05-13 10:11:06.081767,0 days 00:29:51.226649,0.1390730969575261,128,0.004711418541951315,0.01,0.01,70.0,COMPLETE
39,39,0.7815908591694183,2021-05-13 10:11:06.082845,2021-05-13 10:14:57.764761,0 days 00:03:51.681916,0.12960322638874638,1024,0.004540815324459737,1e-05,0.005,80.0,COMPLETE
40,40,0.7927784290712727,2021-05-13 10:14:57.765715,2021-05-13 10:40:46.127418,0 days 00:25:48.361703,0.1360460706826217,2048,0.0019158020962410855,0.001,0.0001,45.0,COMPLETE
41,41,0.8031786454408566,2021-05-13 10:40:46.128541,2021-05-13 10:56:31.288731,0 days 00:15:45.160190,0.10709007806706287,512,0.004994237633509187,1e-05,0.005,90.0,COMPLETE
42,42,0.80323447926357,2021-05-13 10:56:31.289795,2021-05-13 11:12:17.763697,0 days 00:15:46.473902,0.11283259410843202,512,0.00479107719119386,1e-05,0.005,95.0,COMPLETE
43,43,0.8034192476162856,2021-05-13 11:12:17.764907,2021-05-13 11:28:02.939357,0 days 00:15:45.174450,0.11339309318291584,512,0.004183762913616886,1e-05,0.005,95.0,COMPLETE
44,44,0.7996215570014142,2021-05-13 11:28:02.940511,2021-05-13 11:43:46.484830,0 days 00:15:43.544319,0.12102700342327358,512,0.004135682031728222,1e-05,0.005,85.0,COMPLETE
45,45,0.799182228658387,2021-05-13 11:43:46.485785,2021-05-13 11:59:30.964336,0 days 00:15:44.478551,0.10341059072581309,512,0.0036168057063897647,1e-05,0.005,100.0,COMPLETE
46,46,0.7496154148451746,2021-05-13 11:59:30.965273,2021-05-13 12:16:56.153205,0 days 00:17:25.187932,0.11174492654508819,512,0.0044198630982561675,0.01,0.005,95.0,COMPLETE
47,47,0.7886605584093811,2021-05-13 12:16:56.154132,2021-05-13 12:24:06.268378,0 days 00:07:10.114246,0.190542501623786,512,0.0036638347166077024,1e-05,0.01,80.0,COMPLETE
48,48,0.7749590323843452,2021-05-13 12:24:06.269476,2021-05-13 12:47:58.581387,0 days 00:23:52.311911,0.11952065306713162,128,0.003276984209182595,1e-05,0.001,70.0,COMPLETE
49,49,0.5093702639420615,2021-05-13 12:47:58.582361,2021-05-13 12:54:17.010390,0 days 00:06:18.428029,0.12481981388572783,512,0.004412106394635947,0.1,0.05,90.0,COMPLETE
50,50,0.5059493356464594,2021-05-13 12:54:17.011518,2021-05-13 13:00:07.896924,0 days 00:05:50.885406,0.10064978808198881,1024,0.004084982885515196,1.0,0.005,75.0,COMPLETE
51,51,0.7997115401157776,2021-05-13 13:00:07.897929,2021-05-13 13:15:53.645181,0 days 00:15:45.747252,0.11250920942220007,512,0.004753362972266788,1e-05,0.005,95.0,COMPLETE
52,52,0.8019121483571338,2021-05-13 13:15:53.646768,2021-05-13 13:31:35.240939,0 days 00:15:41.594171,0.1130089744182102,512,0.004730587208245094,1e-05,0.005,100.0,COMPLETE
53,53,0.8023423492042844,2021-05-13 13:31:35.242005,2021-05-13 13:47:18.484944,0 days 00:15:43.242939,0.10425495795695058,512,0.0048456507105635585,1e-05,0.005,85.0,COMPLETE
54,54,0.802214756500761,2021-05-13 13:47:18.486178,2021-05-13 14:03:03.423949,0 days 00:15:44.937771,0.11954315542473665,512,0.0038845541615048357,1e-05,0.005,95.0,COMPLETE
55,55,0.7940743053624482,2021-05-13 14:03:03.425142,2021-05-13 14:05:42.573196,0 days 00:02:39.148054,0.11129013728341647,2048,0.004508772276137867,1e-05,0.005,90.0,COMPLETE
56,56,0.8044494140696168,2021-05-13 14:05:42.574833,2021-05-13 14:21:25.587573,0 days 00:15:43.012740,0.1063064092268031,512,0.002805423096344449,1e-05,0.005,100.0,COMPLETE
57,57,0.8023655191000938,2021-05-13 14:21:25.588755,2021-05-13 14:37:10.537444,0 days 00:15:44.948689,0.10651604404965175,512,0.002825664845352821,1e-05,0.005,100.0,COMPLETE
58,58,0.5584981518320312,2021-05-13 14:37:10.538490,2021-05-13 14:46:04.648525,0 days 00:08:54.110035,0.12398344776800146,512,0.002608187145558204,0.01,0.0001,85.0,COMPLETE
59,59,0.7667130947172319,2021-05-13 14:46:04.649975,2021-05-13 14:54:58.264352,0 days 00:08:53.614377,0.10031391626368714,512,0.0030188360628915605,0.001,0.005,100.0,COMPLETE
60,60,0.793125630197072,2021-05-13 14:54:58.265983,2021-05-13 15:07:17.375794,0 days 00:12:19.109811,0.13155634957029821,512,0.0034695501478859444,1e-05,0.0005,90.0,COMPLETE
61,61,0.8015152112217889,2021-05-13 15:07:17.376726,2021-05-13 15:23:02.158241,0 days 00:15:44.781515,0.11793538497186756,512,0.0028486785267359243,1e-05,0.005,95.0,COMPLETE
62,62,0.8028009014223678,2021-05-13 15:23:02.159383,2021-05-13 15:37:53.592606,0 days 00:14:51.433223,0.11421320129776805,512,0.0022832023235878117,1e-05,0.005,100.0,COMPLETE
63,63,0.8051990196008271,2021-05-13 15:37:53.594029,2021-05-13 15:53:38.456400,0 days 00:15:44.862371,0.10394626213156077,512,0.0031392636119627094,1e-05,0.005,95.0,COMPLETE
64,64,0.8048064270612448,2021-05-13 15:53:38.457658,2021-05-13 16:09:24.052365,0 days 00:15:45.594707,0.10327903951282102,512,0.0031896864368102934,1e-05,0.005,85.0,COMPLETE
65,65,0.7976024093246723,2021-05-13 16:09:24.053891,2021-05-13 16:24:13.650355,0 days 00:14:49.596464,0.10431075237584109,512,0.0032255094448589696,0.0001,0.001,80.0,COMPLETE
66,66,0.7873043268400791,2021-05-13 16:24:13.651669,2021-05-13 16:28:04.491443,0 days 00:03:50.839774,0.1082811759848046,1024,0.0031791970638413505,1e-05,0.005,85.0,COMPLETE
67,67,0.7994686784942335,2021-05-13 16:28:04.492395,2021-05-13 16:42:56.803466,0 days 00:14:52.311071,0.10001969437281111,512,0.002550987104572521,1e-05,0.005,90.0,COMPLETE
68,68,0.8006827828288781,2021-05-13 16:42:56.804935,2021-05-13 16:58:40.080631,0 days 00:15:43.275696,0.10321445761400659,512,0.0026924666394303716,1e-05,0.005,80.0,COMPLETE
69,69,0.7857031677234603,2021-05-13 16:58:40.081946,2021-05-13 17:39:48.887512,0 days 00:41:08.805566,0.10678088779014601,128,0.002217171601804873,1e-05,0.01,10.0,COMPLETE
70,70,0.5115184794343395,2021-05-13 17:39:48.888449,2021-05-13 17:55:41.375667,0 days 00:15:52.487218,0.1094693346435866,256,0.0024165877829790358,0.1,0.005,90.0,COMPLETE
71,71,0.8017211886350584,2021-05-13 17:55:41.376754,2021-05-13 18:11:33.415504,0 days 00:15:52.038750,0.10195937054017666,512,0.0029401006300141933,1e-05,0.005,95.0,COMPLETE
72,72,0.8082342144354672,2021-05-13 18:11:33.416434,2021-05-13 18:27:29.277304,0 days 00:15:55.860870,0.11071993160347149,512,0.0033939220769832793,1e-05,0.005,85.0,COMPLETE
73,73,0.8069382394617332,2021-05-13 18:27:29.278838,2021-05-13 18:43:30.571737,0 days 00:16:01.292899,0.10582690933926525,512,0.0033665887563624442,1e-05,0.005,85.0,COMPLETE
74,74,0.7751688891756009,2021-05-13 18:43:30.572914,2021-05-13 18:50:44.431858,0 days 00:07:13.858944,0.10981917176141388,512,0.003375738340122547,1e-05,0.005,75.0,COMPLETE
75,75,0.8071550552957593,2021-05-13 18:50:44.433378,2021-05-13 19:06:47.716691,0 days 00:16:03.283313,0.10532118007021399,512,0.003082173701645498,1e-05,0.005,85.0,COMPLETE
76,76,0.7883116502034768,2021-05-13 19:06:47.718007,2021-05-13 19:11:11.309913,0 days 00:04:23.591906,0.10617905998837066,2048,0.0031098870352283246,1e-05,0.005,85.0,COMPLETE
77,77,0.7497015903506851,2021-05-13 19:11:11.310849,2021-05-13 19:19:18.592013,0 days 00:08:07.281164,0.1167456794780764,512,0.0035199058220812067,1e-05,0.05,70.0,COMPLETE
78,78,0.5084231484737484,2021-05-13 19:19:18.593126,2021-05-13 19:26:34.900854,0 days 00:07:16.307728,0.10513786705847128,512,0.003006627388142454,1.0,0.0005,85.0,COMPLETE
79,79,0.7568910863720402,2021-05-13 19:26:34.901768,2021-05-13 19:32:59.114840,0 days 00:06:24.213072,0.10900991107252744,512,0.0033259917379168877,0.0001,0.005,75.0,COMPLETE
80,80,0.7925976490318354,2021-05-13 19:32:59.115947,2021-05-13 19:40:04.610910,0 days 00:07:05.494963,0.10285421729780253,512,0.0038021897640146524,1e-05,0.005,40.0,COMPLETE
81,81,0.7996472516328145,2021-05-13 19:40:04.611851,2021-05-13 19:56:04.979889,0 days 00:16:00.368038,0.11041079159401163,512,0.003107931978234661,1e-05,0.005,90.0,COMPLETE
82,82,0.8004651006388827,2021-05-13 19:56:04.981058,2021-05-13 20:11:13.505281,0 days 00:15:08.524223,0.11582067813386757,512,0.003535788932666797,1e-05,0.005,80.0,COMPLETE
83,83,0.806034200852646,2021-05-13 20:11:13.506330,2021-05-13 20:27:17.574382,0 days 00:16:04.068052,0.10702954458625645,512,0.002937823057464273,1e-05,0.005,90.0,COMPLETE
84,84,0.8040149301431038,2021-05-13 20:27:17.575577,2021-05-13 20:43:18.725946,0 days 00:16:01.150369,0.10679715913220797,512,0.0028995780009234175,1e-05,0.005,85.0,COMPLETE
85,85,0.8061626560673636,2021-05-13 20:43:18.726897,2021-05-13 20:59:21.423471,0 days 00:16:02.696574,0.10588946098015171,512,0.0026798146283052403,1e-05,0.005,85.0,COMPLETE
86,86,0.8074983488485555,2021-05-13 20:59:21.424586,2021-05-13 21:15:24.711657,0 days 00:16:03.287071,0.10761438432107794,512,0.0027250734777765845,1e-05,0.005,85.0,COMPLETE
87,87,0.7939941084820802,2021-05-13 21:15:24.712620,2021-05-13 21:27:53.297676,0 days 00:12:28.585056,0.10222698655679015,512,0.002701140500609159,1e-05,0.0001,80.0,COMPLETE
88,88,0.7814894327230298,2021-05-13 21:27:53.299336,2021-05-13 21:43:53.467845,0 days 00:16:00.168509,0.10016836620098728,512,0.002736306624904128,0.001,0.005,85.0,COMPLETE
89,89,0.7980041537103729,2021-05-13 21:43:53.469244,2021-05-13 22:06:11.877733,0 days 00:22:18.408489,0.10508825677909406,256,0.003136665510118609,1e-05,0.005,75.0,COMPLETE
90,90,0.7973712550430376,2021-05-13 22:06:11.879083,2021-05-13 22:23:50.238122,0 days 00:17:38.359039,0.1111940378303529,512,0.0024780983883780625,1e-05,0.001,65.0,COMPLETE
91,91,0.8077047863532346,2021-05-13 22:23:50.239072,2021-05-13 22:39:55.630653,0 days 00:16:05.391581,0.10756344360405203,512,0.002909831047698912,1e-05,0.005,85.0,COMPLETE
92,92,0.8089044458681618,2021-05-13 22:39:55.632202,2021-05-13 22:56:00.768638,0 days 00:16:05.136436,0.10818931858689429,512,0.003008264741766787,1e-05,0.005,90.0,COMPLETE
93,93,0.7969638614012537,2021-05-13 22:56:00.769621,2021-05-13 23:12:03.630251,0 days 00:16:02.860630,0.10862352876205977,512,0.0030057288070285577,1e-05,0.005,90.0,COMPLETE
94,94,0.8068717210092635,2021-05-13 23:12:03.631410,2021-05-13 23:28:03.043164,0 days 00:15:59.411754,0.11858105127195447,512,0.0032536222214083915,1e-05,0.005,85.0,COMPLETE
95,95,0.7347585941640663,2021-05-13 23:28:03.044153,2021-05-13 23:45:41.877153,0 days 00:17:38.833000,0.11832510780333064,512,0.0033045003555818974,0.01,0.005,80.0,COMPLETE
96,96,0.7828065847175258,2021-05-13 23:45:41.878251,2021-05-13 23:49:38.421479,0 days 00:03:56.543228,0.16621057551087642,1024,0.003385863403202438,1e-05,0.005,85.0,COMPLETE
97,97,0.7780746137749205,2021-05-13 23:49:38.422961,2021-05-13 23:58:40.198936,0 days 00:09:01.775975,0.11071231358166275,512,0.002632919256165224,1e-05,0.01,90.0,COMPLETE
98,98,0.7907097504396526,2021-05-13 23:58:40.200317,2021-05-14 00:34:32.854502,0 days 00:35:52.654185,0.1801472963817186,128,0.0029293230714679324,1e-05,0.005,80.0,COMPLETE
99,99,0.8064819851375147,2021-05-14 00:34:32.855508,2021-05-14 00:50:38.077728,0 days 00:16:05.222220,0.10805561504717244,512,0.0030627526099784837,1e-05,0.005,95.0,COMPLETE
