,number,value,datetime_start,datetime_complete,duration,params_alpha,params_batch_size,params_gamma,params_lambda,params_learning_rate,params_rank,state
0,0,0.5128053525440303,2021-05-09 01:02:24.845500,2021-05-09 01:41:53.639496,0 days 00:39:28.793996,0.18579456176227568,128,0.004389006955136502,1.0,0.005,110.0,COMPLETE
1,1,0.795409866139698,2021-05-09 01:41:53.640590,2021-05-09 02:03:13.895879,0 days 00:21:20.255289,0.19636627605010293,2048,0.0025337660753031108,0.001,0.0001,125.0,COMPLETE
2,2,0.7000134469724427,2021-05-09 02:03:13.897037,2021-05-09 02:46:14.131522,0 days 00:43:00.234485,0.18360787635373776,256,0.002349584641669074,1e-05,0.05,160.0,COMPLETE
3,3,0.6739295205680391,2021-05-09 02:46:14.132408,2021-05-09 02:52:15.392890,0 days 00:06:01.260482,0.17781567509498505,1024,0.004480048592987277,1e-05,0.05,130.0,COMPLETE
4,4,0.757856732374316,2021-05-09 02:52:15.393932,2021-05-09 03:05:37.328328,0 days 00:13:21.934396,0.1520477479551205,256,0.0037155181204758412,1e-05,0.005,200.0,COMPLETE
5,5,0.6898523692006003,2021-05-09 03:05:37.329250,2021-05-09 03:17:19.150396,0 days 00:11:41.821146,0.1944668917049584,256,0.0030873932870002867,0.0001,0.0005,145.0,COMPLETE
6,6,0.8048150585811451,2021-05-09 03:17:19.151482,2021-05-09 03:39:24.679530,0 days 00:22:05.528048,0.14561503322165487,1024,0.003273735795474594,0.01,0.001,85.0,COMPLETE
7,7,0.5125689821842968,2021-05-09 03:39:24.680609,2021-05-09 04:38:35.277818,0 days 00:59:10.597209,0.1386488981125862,128,0.004610393902117619,1.0,0.01,5.0,COMPLETE
8,8,0.6839080074114139,2021-05-09 04:38:35.278938,2021-05-09 04:50:27.875946,0 days 00:11:52.597008,0.10992803503589739,256,0.004879236270986995,1e-05,0.0005,90.0,COMPLETE
9,9,0.7784083799752388,2021-05-09 04:50:27.876838,2021-05-09 04:58:56.049745,0 days 00:08:28.172907,0.17506861412184563,512,0.003431322674861871,0.01,0.005,135.0,COMPLETE
10,10,0.7854326109059186,2021-05-09 04:58:56.051041,2021-05-09 05:36:53.523238,0 days 00:37:57.472197,0.11890116963896186,1024,0.001991241860311208,0.1,0.001,55.0,COMPLETE
11,11,0.7937478493610178,2021-05-09 05:36:53.524110,2021-05-09 06:04:38.868693,0 days 00:27:45.344583,0.1496132076605001,2048,0.0014344381362922482,0.001,0.0001,60.0,COMPLETE
12,12,0.7940958091890861,2021-05-09 06:04:38.869756,2021-05-09 06:33:50.950970,0 days 00:29:12.081214,0.13230119415499228,2048,0.0024977316821382187,0.001,0.0001,75.0,COMPLETE
13,13,0.7951185590714206,2021-05-09 06:33:50.951931,2021-05-09 06:49:52.819264,0 days 00:16:01.867333,0.15883645695250362,2048,0.003723659845920603,0.01,0.001,185.0,COMPLETE
14,14,0.8035839154852424,2021-05-09 06:49:52.820146,2021-05-09 07:04:29.895307,0 days 00:14:37.075161,0.16581135603119893,1024,0.0010069343555306923,0.001,0.001,20.0,COMPLETE
15,15,0.8032239074138807,2021-05-09 07:04:29.896333,2021-05-09 07:45:53.336908,0 days 00:41:23.440575,0.16717716739773436,1024,0.0010631347029172037,0.01,0.001,15.0,COMPLETE
16,16,0.7851079068403017,2021-05-09 07:45:53.338167,2021-05-09 07:54:18.114743,0 days 00:08:24.776576,0.13582204989033883,1024,0.0016932533369405762,0.0001,0.001,30.0,COMPLETE
17,17,0.8033119361009466,2021-05-09 07:54:18.116235,2021-05-09 08:05:50.815756,0 days 00:11:32.699521,0.16291472567823337,1024,0.0030023598490753227,0.001,0.001,35.0,COMPLETE
18,18,0.5402088787830203,2021-05-09 08:05:50.816644,2021-05-09 08:10:27.595666,0 days 00:04:36.779022,0.12360759480372815,1024,0.004022202405108033,0.1,0.01,95.0,COMPLETE
19,19,0.8090159392171213,2021-05-09 08:10:27.596727,2021-05-09 08:31:34.137055,0 days 00:21:06.540328,0.14684024403114251,512,0.0032281870213850114,0.01,0.001,45.0,COMPLETE
20,20,0.8115338221371811,2021-05-09 08:31:34.138012,2021-05-09 08:51:00.643611,0 days 00:19:26.505599,0.10021320590212024,512,0.0031976137065283824,0.01,0.001,50.0,COMPLETE
21,21,0.810380575464598,2021-05-09 08:51:00.644684,2021-05-09 09:15:46.244828,0 days 00:24:45.600144,0.1457834731013069,512,0.003382438952546555,0.01,0.001,50.0,COMPLETE
22,22,0.8151620991491401,2021-05-09 09:15:46.245742,2021-05-09 09:44:09.352274,0 days 00:28:23.106532,0.10607967478598038,512,0.0028062199586142192,0.01,0.001,50.0,COMPLETE
23,23,0.8129444201067338,2021-05-09 09:44:09.353240,2021-05-09 10:06:13.597835,0 days 00:22:04.244595,0.10624096955493081,512,0.0027253095310228867,0.01,0.001,65.0,COMPLETE
24,24,0.814134517666208,2021-05-09 10:06:13.598803,2021-05-09 10:30:54.719945,0 days 00:24:41.121142,0.10409579062251943,512,0.0026226019731007194,0.01,0.001,65.0,COMPLETE
25,25,0.8131975652198412,2021-05-09 10:30:54.721377,2021-05-09 10:56:29.853131,0 days 00:25:35.131754,0.10084140156786198,512,0.0027388890327275824,0.01,0.001,70.0,COMPLETE
26,26,0.8122706578889872,2021-05-09 10:56:29.854113,2021-05-09 11:29:19.036078,0 days 00:32:49.181965,0.11412497953567165,512,0.0021179740578385477,0.01,0.001,75.0,COMPLETE
27,27,0.8063000414128406,2021-05-09 11:29:19.037471,2021-05-09 11:55:54.568548,0 days 00:26:35.531077,0.10001884319321169,512,0.0027509444625583926,0.01,0.0005,110.0,COMPLETE
28,28,0.6700892093405764,2021-05-09 11:55:54.569492,2021-05-09 12:06:11.389580,0 days 00:10:16.820088,0.12543994519900414,512,0.0021227725301649026,0.01,0.01,75.0,COMPLETE
29,29,0.5036024785716334,2021-05-09 12:06:11.390657,2021-05-09 12:34:37.617956,0 days 00:28:26.227299,0.10187096527111643,128,0.002851914422295993,1.0,0.05,105.0,COMPLETE
30,30,0.7722192047003943,2021-05-09 12:34:37.618915,2021-05-09 12:53:30.726264,0 days 00:18:53.107349,0.1129777595209922,512,0.0017693649295502547,0.01,0.005,35.0,COMPLETE
31,31,0.8103486958717964,2021-05-09 12:53:30.727364,2021-05-09 13:06:11.957538,0 days 00:12:41.230174,0.10644282520622543,512,0.002709991621555827,0.01,0.001,65.0,COMPLETE
32,32,0.8129810544046326,2021-05-09 13:06:11.958513,2021-05-09 13:31:03.074214,0 days 00:24:51.115701,0.10528812219177967,512,0.0023848108833712527,0.01,0.001,65.0,COMPLETE
33,33,0.80915275809908,2021-05-09 13:31:03.075317,2021-05-09 13:44:35.177429,0 days 00:13:32.102112,0.11900190860734806,512,0.0023677447912186,0.01,0.001,80.0,COMPLETE
34,34,0.7898847591232051,2021-05-09 13:44:35.178448,2021-05-09 14:06:08.094116,0 days 00:21:32.915668,0.10406650835170851,512,0.0024147212730450296,0.1,0.001,95.0,COMPLETE
35,35,0.5949049364512005,2021-05-09 14:06:08.095306,2021-05-09 14:16:11.943321,0 days 00:10:03.848015,0.11058691104182033,512,0.0022131824442134834,0.0001,0.05,65.0,COMPLETE
36,36,0.7967634255903673,2021-05-09 14:16:11.944334,2021-05-09 14:39:47.351042,0 days 00:23:35.406708,0.11795112607644595,512,0.0026263296492051273,0.01,0.0001,120.0,COMPLETE
37,37,0.6823102457943134,2021-05-09 14:39:47.352088,2021-05-09 15:08:25.455312,0 days 00:28:38.103224,0.1263799547107992,512,0.0028989495988748087,1.0,0.001,40.0,COMPLETE
38,38,0.8253657821544738,2021-05-09 15:08:25.456376,2021-05-09 15:48:51.781329,0 days 00:40:26.324953,0.10050088608683967,128,0.0018320991436976274,0.01,0.001,25.0,COMPLETE
39,39,0.8072743599459501,2021-05-09 15:48:51.782507,2021-05-09 16:29:33.425166,0 days 00:40:41.642659,0.10002177608714614,128,0.001499657485699055,1e-05,0.0005,5.0,COMPLETE
40,40,0.7392445007875432,2021-05-09 16:29:33.426272,2021-05-09 16:58:31.663301,0 days 00:28:58.237029,0.10947266843417028,128,0.0036857083857608293,0.01,0.005,20.0,COMPLETE
41,41,0.825550761969815,2021-05-09 16:58:31.664470,2021-05-09 17:39:44.122611,0 days 00:41:12.458141,0.10383158873021231,128,0.0018869584373383502,0.01,0.001,25.0,COMPLETE
42,42,0.82541577191917,2021-05-09 17:39:44.123523,2021-05-09 18:20:02.902953,0 days 00:40:18.779430,0.10032104327248616,128,0.0018886039559993122,0.01,0.001,25.0,COMPLETE
43,43,0.8257140213695261,2021-05-09 18:20:02.903972,2021-05-09 19:22:14.818813,0 days 01:02:11.914841,0.11341787633323049,128,0.0018786856331388406,0.01,0.001,25.0,COMPLETE
44,44,0.8231883284298269,2021-05-09 19:22:14.820031,2021-05-09 20:08:53.247146,0 days 00:46:38.427115,0.11513739034595213,128,0.0012344689804827359,0.01,0.001,10.0,COMPLETE
45,45,0.7417402865040216,2021-05-09 20:08:53.248411,2021-05-09 20:33:57.506434,0 days 00:25:04.258023,0.11498819897125236,128,0.0013026725551904346,1e-05,0.001,5.0,COMPLETE
46,46,0.6306300847534001,2021-05-09 20:33:57.507755,2021-05-09 20:58:58.854781,0 days 00:25:01.347026,0.1310782412742076,128,0.0018341523072047728,0.01,0.01,15.0,COMPLETE
47,47,0.7037100379468015,2021-05-09 20:58:58.856396,2021-05-09 21:30:20.027873,0 days 00:31:21.171477,0.11987011796931005,128,0.0013219313375659719,0.0001,0.05,30.0,COMPLETE
48,48,0.8267887154438542,2021-05-09 21:30:20.028982,2021-05-09 22:10:55.677921,0 days 00:40:35.648939,0.11017376518265594,128,0.0015745481294952358,0.01,0.001,25.0,COMPLETE
49,49,0.8113623438900875,2021-05-09 22:10:55.679260,2021-05-10 03:21:05.404585,0 days 05:10:09.725325,0.10971272828331037,128,0.0019303997305342028,1.0,0.0001,25.0,COMPLETE
50,50,0.8012102244440215,2021-05-10 03:21:05.405586,2021-05-10 04:07:36.173129,0 days 00:46:30.767543,0.1227606475993806,128,0.001612712366324725,0.1,0.001,25.0,COMPLETE
51,51,0.823244867127959,2021-05-10 04:07:36.174037,2021-05-10 04:54:07.232697,0 days 00:46:31.058660,0.11547214304239578,128,0.0012014791773268104,0.01,0.001,10.0,COMPLETE
52,52,0.8287911434756638,2021-05-10 04:54:07.234062,2021-05-10 05:59:05.938745,0 days 01:04:58.704683,0.11123382528359006,128,0.001122981491408794,0.01,0.001,40.0,COMPLETE
53,53,0.8293452973059938,2021-05-10 05:59:05.939668,2021-05-10 06:58:05.054836,0 days 00:58:59.115168,0.1991757628451576,128,0.0014820650606577322,0.01,0.001,35.0,COMPLETE
54,54,0.8258272845965825,2021-05-10 06:58:05.056282,2021-05-10 07:50:48.401813,0 days 00:52:43.345531,0.1758516749627381,128,0.0016203316931346784,0.01,0.001,40.0,COMPLETE
55,55,0.8271578356319927,2021-05-10 07:50:48.402907,2021-05-10 08:53:01.311287,0 days 01:02:12.908380,0.19079119786297077,256,0.0015775235840429416,0.01,0.001,45.0,COMPLETE
56,56,0.8270026951155137,2021-05-10 08:53:01.312247,2021-05-10 09:55:17.502422,0 days 01:02:16.190175,0.19942208363253688,256,0.0015227742412064018,0.01,0.001,40.0,COMPLETE
57,57,0.7788871659626149,2021-05-10 09:55:17.504086,2021-05-10 10:07:01.215569,0 days 00:11:43.711483,0.19998007861346964,256,0.0010494792443128333,0.001,0.0005,40.0,COMPLETE
58,58,0.8234114061207547,2021-05-10 10:07:01.216492,2021-05-10 10:31:47.621123,0 days 00:24:46.404631,0.19031650613483264,256,0.0015564766403456415,0.01,0.001,45.0,COMPLETE
59,59,0.7686769135183786,2021-05-10 10:31:47.622108,2021-05-10 10:50:04.898373,0 days 00:18:17.276265,0.18196688752177392,256,0.001376105440528668,0.01,0.005,55.0,COMPLETE
60,60,0.7090640909230439,2021-05-10 10:50:04.899356,2021-05-10 11:01:49.205341,0 days 00:11:44.305985,0.19427487088449363,256,0.0011599485836952471,1e-05,0.001,35.0,COMPLETE
61,61,0.8267395215475853,2021-05-10 11:01:49.206445,2021-05-10 11:45:54.837646,0 days 00:44:05.631201,0.19950766885226753,256,0.001619239769965604,0.01,0.001,55.0,COMPLETE
62,62,0.8199892346812322,2021-05-10 11:45:54.838702,2021-05-10 12:07:17.226657,0 days 00:21:22.387955,0.19990723382506126,256,0.0016589163936889383,0.01,0.001,45.0,COMPLETE
63,63,0.8261938005904467,2021-05-10 12:07:17.227571,2021-05-10 12:51:32.088980,0 days 00:44:14.861409,0.18857783350733764,256,0.0014269827376398514,0.01,0.001,55.0,COMPLETE
64,64,0.8259263567590724,2021-05-10 12:51:32.090062,2021-05-10 13:35:24.735874,0 days 00:43:52.645812,0.1881622746879895,256,0.0014197129081619177,0.01,0.001,55.0,COMPLETE
65,65,0.8254151977661016,2021-05-10 13:35:24.736783,2021-05-10 14:15:46.309252,0 days 00:40:21.572469,0.19598235099525774,256,0.0010371417386688805,0.01,0.001,55.0,COMPLETE
66,66,0.8186429841478593,2021-05-10 14:15:46.310368,2021-05-10 14:35:34.027613,0 days 00:19:47.717245,0.19208201940470143,256,0.0014817522660579602,0.01,0.001,165.0,COMPLETE
67,67,0.6741644170973515,2021-05-10 14:35:34.028545,2021-05-10 14:51:40.511932,0 days 00:16:06.483387,0.1834070149872028,256,0.0020226622228949167,0.01,0.01,35.0,COMPLETE
68,68,0.7605736067514495,2021-05-10 14:51:40.513049,2021-05-10 14:54:14.467584,0 days 00:02:33.954535,0.19721529725116188,2048,0.001720021221306143,0.0001,0.001,85.0,COMPLETE
69,69,0.8267934278564264,2021-05-10 14:54:14.468642,2021-05-10 15:37:01.624802,0 days 00:42:47.156160,0.18691887036226848,256,0.0011016425545747228,0.01,0.001,50.0,COMPLETE
70,70,0.8039992024501244,2021-05-10 15:37:01.626195,2021-05-10 16:40:18.923663,0 days 01:03:17.297468,0.1713775855629332,256,0.0011454725857138971,0.001,0.0001,45.0,COMPLETE
71,71,0.8260357188210842,2021-05-10 16:40:18.924956,2021-05-10 17:23:06.890707,0 days 00:42:47.965751,0.18717479604290713,256,0.001349665215097731,0.01,0.001,50.0,COMPLETE
72,72,0.8262573431870577,2021-05-10 17:23:06.891656,2021-05-10 18:21:35.461571,0 days 00:58:28.569915,0.1809396655058111,256,0.0010090560228770086,0.01,0.001,60.0,COMPLETE
73,73,0.8275357706076404,2021-05-10 18:21:35.462607,2021-05-10 19:20:20.371503,0 days 00:58:44.908896,0.17984630123455875,256,0.0010107806142542611,0.01,0.001,60.0,COMPLETE
74,74,0.8271618341980045,2021-05-10 19:20:20.372424,2021-05-10 20:20:35.237650,0 days 01:00:14.865226,0.1927741834723441,256,0.0012527991682396951,0.01,0.001,40.0,COMPLETE
75,75,0.8164534578296772,2021-05-10 20:20:35.239133,2021-05-10 20:54:06.677014,0 days 00:33:31.437881,0.15551426742169047,256,0.001107386288228629,0.01,0.001,15.0,COMPLETE
76,76,0.8008651648579034,2021-05-10 20:54:06.678301,2021-05-10 22:08:35.357526,0 days 01:14:28.679225,0.1924701201603626,256,0.0012723470238432185,0.1,0.001,30.0,COMPLETE
77,77,0.49375591749321984,2021-05-10 22:08:35.358845,2021-05-10 22:11:28.729673,0 days 00:02:53.370828,0.184893962154866,2048,0.0010039424499596616,0.01,0.05,40.0,COMPLETE
78,78,0.8263575854427426,2021-05-10 22:11:28.730615,2021-05-10 23:11:38.520655,0 days 01:00:09.790040,0.1948220076019502,256,0.0011738087347568026,0.01,0.001,35.0,COMPLETE
79,79,0.7048677894141061,2021-05-10 23:11:38.522058,2021-05-10 23:44:54.300867,0 days 00:33:15.778809,0.19781200779243352,256,0.001549991871417935,1.0,0.001,60.0,COMPLETE
80,80,0.8180024984578351,2021-05-10 23:44:54.302176,2021-05-11 00:27:44.242792,0 days 00:42:49.940616,0.1710036636830365,256,0.0012553696126875822,0.01,0.0005,50.0,COMPLETE
81,81,0.8258731578888334,2021-05-11 00:27:44.243801,2021-05-11 01:10:38.453572,0 days 00:42:54.209771,0.1787307357643713,256,0.001749186818610489,0.01,0.001,70.0,COMPLETE
82,82,0.826108920774115,2021-05-11 01:10:38.454676,2021-05-11 02:11:56.729946,0 days 01:01:18.275270,0.14226053040227174,256,0.0014956591272756825,0.01,0.001,45.0,COMPLETE
83,83,0.8216563919241023,2021-05-11 02:11:56.731041,2021-05-11 02:54:17.260013,0 days 00:42:20.528972,0.19967396130779838,256,0.0013627569478483535,0.01,0.001,30.0,COMPLETE
84,84,0.8015196455289686,2021-05-11 02:54:17.261122,2021-05-11 03:09:37.041118,0 days 00:15:19.779996,0.19212490174816335,1024,0.0016617065163683678,0.01,0.001,40.0,COMPLETE
85,85,0.8190939032059539,2021-05-11 03:09:37.042591,2021-05-11 03:48:08.805958,0 days 00:38:31.763367,0.1851147327148413,256,0.0022363492331635834,0.01,0.001,20.0,COMPLETE
86,86,0.8270036755331416,2021-05-11 03:48:08.807415,2021-05-11 04:49:55.186049,0 days 01:01:46.378634,0.18947969540548668,256,0.00155171294191152,0.01,0.001,60.0,COMPLETE
87,87,0.7671128974915519,2021-05-11 04:49:55.187335,2021-05-11 05:25:52.724387,0 days 00:35:57.537052,0.18006583788374622,128,0.0011007388797916935,0.01,0.005,70.0,COMPLETE
88,88,0.8196826856432184,2021-05-11 05:25:52.725310,2021-05-11 05:47:54.288369,0 days 00:22:01.563059,0.1908921704134803,256,0.0047705513054290315,0.01,0.001,60.0,COMPLETE
89,89,0.8295818188935443,2021-05-11 05:47:54.289339,2021-05-11 07:08:17.695376,0 days 01:20:23.406037,0.1892796053650252,128,0.0012568905369095512,0.01,0.001,30.0,COMPLETE
90,90,0.7738017743298337,2021-05-11 07:08:17.696299,2021-05-11 07:21:02.179958,0 days 00:12:44.483659,0.189033958972264,256,0.0012352570582008417,1e-05,0.01,50.0,COMPLETE
91,91,0.8295838412452002,2021-05-11 07:21:02.181075,2021-05-11 08:20:57.353890,0 days 00:59:55.172815,0.19390620046524373,128,0.0014307554248213302,0.01,0.001,30.0,COMPLETE
92,92,0.8294603598877556,2021-05-11 08:20:57.354841,2021-05-11 09:23:15.871215,0 days 01:02:18.516374,0.194052767325648,128,0.001412237711220761,0.01,0.001,35.0,COMPLETE
93,93,0.8295597562929381,2021-05-11 09:23:15.872342,2021-05-11 10:22:58.990214,0 days 00:59:43.117872,0.1965028115175014,128,0.0014413393802039363,0.01,0.001,30.0,COMPLETE
94,94,0.8145212892164232,2021-05-11 10:22:58.991157,2021-05-11 10:52:50.134793,0 days 00:29:51.143636,0.19419871181970425,128,0.0014008847067783605,0.01,0.001,20.0,COMPLETE
95,95,0.7839238827437537,2021-05-11 10:52:50.136286,2021-05-11 11:19:42.422917,0 days 00:26:52.286631,0.19633424354247847,128,0.004294704333716539,0.01,0.001,30.0,COMPLETE
96,96,0.8295947155505237,2021-05-11 11:19:42.423874,2021-05-11 12:18:52.439798,0 days 00:59:10.015924,0.1936416832823633,128,0.0013046226349866887,0.01,0.001,35.0,COMPLETE
97,97,0.7103372125541111,2021-05-11 12:18:52.441233,2021-05-11 12:39:57.862911,0 days 00:21:05.421678,0.1926928190044982,128,0.0013411625082203613,0.0001,0.001,15.0,COMPLETE
98,98,0.7700640135046544,2021-05-11 12:39:57.864224,2021-05-11 13:21:28.451619,0 days 00:41:30.587395,0.1972066890002814,128,0.0012395027092618638,0.001,0.0001,35.0,COMPLETE
99,99,0.829602343584146,2021-05-11 13:21:28.452577,2021-05-11 14:20:40.599760,0 days 00:59:12.147183,0.1944751451361585,128,0.0014813714836021425,0.01,0.001,30.0,COMPLETE
