,number,value,datetime_start,datetime_complete,duration,params_alpha,params_batch_size,params_gamma,params_lambda,params_learning_rate,params_rank,state
0,0,0.8009874581798696,2021-05-12 23:25:49.651504,2021-05-12 23:57:25.663656,0 days 00:31:36.012152,0.18579456176227568,128,0.004389006955136502,1.0,0.005,55.0,COMPLETE
1,1,0.7938154110291072,2021-05-12 23:57:25.664694,2021-05-13 00:10:12.204694,0 days 00:12:46.540000,0.19636627605010293,2048,0.0025337660753031108,0.001,0.0001,65.0,COMPLETE
2,2,0.7753909928568592,2021-05-13 00:10:12.205984,2021-05-13 00:26:08.050545,0 days 00:15:55.844561,0.18360787635373776,256,0.002349584641669074,1e-05,0.05,80.0,COMPLETE
3,3,0.7856784804231131,2021-05-13 00:26:08.051768,2021-05-13 00:30:02.007681,0 days 00:03:53.955913,0.17781567509498505,1024,0.004480048592987277,1e-05,0.05,65.0,COMPLETE
4,4,0.7953827796997438,2021-05-13 00:30:02.008605,2021-05-13 00:42:51.744445,0 days 00:12:49.735840,0.1520477479551205,256,0.0037155181204758412,1e-05,0.005,100.0,COMPLETE
5,5,0.7923596997511642,2021-05-13 00:42:51.745366,2021-05-13 01:11:11.651898,0 days 00:28:19.906532,0.1944668917049584,256,0.0030873932870002867,0.0001,0.0005,75.0,COMPLETE
6,6,0.7941523607031349,2021-05-13 01:11:11.652931,2021-05-13 01:21:52.943736,0 days 00:10:41.290805,0.14561503322165487,1024,0.003273735795474594,0.01,0.001,45.0,COMPLETE
7,7,0.5486962593496982,2021-05-13 01:21:52.944635,2021-05-13 01:42:31.977095,0 days 00:20:39.032460,0.1386488981125862,128,0.004610393902117619,1.0,0.01,5.0,COMPLETE
8,8,0.7938593414283858,2021-05-13 01:42:31.978199,2021-05-13 02:25:53.106893,0 days 00:43:21.128694,0.10992803503589739,256,0.004879236270986995,1e-05,0.0005,45.0,COMPLETE
9,9,0.8024411727379902,2021-05-13 02:25:53.107811,2021-05-13 02:40:40.641845,0 days 00:14:47.534034,0.17506861412184563,512,0.003431322674861871,0.01,0.005,70.0,COMPLETE
10,10,0.79974141017284,2021-05-13 02:40:40.643075,2021-05-13 02:59:23.663781,0 days 00:18:43.020706,0.15965591577129576,512,0.001543490638563086,0.1,0.005,20.0,COMPLETE
11,11,0.8044058886533061,2021-05-13 02:59:23.664973,2021-05-13 03:06:33.620511,0 days 00:07:09.955538,0.1710242885236192,512,0.00408355344578774,0.01,0.005,100.0,COMPLETE
12,12,0.8045337940651971,2021-05-13 03:06:33.621401,2021-05-13 03:13:43.706780,0 days 00:07:10.085379,0.17011525730293783,512,0.003730243498775754,0.01,0.005,100.0,COMPLETE
13,13,0.8044930061286945,2021-05-13 03:13:43.708217,2021-05-13 03:20:53.948324,0 days 00:07:10.240107,0.16357045431235506,512,0.003973909295173844,0.01,0.005,100.0,COMPLETE
14,14,0.7993106300462544,2021-05-13 03:20:53.949212,2021-05-13 03:36:35.793435,0 days 00:15:41.844223,0.12582014077251924,512,0.003853002922120528,0.01,0.001,90.0,COMPLETE
15,15,0.789736054760095,2021-05-13 03:36:35.794476,2021-05-13 03:55:03.102483,0 days 00:18:27.308007,0.16300593682689013,512,0.002399318144160634,0.01,0.0001,90.0,COMPLETE
16,16,0.8044359906784609,2021-05-13 03:55:03.103448,2021-05-13 04:02:15.849884,0 days 00:07:12.746436,0.13222198918659084,512,0.00404364559340927,0.01,0.005,100.0,COMPLETE
17,17,0.7963027625908026,2021-05-13 04:02:15.850942,2021-05-13 04:06:59.225562,0 days 00:04:43.374620,0.16230915543000865,2048,0.004972899606683284,0.0001,0.01,85.0,COMPLETE
18,18,0.8024346686602628,2021-05-13 04:06:59.226546,2021-05-13 04:22:22.059512,0 days 00:15:22.832966,0.1519768275374283,512,0.002814496728801041,0.001,0.005,30.0,COMPLETE
19,19,0.8077057308862957,2021-05-13 04:22:22.061069,2021-05-13 04:29:34.360843,0 days 00:07:12.299774,0.1666190999875976,512,0.003534859569172765,0.1,0.005,100.0,COMPLETE
20,20,0.807362268163399,2021-05-13 04:29:34.362199,2021-05-13 04:38:32.584062,0 days 00:08:58.221863,0.1905971221693465,1024,0.0016395244789444267,0.1,0.005,90.0,COMPLETE
21,21,0.8073802142915598,2021-05-13 04:38:32.584987,2021-05-13 04:47:31.957903,0 days 00:08:59.372916,0.19999832463953476,1024,0.0010709087496722954,0.1,0.005,90.0,COMPLETE
22,22,0.807376402837932,2021-05-13 04:47:31.959424,2021-05-13 04:56:31.824577,0 days 00:08:59.865153,0.19944073570820783,1024,0.0011020710691130927,0.1,0.005,90.0,COMPLETE
23,23,0.8044699259443019,2021-05-13 04:56:31.825953,2021-05-13 05:05:29.981066,0 days 00:08:58.155113,0.199940710430906,1024,0.001037151119251878,0.1,0.005,80.0,COMPLETE
24,24,0.7765159022560176,2021-05-13 05:05:29.982850,2021-05-13 05:35:23.562636,0 days 00:29:53.579786,0.19962518464033677,1024,0.0010234594786793292,0.1,0.0001,90.0,COMPLETE
25,25,0.8043593130488198,2021-05-13 05:35:23.563882,2021-05-13 05:44:24.906249,0 days 00:09:01.342367,0.18417803284007458,1024,0.0015145921834436107,0.1,0.005,80.0,COMPLETE
26,26,0.8032523472146389,2021-05-13 05:44:24.907488,2021-05-13 05:48:46.578495,0 days 00:04:21.671007,0.10372954795456132,1024,0.00205910064228855,0.1,0.01,60.0,COMPLETE
27,27,0.800241715365954,2021-05-13 05:48:46.579445,2021-05-13 05:59:16.100976,0 days 00:10:29.521531,0.1894676612870487,1024,0.0013246533474395173,0.1,0.001,95.0,COMPLETE
28,28,0.8054297548019855,2021-05-13 05:59:16.102478,2021-05-13 06:07:10.139222,0 days 00:07:54.036744,0.17881508009587627,1024,0.001942447532671396,0.1,0.05,70.0,COMPLETE
29,29,0.6084754158831613,2021-05-13 06:07:10.140978,2021-05-13 06:28:00.551320,0 days 00:20:50.410342,0.18955174984329953,128,0.0012231037978679637,1.0,0.0005,55.0,COMPLETE
30,30,0.7977144627291919,2021-05-13 06:28:00.552228,2021-05-13 06:31:01.891775,0 days 00:03:01.339547,0.12014345027741245,2048,0.0019025927823179574,0.1,0.005,85.0,COMPLETE
31,31,0.8073679263906238,2021-05-13 06:31:01.892687,2021-05-13 06:40:02.167412,0 days 00:09:00.274725,0.19424402807266342,1024,0.001570729050981701,0.1,0.005,90.0,COMPLETE
32,32,0.8088775862699332,2021-05-13 06:40:02.168370,2021-05-13 06:49:01.133191,0 days 00:08:58.964821,0.1969494740739509,1024,0.001246429277022047,0.1,0.005,95.0,COMPLETE
33,33,0.8088650189820131,2021-05-13 06:49:01.134156,2021-05-13 06:58:02.279788,0 days 00:09:01.145632,0.1995921229412783,1024,0.0027369975190376147,0.1,0.005,95.0,COMPLETE
34,34,0.7973734645070774,2021-05-13 06:58:02.281263,2021-05-13 07:03:57.046821,0 days 00:05:54.765558,0.18456638380668966,1024,0.0028718140858728465,0.001,0.005,95.0,COMPLETE
35,35,0.8068779738950235,2021-05-13 07:03:57.047779,2021-05-13 07:30:45.890674,0 days 00:26:48.842895,0.17999524374445178,128,0.003461624933627035,0.1,0.005,75.0,COMPLETE
36,36,0.8044732990935785,2021-05-13 07:30:45.891833,2021-05-13 07:39:13.472808,0 days 00:08:27.580975,0.19510542097347328,1024,0.0026739942636474262,0.1,0.05,95.0,COMPLETE
37,37,0.794378069501762,2021-05-13 07:39:13.474002,2021-05-13 07:49:34.791201,0 days 00:10:21.317199,0.17141975482093863,2048,0.0031262857487976514,0.0001,0.0001,85.0,COMPLETE
38,38,0.806812096238389,2021-05-13 07:49:34.792386,2021-05-13 07:59:31.677031,0 days 00:09:56.884645,0.18923287804963143,1024,0.004393776138702374,0.1,0.005,75.0,COMPLETE
39,39,0.8098192113995303,2021-05-13 07:59:31.678479,2021-05-13 08:29:24.468745,0 days 00:29:52.790266,0.14596560138319314,256,0.0021930859792817594,1.0,0.005,100.0,COMPLETE
40,40,0.8041030716102366,2021-05-13 08:29:24.470697,2021-05-13 08:50:00.346935,0 days 00:20:35.876238,0.1437402545544565,256,0.0022567256024558285,1.0,0.05,100.0,COMPLETE
41,41,0.8099122306045609,2021-05-13 08:50:00.347934,2021-05-13 09:19:51.218411,0 days 00:29:50.870477,0.15617606113818006,256,0.0025868035112981153,1.0,0.005,95.0,COMPLETE
42,42,0.8099068222877117,2021-05-13 09:19:51.219359,2021-05-13 09:49:46.130210,0 days 00:29:54.910851,0.15731431387487047,256,0.0025866567904403383,1.0,0.005,95.0,COMPLETE
43,43,0.7827343798428146,2021-05-13 09:49:46.131283,2021-05-13 10:55:44.997160,0 days 01:05:58.865877,0.14819061027088454,256,0.002601580143340874,1.0,0.0005,95.0,COMPLETE
44,44,0.8039052925388829,2021-05-13 10:55:44.998087,2021-05-13 11:10:07.852674,0 days 00:14:22.854587,0.15688075163094284,256,0.0022589601800894637,1.0,0.005,80.0,COMPLETE
45,45,0.8060169916396956,2021-05-13 11:10:07.853830,2021-05-13 11:26:01.809967,0 days 00:15:53.956137,0.1401303601152017,256,0.0029391241344370704,1.0,0.005,95.0,COMPLETE
46,46,0.8064159434371464,2021-05-13 11:26:01.811386,2021-05-13 12:01:54.425162,0 days 00:35:52.613776,0.15669844988432066,256,0.002457735399124359,1.0,0.005,45.0,COMPLETE
47,47,0.8007046826673421,2021-05-13 12:01:54.426435,2021-05-13 12:42:46.095936,0 days 00:40:51.669501,0.13495030787101597,256,0.0031159038341058926,1.0,0.001,85.0,COMPLETE
48,48,0.7961676136227904,2021-05-13 12:42:46.096865,2021-05-13 13:00:14.310226,0 days 00:17:28.213361,0.15427358314854286,256,0.002664720103973074,1e-05,0.005,100.0,COMPLETE
49,49,0.8087099861192344,2021-05-13 13:00:14.311580,2021-05-13 13:17:47.034054,0 days 00:17:32.722474,0.1292185380739558,256,0.0021316377780499114,1.0,0.01,95.0,COMPLETE
50,50,0.6081321325830985,2021-05-13 13:17:47.034992,2021-05-13 13:30:19.882681,0 days 00:12:32.847689,0.14671450060830224,256,0.0017559412561106308,1.0,0.005,10.0,COMPLETE
51,51,0.8081683073022243,2021-05-13 13:30:19.883662,2021-05-13 13:49:19.377672,0 days 00:18:59.494010,0.1272266882435049,256,0.0020951643855002273,1.0,0.01,95.0,COMPLETE
52,52,0.8085933728115515,2021-05-13 13:49:19.378634,2021-05-13 14:09:57.267543,0 days 00:20:37.888909,0.11754847297499157,256,0.0023003468623578297,1.0,0.01,100.0,COMPLETE
53,53,0.804482403520805,2021-05-13 14:09:57.268452,2021-05-13 14:35:08.369331,0 days 00:25:11.100879,0.14093508830503296,256,0.002770591284170953,1.0,0.01,85.0,COMPLETE
54,54,0.8090121341714519,2021-05-13 14:35:08.370794,2021-05-13 15:01:57.518200,0 days 00:26:49.147406,0.13480993076576947,256,0.0024464078927463797,1.0,0.01,95.0,COMPLETE
55,55,0.7973147932404057,2021-05-13 15:01:57.519144,2021-05-13 15:22:17.026476,0 days 00:20:19.507332,0.13495953832410076,256,0.003275455691580425,1.0,0.005,30.0,COMPLETE
56,56,0.7996923956994049,2021-05-13 15:22:17.027592,2021-05-13 15:39:43.940571,0 days 00:17:26.912979,0.14933367341559997,256,0.0024885315419867155,1e-05,0.01,100.0,COMPLETE
57,57,0.8017621508680282,2021-05-13 15:39:43.941504,2021-05-13 15:52:34.876573,0 days 00:12:50.935069,0.144609787423175,256,0.002983990608361395,0.001,0.005,75.0,COMPLETE
58,58,0.6064838288352917,2021-05-13 15:52:34.877714,2021-05-13 16:13:34.675770,0 days 00:20:59.798056,0.13713991426838842,128,0.0023895845704949552,1.0,0.0005,85.0,COMPLETE
59,59,0.793170153973294,2021-05-13 16:13:34.676832,2021-05-13 16:35:40.474836,0 days 00:22:05.798004,0.12106295163672143,256,0.0025614258152965234,0.0001,0.0001,90.0,COMPLETE
60,60,0.8098153089528939,2021-05-13 16:35:40.476424,2021-05-13 17:05:31.945940,0 days 00:29:51.469516,0.15085684968624452,256,0.0032061771163781343,1.0,0.005,100.0,COMPLETE
61,61,0.809810786215889,2021-05-13 17:05:31.947016,2021-05-13 17:35:26.593065,0 days 00:29:54.646049,0.15228229718594483,256,0.00324628789575655,1.0,0.005,100.0,COMPLETE
62,62,0.8098117230594001,2021-05-13 17:35:26.594278,2021-05-13 18:05:24.691506,0 days 00:29:58.097228,0.1530139475066964,256,0.00328835176222671,1.0,0.005,100.0,COMPLETE
63,63,0.809781622315837,2021-05-13 18:05:24.692547,2021-05-13 18:43:28.835616,0 days 00:38:04.143069,0.15947932261903774,256,0.0033219905597005094,1.0,0.005,100.0,COMPLETE
64,64,0.8097813647159112,2021-05-13 18:43:28.836822,2021-05-13 19:21:34.059262,0 days 00:38:05.222440,0.1596128477133366,256,0.0036682091660420863,1.0,0.005,100.0,COMPLETE
65,65,0.8097748093745171,2021-05-13 19:21:34.060351,2021-05-13 19:59:41.765859,0 days 00:38:07.705508,0.16664320909147462,256,0.0032375470994321772,1.0,0.005,100.0,COMPLETE
66,66,0.8075867850817726,2021-05-13 19:59:41.767462,2021-05-13 20:15:49.264456,0 days 00:16:07.496994,0.15294564055817814,256,0.003343900394023331,1.0,0.005,90.0,COMPLETE
67,67,0.8097817517565957,2021-05-13 20:15:49.265557,2021-05-13 20:54:00.681167,0 days 00:38:11.415610,0.15997119542535906,256,0.0036602248293362985,1.0,0.005,100.0,COMPLETE
68,68,0.8075597691293602,2021-05-13 20:54:00.682466,2021-05-13 21:10:05.067237,0 days 00:16:04.384771,0.1507431375612821,256,0.00418607870068561,1.0,0.005,90.0,COMPLETE
69,69,0.8097758231135284,2021-05-13 21:10:05.068679,2021-05-13 21:48:17.511512,0 days 00:38:12.442833,0.16505797103682043,256,0.0035941149422012027,1.0,0.005,100.0,COMPLETE
70,70,0.8052293292438324,2021-05-13 21:48:17.512430,2021-05-13 22:29:35.899693,0 days 00:41:18.387263,0.1556021366348057,256,0.0038068737270611714,1.0,0.001,95.0,COMPLETE
71,71,0.8097804265908085,2021-05-13 22:29:35.900765,2021-05-13 23:07:53.999340,0 days 00:38:18.098575,0.16003828788766747,256,0.0033892029873785244,1.0,0.005,100.0,COMPLETE
72,72,0.8097810058702435,2021-05-13 23:07:54.000454,2021-05-13 23:46:04.108135,0 days 00:38:10.107681,0.15984043417512506,256,0.0031900462672816007,1.0,0.005,100.0,COMPLETE
73,73,0.8062035119282248,2021-05-13 23:46:04.109073,2021-05-14 00:02:06.724663,0 days 00:16:02.615590,0.1518476306074194,256,0.0035195898972167675,1.0,0.005,95.0,COMPLETE
74,74,0.8098289873807922,2021-05-14 00:02:06.725817,2021-05-14 00:32:20.100401,0 days 00:30:13.374584,0.14282274637311942,256,0.0030428057910462506,1.0,0.005,100.0,COMPLETE
75,75,0.8085696736183822,2021-05-14 00:32:20.101351,2021-05-14 00:38:59.333627,0 days 00:06:39.232276,0.14215832534798287,2048,0.0029885814128224825,1.0,0.005,90.0,COMPLETE
76,76,0.8061378969978827,2021-05-14 00:38:59.334897,2021-05-14 00:54:59.285745,0 days 00:15:59.950848,0.1498335467147507,256,0.0028626547678406618,1.0,0.005,95.0,COMPLETE
77,77,0.8098103261244793,2021-05-14 00:54:59.286752,2021-05-14 01:31:05.194581,0 days 00:36:05.907829,0.14674645005634585,256,0.0030671480347999277,1.0,0.005,80.0,COMPLETE
78,78,0.8071103585046618,2021-05-14 01:31:05.195580,2021-05-14 01:47:00.470680,0 days 00:15:55.275100,0.14562353453115834,256,0.0030940049371426985,1.0,0.005,70.0,COMPLETE
79,79,0.7958041619146102,2021-05-14 01:47:00.471759,2021-05-14 02:02:59.380085,0 days 00:15:58.908326,0.1478813582072483,256,0.0028436802108967553,0.001,0.05,85.0,COMPLETE
80,80,0.8035792645890706,2021-05-14 02:02:59.381169,2021-05-14 02:15:44.328854,0 days 00:12:44.947685,0.14342956360022027,256,0.0031677207799393767,0.01,0.005,60.0,COMPLETE
81,81,0.8075928598262904,2021-05-14 02:15:44.330335,2021-05-14 02:32:27.282610,0 days 00:16:42.952275,0.1569849077140787,256,0.0030439597033671134,1.0,0.005,90.0,COMPLETE
82,82,0.8098108810536726,2021-05-14 02:32:27.283526,2021-05-14 03:04:18.539238,0 days 00:31:51.255712,0.15376981023246583,256,0.003631230497935986,1.0,0.005,100.0,COMPLETE
83,83,0.8063150680751763,2021-05-14 03:04:18.541414,2021-05-14 03:21:23.342224,0 days 00:17:04.800810,0.15478912917020415,256,0.0034134509000185967,1.0,0.005,95.0,COMPLETE
84,84,0.8035681762579381,2021-05-14 03:21:23.343772,2021-05-14 03:36:35.272089,0 days 00:15:11.928317,0.15288647353158424,256,0.0029315735678408766,1.0,0.005,80.0,COMPLETE
85,85,0.8091466615675039,2021-05-14 03:36:35.273165,2021-05-14 04:22:53.633017,0 days 00:46:18.359852,0.1394764277678633,128,0.0038317465279493704,1.0,0.005,95.0,COMPLETE
86,86,0.798261639574468,2021-05-14 04:22:53.634335,2021-05-14 04:35:51.176722,0 days 00:12:57.542387,0.14630567508255604,256,0.0026492931991271415,0.0001,0.005,90.0,COMPLETE
87,87,0.6240120120101339,2021-05-14 04:35:51.178075,2021-05-14 04:51:56.707494,0 days 00:16:05.529419,0.16390091280921137,256,0.002762894375335854,1.0,0.0001,100.0,COMPLETE
88,88,0.794662266299452,2021-05-14 04:51:56.708582,2021-05-14 04:58:04.176023,0 days 00:06:07.467441,0.16885111593140534,2048,0.0035181155082854684,1e-05,0.005,80.0,COMPLETE
89,89,0.7825799749599543,2021-05-14 04:58:04.177089,2021-05-14 06:04:27.583632,0 days 01:06:23.406543,0.15014819460412587,256,0.0032491529396904105,1.0,0.0005,95.0,COMPLETE
90,90,0.8054612204406777,2021-05-14 06:04:27.584977,2021-05-14 06:16:08.660335,0 days 00:11:41.075358,0.13751137086080498,512,0.0019892330741051456,1.0,0.005,85.0,COMPLETE
91,91,0.8097770419072069,2021-05-14 06:16:08.661459,2021-05-14 06:54:22.829533,0 days 00:38:14.168074,0.16182727620830234,256,0.003662412502015082,1.0,0.005,100.0,COMPLETE
92,92,0.8098040834914527,2021-05-14 06:54:22.830623,2021-05-14 07:24:39.895643,0 days 00:30:17.065020,0.15728123906397462,256,0.004156264140040945,1.0,0.005,100.0,COMPLETE
93,93,0.8099066518360195,2021-05-14 07:24:39.896667,2021-05-14 07:54:13.733679,0 days 00:29:33.837012,0.15748412411009421,256,0.0041764300813203325,1.0,0.005,95.0,COMPLETE
94,94,0.8062218758552702,2021-05-14 07:54:13.734762,2021-05-14 08:10:18.064766,0 days 00:16:04.330004,0.15333130725517094,256,0.003069612077214713,1.0,0.005,95.0,COMPLETE
95,95,0.8076039622549313,2021-05-14 08:10:18.066130,2021-05-14 08:26:24.162282,0 days 00:16:06.096152,0.14745857329085107,256,0.004344790069728721,1.0,0.005,90.0,COMPLETE
96,96,0.7911668390800485,2021-05-14 08:26:24.163214,2021-05-14 09:29:08.191553,0 days 01:02:44.028339,0.14266274914052918,256,0.003996729547754719,1.0,0.001,65.0,COMPLETE
97,97,0.8098123971766187,2021-05-14 09:29:08.193207,2021-05-14 09:58:45.539962,0 days 00:29:37.346755,0.1513889311504504,256,0.0029109025672381765,1.0,0.005,100.0,COMPLETE
98,98,0.8097800677451408,2021-05-14 09:58:45.541263,2021-05-14 10:35:57.129860,0 days 00:37:11.588597,0.17361296915167207,256,0.0021871278830007048,1.0,0.005,100.0,COMPLETE
99,99,0.8099138556627989,2021-05-14 10:35:57.131622,2021-05-14 11:05:29.945814,0 days 00:29:32.814192,0.15525764109917545,256,0.0025209663791961605,1.0,0.005,95.0,COMPLETE
