,number,value,datetime_start,datetime_complete,duration,params_batch_size,params_lambda,params_learning_rate,params_rank,state
0,0,0.5081275839579418,2021-04-20 02:49:31.235884,2021-04-20 02:53:25.588425,0 days 00:03:54.352541,128,1.0,0.005,110.0,COMPLETE
1,1,0.8184032393572578,2021-04-20 02:53:25.589451,2021-04-20 02:55:49.168238,0 days 00:02:23.578787,1024,0.0001,0.05,175.0,COMPLETE
2,2,0.8238984532480382,2021-04-20 02:55:49.169223,2021-04-20 02:58:14.754035,0 days 00:02:25.584812,128,1e-05,0.01,80.0,COMPLETE
3,3,0.8134791680759903,2021-04-20 02:58:14.754844,2021-04-20 03:02:34.201078,0 days 00:04:19.446234,256,1e-05,0.05,80.0,COMPLETE
4,4,0.8197286178886862,2021-04-20 03:02:34.201869,2021-04-20 03:04:26.141643,0 days 00:01:51.939774,256,1e-05,0.01,170.0,COMPLETE
5,5,0.8292393865703506,2021-04-20 03:04:26.142498,2021-04-20 03:07:47.130244,0 days 00:03:20.987746,128,0.01,0.001,5.0,COMPLETE
6,6,0.8192562321701122,2021-04-20 03:07:47.131997,2021-04-20 03:09:45.635357,0 days 00:01:58.503360,1024,0.0001,0.05,95.0,COMPLETE
7,7,0.8294511490884202,2021-04-20 03:09:45.636205,2021-04-20 03:11:48.020640,0 days 00:02:02.384435,256,1e-05,0.0005,160.0,COMPLETE
8,8,0.8257302463200735,2021-04-20 03:11:48.021563,2021-04-20 03:13:25.853074,0 days 00:01:37.831511,512,1e-05,0.01,110.0,COMPLETE
9,9,0.819755072503947,2021-04-20 03:13:25.853861,2021-04-20 03:16:33.041061,0 days 00:03:07.187200,512,0.01,0.01,95.0,COMPLETE
10,10,0.5467069663509188,2021-04-20 03:16:33.042142,2021-04-20 03:17:56.622071,0 days 00:01:23.579929,2048,0.1,0.0005,195.0,COMPLETE
11,11,0.8298852344399238,2021-04-20 03:17:56.622905,2021-04-20 03:20:51.703003,0 days 00:02:55.080098,128,0.001,0.001,15.0,COMPLETE
12,12,0.8296982181754182,2021-04-20 03:20:51.703956,2021-04-20 03:45:19.580184,0 days 00:24:27.876228,256,0.001,0.0001,5.0,COMPLETE
13,13,0.830166199063421,2021-04-20 03:45:19.581098,2021-04-20 04:10:34.572724,0 days 00:25:14.991626,128,0.001,0.0001,5.0,COMPLETE
14,14,0.8300390126244571,2021-04-20 04:10:34.573561,2021-04-20 04:15:48.107430,0 days 00:05:13.533869,128,0.001,0.0001,40.0,COMPLETE
15,15,0.8300390139060488,2021-04-20 04:15:48.108215,2021-04-20 04:21:01.128872,0 days 00:05:13.020657,128,0.001,0.0001,40.0,COMPLETE
16,16,0.8298915860082424,2021-04-20 04:21:01.129679,2021-04-20 04:27:08.571203,0 days 00:06:07.441524,2048,0.001,0.0001,45.0,COMPLETE
17,17,0.8301604716302459,2021-04-20 04:27:08.571985,2021-04-20 04:32:14.421125,0 days 00:05:05.849140,128,0.001,0.0001,35.0,COMPLETE
18,18,0.5267033350378161,2021-04-20 04:32:14.422288,2021-04-20 04:34:11.405355,0 days 00:01:56.983067,128,0.1,0.0001,25.0,COMPLETE
19,19,0.5118538245555958,2021-04-20 04:34:11.406202,2021-04-20 04:36:23.751620,0 days 00:02:12.345418,128,1.0,0.0001,60.0,COMPLETE
20,20,0.8298646559224719,2021-04-20 04:36:23.752433,2021-04-20 04:39:59.171496,0 days 00:03:35.419063,512,0.001,0.005,135.0,COMPLETE
21,21,0.8300349345997619,2021-04-20 04:39:59.172680,2021-04-20 04:46:46.537408,0 days 00:06:47.364728,128,0.001,0.0001,30.0,COMPLETE
22,22,0.8300480145243502,2021-04-20 04:46:46.538195,2021-04-20 04:52:07.859896,0 days 00:05:21.321701,128,0.001,0.0001,55.0,COMPLETE
23,23,0.8301870672205904,2021-04-20 04:52:07.861225,2021-04-20 04:55:46.856736,0 days 00:03:38.995511,128,0.001,0.0001,60.0,COMPLETE
24,24,0.8303763198625609,2021-04-20 04:55:46.857567,2021-04-20 04:59:14.729509,0 days 00:03:27.871942,128,0.001,0.0001,65.0,COMPLETE
25,25,0.8299667885258708,2021-04-20 04:59:14.730335,2021-04-20 05:02:53.899976,0 days 00:03:39.169641,1024,0.001,0.0001,65.0,COMPLETE
26,26,0.8301660145142205,2021-04-20 05:02:53.900777,2021-04-20 05:06:19.043345,0 days 00:03:25.142568,128,0.001,0.0001,80.0,COMPLETE
27,27,0.8299854472190004,2021-04-20 05:06:19.044226,2021-04-20 05:09:41.837956,0 days 00:03:22.793730,2048,0.001,0.0001,120.0,COMPLETE
28,28,0.5103869621485283,2021-04-20 05:09:41.838906,2021-04-20 05:14:35.351184,0 days 00:04:53.512278,128,0.1,0.005,70.0,COMPLETE
29,29,0.49979005477891897,2021-04-20 05:14:35.352485,2021-04-20 05:17:22.850704,0 days 00:02:47.498219,128,1.0,0.0005,20.0,COMPLETE
30,30,0.8296106982802455,2021-04-20 05:17:22.851613,2021-04-20 05:19:42.539090,0 days 00:02:19.687477,128,0.0001,0.001,55.0,COMPLETE
31,31,0.8303472802769009,2021-04-20 05:19:42.539935,2021-04-20 05:23:00.116702,0 days 00:03:17.576767,128,0.001,0.0001,85.0,COMPLETE
32,32,0.8305543880540236,2021-04-20 05:23:00.117469,2021-04-20 05:25:39.774516,0 days 00:02:39.657047,128,0.001,0.0001,130.0,COMPLETE
33,33,0.8306354282217108,2021-04-20 05:25:39.775612,2021-04-20 05:28:20.541597,0 days 00:02:40.765985,128,0.001,0.0001,135.0,COMPLETE
34,34,0.8298702167487298,2021-04-20 05:28:20.542425,2021-04-20 05:32:36.705111,0 days 00:04:16.162686,1024,0.01,0.0001,140.0,COMPLETE
35,35,0.7910795908823098,2021-04-20 05:32:36.705894,2021-04-20 05:36:00.683109,0 days 00:03:23.977215,128,0.001,0.05,135.0,COMPLETE
36,36,0.510077584637698,2021-04-20 05:36:00.683945,2021-04-20 05:38:27.463088,0 days 00:02:26.779143,128,1.0,0.005,155.0,COMPLETE
37,37,0.8303054401536368,2021-04-20 05:38:27.463899,2021-04-20 05:41:19.307343,0 days 00:02:51.843444,128,0.0001,0.0001,120.0,COMPLETE
38,38,0.7938425038770198,2021-04-20 05:41:19.308180,2021-04-20 05:43:54.989045,0 days 00:02:35.680865,128,0.001,0.05,95.0,COMPLETE
39,39,0.8300122670878872,2021-04-20 05:43:54.990144,2021-04-20 05:46:14.886295,0 days 00:02:19.896151,256,0.001,0.0001,120.0,COMPLETE
40,40,0.8199020761949104,2021-04-20 05:46:14.887307,2021-04-20 05:49:18.732984,0 days 00:03:03.845677,512,0.01,0.01,105.0,COMPLETE
41,41,0.8303024271316196,2021-04-20 05:49:18.733897,2021-04-20 05:52:09.892889,0 days 00:02:51.158992,128,0.0001,0.0001,120.0,COMPLETE
42,42,0.8307943571231675,2021-04-20 05:52:09.893722,2021-04-20 05:54:50.665373,0 days 00:02:40.771651,128,0.0001,0.0001,150.0,COMPLETE
43,43,0.8308410339733957,2021-04-20 05:54:50.666494,2021-04-20 05:57:21.285852,0 days 00:02:30.619358,128,0.0001,0.0001,185.0,COMPLETE
44,44,0.830803388499669,2021-04-20 05:57:21.286662,2021-04-20 05:59:54.568451,0 days 00:02:33.281789,128,0.0001,0.0001,200.0,COMPLETE
45,45,0.8290403925500933,2021-04-20 05:59:54.569444,2021-04-20 06:01:40.742203,0 days 00:01:46.172759,1024,0.0001,0.001,190.0,COMPLETE
46,46,0.8302217214593585,2021-04-20 06:01:40.743088,2021-04-20 06:03:16.856562,0 days 00:01:36.113474,2048,0.0001,0.0005,180.0,COMPLETE
47,47,0.8307736901758903,2021-04-20 06:03:16.857466,2021-04-20 06:05:56.439304,0 days 00:02:39.581838,128,0.0001,0.0001,160.0,COMPLETE
48,48,0.8233512879370871,2021-04-20 06:05:56.440333,2021-04-20 06:07:44.025292,0 days 00:01:47.584959,256,0.0001,0.01,160.0,COMPLETE
49,49,0.8308033910628523,2021-04-20 06:07:44.026143,2021-04-20 06:10:17.473234,0 days 00:02:33.447091,128,0.0001,0.0001,200.0,COMPLETE
