,number,value,datetime_start,datetime_complete,duration,params_batch_size,params_lambda,params_learning_rate,params_rank,state
0,0,0.5042761856809382,2021-04-20 02:49:24.377054,2021-04-20 02:53:20.573037,0 days 00:03:56.195983,128,1.0,0.005,110.0,COMPLETE
1,1,0.8200073499794935,2021-04-20 02:53:20.573837,2021-04-20 02:57:11.065423,0 days 00:03:50.491586,1024,0.0001,0.05,175.0,COMPLETE
2,2,0.8274813298750727,2021-04-20 02:57:11.066483,2021-04-20 02:59:36.908713,0 days 00:02:25.842230,128,1e-05,0.01,80.0,COMPLETE
3,3,0.814284303692688,2021-04-20 02:59:36.909534,2021-04-20 03:04:22.202340,0 days 00:04:45.292806,256,1e-05,0.05,80.0,COMPLETE
4,4,0.8273531655816643,2021-04-20 03:04:22.203426,2021-04-20 03:06:26.986525,0 days 00:02:04.783099,256,1e-05,0.01,170.0,COMPLETE
5,5,0.5193243595327649,2021-04-20 03:06:26.987313,2021-04-20 03:09:05.242481,0 days 00:02:38.255168,128,0.01,0.001,5.0,COMPLETE
6,6,0.8223082607113432,2021-04-20 03:09:05.243709,2021-04-20 03:10:56.549117,0 days 00:01:51.305408,1024,0.0001,0.05,95.0,COMPLETE
7,7,0.8325114823436756,2021-04-20 03:10:56.549942,2021-04-20 03:13:02.820224,0 days 00:02:06.270282,256,1e-05,0.0005,160.0,COMPLETE
8,8,0.8307352821551196,2021-04-20 03:13:02.821213,2021-04-20 03:14:40.774805,0 days 00:01:37.953592,512,1e-05,0.01,110.0,COMPLETE
9,9,0.5073390552061093,2021-04-20 03:14:40.775831,2021-04-20 03:17:00.445000,0 days 00:02:19.669169,512,0.01,0.01,95.0,COMPLETE
10,10,0.547749214368927,2021-04-20 03:17:00.446129,2021-04-20 03:18:25.551358,0 days 00:01:25.105229,2048,0.1,0.0005,195.0,COMPLETE
11,11,0.8329913397416882,2021-04-20 03:18:25.552734,2021-04-20 03:21:00.037295,0 days 00:02:34.484561,512,0.001,0.0001,140.0,COMPLETE
12,12,0.8330385369181346,2021-04-20 03:21:00.038068,2021-04-20 03:23:33.100937,0 days 00:02:33.062869,512,0.001,0.0001,145.0,COMPLETE
13,13,0.8329908719607284,2021-04-20 03:23:33.101978,2021-04-20 03:26:03.813972,0 days 00:02:30.711994,512,0.001,0.0001,140.0,COMPLETE
14,14,0.8329913397416882,2021-04-20 03:26:03.815020,2021-04-20 03:28:35.893899,0 days 00:02:32.078879,512,0.001,0.0001,140.0,COMPLETE
15,15,0.8328214340075742,2021-04-20 03:28:35.894668,2021-04-20 03:35:01.004298,0 days 00:06:25.109630,512,0.001,0.0001,40.0,COMPLETE
16,16,0.833266022002817,2021-04-20 03:35:01.005305,2021-04-20 03:37:47.711931,0 days 00:02:46.706626,512,0.001,0.0001,200.0,COMPLETE
17,17,0.8334002943621265,2021-04-20 03:37:47.712821,2021-04-20 03:41:28.831530,0 days 00:03:41.118709,2048,0.001,0.0001,195.0,COMPLETE
18,18,0.4977198049159109,2021-04-20 03:41:28.832450,2021-04-20 03:42:52.006526,0 days 00:01:23.174076,2048,1.0,0.005,200.0,COMPLETE
19,19,0.8327866208514391,2021-04-20 03:42:52.007349,2021-04-20 03:46:44.927355,0 days 00:03:52.920006,2048,0.001,0.001,200.0,COMPLETE
20,20,0.561495648647686,2021-04-20 03:46:44.928218,2021-04-20 03:48:29.040320,0 days 00:01:44.112102,2048,0.1,0.0001,190.0,COMPLETE
21,21,0.8332838284374857,2021-04-20 03:48:29.041105,2021-04-20 03:51:04.769021,0 days 00:02:35.727916,512,0.001,0.0001,160.0,COMPLETE
22,22,0.8333005288585429,2021-04-20 03:51:04.769902,2021-04-20 03:55:35.110673,0 days 00:04:30.340771,2048,0.001,0.0001,175.0,COMPLETE
23,23,0.8333934929551317,2021-04-20 03:55:35.111814,2021-04-20 03:59:15.848004,0 days 00:03:40.736190,2048,0.001,0.0001,180.0,COMPLETE
24,24,0.833393401962123,2021-04-20 03:59:15.849115,2021-04-20 04:02:55.491399,0 days 00:03:39.642284,2048,0.001,0.0001,180.0,COMPLETE
25,25,0.8333934929551317,2021-04-20 04:02:55.492217,2021-04-20 04:06:33.906509,0 days 00:03:38.414292,2048,0.001,0.0001,180.0,COMPLETE
26,26,0.8334401352023848,2021-04-20 04:06:33.907364,2021-04-20 04:10:08.422574,0 days 00:03:34.515210,2048,0.001,0.0001,155.0,COMPLETE
27,27,0.8332914590342914,2021-04-20 04:10:08.423657,2021-04-20 04:14:28.264056,0 days 00:04:19.840399,2048,0.001,0.0001,120.0,COMPLETE
28,28,0.5102185315264272,2021-04-20 04:14:28.265214,2021-04-20 04:15:46.846266,0 days 00:01:18.581052,2048,0.01,0.005,155.0,COMPLETE
29,29,0.5109572614707222,2021-04-20 04:15:46.847422,2021-04-20 04:17:04.290959,0 days 00:01:17.443537,2048,1.0,0.001,125.0,COMPLETE
30,30,0.5351010849278401,2021-04-20 04:17:04.292222,2021-04-20 04:18:28.581316,0 days 00:01:24.289094,2048,0.1,0.0005,185.0,COMPLETE
31,31,0.8334444541663141,2021-04-20 04:18:28.582170,2021-04-20 04:21:56.484558,0 days 00:03:27.902388,2048,0.001,0.0001,165.0,COMPLETE
32,32,0.8333267950798281,2021-04-20 04:21:56.485770,2021-04-20 04:26:26.507925,0 days 00:04:30.022155,2048,0.001,0.0001,170.0,COMPLETE
33,33,0.8332446847830961,2021-04-20 04:26:26.509272,2021-04-20 04:28:49.707522,0 days 00:02:23.198250,1024,0.0001,0.0001,155.0,COMPLETE
34,34,0.8326720555272454,2021-04-20 04:28:49.708358,2021-04-20 04:32:18.166838,0 days 00:03:28.458480,128,0.001,0.0001,125.0,COMPLETE
35,35,0.7932672127552698,2021-04-20 04:32:18.167699,2021-04-20 04:33:59.504370,0 days 00:01:41.336671,2048,0.001,0.05,165.0,COMPLETE
36,36,0.5009039296737952,2021-04-20 04:33:59.505267,2021-04-20 04:35:23.487456,0 days 00:01:23.982189,2048,1.0,0.005,185.0,COMPLETE
37,37,0.8328631664771381,2021-04-20 04:35:23.488627,2021-04-20 04:41:29.608150,0 days 00:06:06.119523,2048,0.0001,0.0001,50.0,COMPLETE
38,38,0.7906447673340041,2021-04-20 04:41:29.609303,2021-04-20 04:45:17.437683,0 days 00:03:47.828380,1024,0.001,0.05,150.0,COMPLETE
39,39,0.8326002902384771,2021-04-20 04:45:17.438557,2021-04-20 04:48:09.666122,0 days 00:02:52.227565,128,0.001,0.0001,170.0,COMPLETE
40,40,0.5094977002914012,2021-04-20 04:48:09.666955,2021-04-20 04:51:25.231071,0 days 00:03:15.564116,256,0.01,0.01,190.0,COMPLETE
41,41,0.833477114248443,2021-04-20 04:51:25.232258,2021-04-20 04:55:08.333268,0 days 00:03:43.101010,2048,0.001,0.0001,185.0,COMPLETE
42,42,0.8333003648148091,2021-04-20 04:55:08.334202,2021-04-20 04:59:46.412956,0 days 00:04:38.078754,2048,0.001,0.0001,175.0,COMPLETE
43,43,0.8331830556028491,2021-04-20 04:59:46.413867,2021-04-20 05:02:38.386649,0 days 00:02:51.972782,2048,1e-05,0.0001,165.0,COMPLETE
44,44,0.8334764926764828,2021-04-20 05:02:38.387785,2021-04-20 05:06:23.866056,0 days 00:03:45.478271,2048,0.001,0.0001,200.0,COMPLETE
45,45,0.8325116630481011,2021-04-20 05:06:23.867981,2021-04-20 05:11:54.823171,0 days 00:05:30.955190,256,0.001,0.0005,200.0,COMPLETE
46,46,0.8328501198739332,2021-04-20 05:11:54.824187,2021-04-20 05:16:01.910271,0 days 00:04:07.086084,2048,0.001,0.001,190.0,COMPLETE
47,47,0.8331730040793781,2021-04-20 05:16:01.911100,2021-04-20 05:19:27.444071,0 days 00:03:25.532971,2048,0.0001,0.0001,135.0,COMPLETE
48,48,0.8303098616448997,2021-04-20 05:19:27.445151,2021-04-20 05:23:12.038567,0 days 00:03:44.593416,2048,0.001,0.01,70.0,COMPLETE
49,49,0.8332658412983914,2021-04-20 05:23:12.039440,2021-04-20 05:25:45.772727,0 days 00:02:33.733287,1024,1e-05,0.0001,200.0,COMPLETE
