,number,value,datetime_start,datetime_complete,duration,params_batch_size,params_clip,params_lambda,params_learning_rate,params_rank,state
0,0,0.6542727520405349,2021-04-21 02:34:47.875444,2021-04-21 02:42:34.865972,0 days 00:07:46.990528,2048,0.6100761485266478,1.0,0.05,110.0,COMPLETE
1,1,0.6863985642338769,2021-04-21 02:42:34.867030,2021-04-21 02:47:05.435785,0 days 00:04:30.568755,4096,0.14135331403890808,0.01,0.01,170.0,COMPLETE
2,2,0.6693668440403209,2021-04-21 02:47:05.436764,2021-04-21 02:54:45.292115,0 days 00:07:39.855351,2048,0.16250089224694073,1e-05,0.01,180.0,COMPLETE
3,3,0.7088577982382236,2021-04-21 02:54:45.293209,2021-04-21 03:04:18.735051,0 days 00:09:33.441842,4096,0.03949298999269448,1e-05,0.005,165.0,COMPLETE
4,4,0.6910318731233269,2021-04-21 03:04:18.736191,2021-04-21 03:16:23.167765,0 days 00:12:04.431574,2048,0.8615291093226427,0.01,0.05,20.0,COMPLETE
5,5,0.701479337933024,2021-04-21 03:16:23.168832,2021-04-21 03:22:12.232591,0 days 00:05:49.063759,8192,0.4972427802486445,1e-05,0.05,30.0,COMPLETE
6,6,0.7298542440154231,2021-04-21 03:22:12.233877,2021-04-21 03:40:09.595542,0 days 00:17:57.361665,16384,0.23362264375152436,0.01,0.001,95.0,COMPLETE
7,7,0.7207790216997666,2021-04-21 03:40:09.596797,2021-04-21 03:45:09.106681,0 days 00:04:59.509884,16384,0.13051801617136952,1e-05,0.01,110.0,COMPLETE
8,8,0.6418693297129975,2021-04-21 03:45:09.107666,2021-04-21 03:47:08.592240,0 days 00:01:59.484574,8192,0.22283808821402704,0.01,0.1,55.0,COMPLETE
9,9,0.5061810051279456,2021-04-21 03:47:08.593600,2021-04-21 03:49:18.497550,0 days 00:02:09.903950,4096,0.2637930579017412,1.0,0.001,5.0,COMPLETE
10,10,0.7298311215385055,2021-04-21 03:49:18.498854,2021-04-21 04:12:38.165679,0 days 00:23:19.666825,16384,0.06120773939376389,0.1,0.001,75.0,COMPLETE
11,11,0.7278411198195323,2021-04-21 04:12:38.166794,2021-04-21 04:36:24.457728,0 days 00:23:46.290934,16384,0.056158756289432045,0.1,0.001,70.0,COMPLETE
12,12,0.7285617716317243,2021-04-21 04:36:24.458784,2021-04-21 04:57:13.048524,0 days 00:20:48.589740,16384,0.06742668033965045,0.001,0.001,85.0,COMPLETE
13,13,0.7310164451690074,2021-04-21 04:57:13.050207,2021-04-21 05:13:28.824525,0 days 00:16:15.774318,16384,0.084839766765762,0.0001,0.001,135.0,COMPLETE
14,14,0.7311932676533665,2021-04-21 05:13:28.825795,2021-04-21 05:29:36.279620,0 days 00:16:07.453825,16384,0.09949946318786583,0.0001,0.001,135.0,COMPLETE
15,15,0.7274328277819875,2021-04-21 05:29:36.280728,2021-04-21 05:36:20.082605,0 days 00:06:43.801877,16384,0.09192898892791508,0.0001,0.005,145.0,COMPLETE
16,16,0.7302661603942119,2021-04-21 05:36:20.083618,2021-04-21 05:52:06.690546,0 days 00:15:46.606928,16384,0.032414924235372455,0.0001,0.001,140.0,COMPLETE
17,17,0.598513811446861,2021-04-21 05:52:06.691713,2021-04-21 05:53:52.714106,0 days 00:01:46.022393,16384,0.09346609148253039,0.0001,0.1,200.0,COMPLETE
18,18,0.7284322719197954,2021-04-21 05:53:52.714994,2021-04-21 06:10:40.188901,0 days 00:16:47.473907,16384,0.09023570938472122,0.0001,0.001,130.0,COMPLETE
19,19,0.7316238696387098,2021-04-21 06:10:40.190444,2021-04-21 06:29:05.295232,0 days 00:18:25.104788,8192,0.03991362575188143,0.0001,0.001,125.0,COMPLETE
20,20,0.5981810166930288,2021-04-21 06:29:05.296641,2021-04-21 06:30:53.831284,0 days 00:01:48.534643,8192,0.04243950459660737,0.001,0.1,120.0,COMPLETE
21,21,0.7320910469687353,2021-04-21 06:30:53.832448,2021-04-21 06:47:24.225720,0 days 00:16:30.393272,8192,0.049861603790705644,0.0001,0.001,155.0,COMPLETE
22,22,0.7323774852702568,2021-04-21 06:47:24.226827,2021-04-21 07:03:54.050808,0 days 00:16:29.823981,8192,0.03163864566666299,0.0001,0.001,155.0,COMPLETE
23,23,0.7323829294716727,2021-04-21 07:03:54.052334,2021-04-21 07:20:25.905009,0 days 00:16:31.852675,8192,0.0386401267080525,0.0001,0.001,155.0,COMPLETE
24,24,0.7320017341268156,2021-04-21 07:20:25.905961,2021-04-21 07:36:15.038482,0 days 00:15:49.132521,8192,0.031683519332097634,0.0001,0.001,195.0,COMPLETE
25,25,0.7216653410224185,2021-04-21 07:36:15.039822,2021-04-21 07:43:29.660745,0 days 00:07:14.620923,8192,0.04865879468080584,0.0001,0.005,160.0,COMPLETE
26,26,0.731200171587695,2021-04-21 07:43:29.661690,2021-04-21 07:59:32.693751,0 days 00:16:03.032061,8192,0.030878892034845194,0.0001,0.001,185.0,COMPLETE
27,27,0.7315122929862917,2021-04-21 07:59:32.694701,2021-04-21 08:16:32.557297,0 days 00:16:59.862596,8192,0.03086176621182074,0.0001,0.001,150.0,COMPLETE
28,28,0.7321413379074742,2021-04-21 08:16:32.558411,2021-04-21 08:33:07.390068,0 days 00:16:34.831657,8192,0.06836582953855018,0.0001,0.001,155.0,COMPLETE
29,29,0.6534769246241394,2021-04-21 08:33:07.391050,2021-04-21 08:35:12.509930,0 days 00:02:05.118880,8192,0.07025972478391929,1.0,0.05,180.0,COMPLETE
30,30,0.727264308730061,2021-04-21 08:35:12.511272,2021-04-21 08:53:37.587102,0 days 00:18:25.075830,8192,0.37639193335818466,0.001,0.001,110.0,COMPLETE
31,31,0.7320985968252657,2021-04-21 08:53:37.588257,2021-04-21 09:10:10.193894,0 days 00:16:32.605637,8192,0.04967424112708912,0.0001,0.001,155.0,COMPLETE
32,32,0.7331442923248673,2021-04-21 09:10:10.194993,2021-04-21 09:26:43.820627,0 days 00:16:33.625634,8192,0.04072895559114404,0.0001,0.001,170.0,COMPLETE
33,33,0.7088153173191243,2021-04-21 09:26:43.821824,2021-04-21 09:32:27.647555,0 days 00:05:43.825731,8192,0.037934204415006466,0.0001,0.01,180.0,COMPLETE
34,34,0.7253882853662962,2021-04-21 09:32:27.648535,2021-04-21 09:57:40.459252,0 days 00:25:12.810717,2048,0.037205228635566634,0.0001,0.001,170.0,COMPLETE
35,35,0.7317182909050278,2021-04-21 09:57:40.460708,2021-04-21 10:14:24.556603,0 days 00:16:44.095895,8192,0.07305565358197863,0.1,0.001,170.0,COMPLETE
36,36,0.6942430599709236,2021-04-21 10:14:24.557491,2021-04-21 10:19:24.628884,0 days 00:05:00.071393,4096,0.12726948088839987,1.0,0.005,190.0,COMPLETE
37,37,0.6092003110453742,2021-04-21 10:19:24.630269,2021-04-21 10:21:25.347768,0 days 00:02:00.717499,2048,0.045781307371931416,0.0001,0.05,165.0,COMPLETE
38,38,0.7118830171633012,2021-04-21 10:21:25.348788,2021-04-21 10:26:51.558304,0 days 00:05:26.209516,8192,0.054416302436775664,0.0001,0.01,145.0,COMPLETE
39,39,0.7115630216654815,2021-04-21 10:26:51.559328,2021-04-21 10:40:14.001549,0 days 00:13:22.442221,8192,0.9512976571428435,1e-05,0.001,120.0,COMPLETE
40,40,0.599545977183198,2021-04-21 10:40:14.002765,2021-04-21 10:42:16.607677,0 days 00:02:02.604912,8192,0.03552464200468608,0.01,0.1,175.0,COMPLETE
41,41,0.7323825872866968,2021-04-21 10:42:16.609079,2021-04-21 10:58:27.648398,0 days 00:16:11.039319,8192,0.04497603489411318,0.0001,0.001,155.0,COMPLETE
42,42,0.7314213999418424,2021-04-21 10:58:27.649271,2021-04-21 11:14:22.868870,0 days 00:15:55.219599,8192,0.042679047714324174,0.0001,0.001,160.0,COMPLETE
43,43,0.7316197928956063,2021-04-21 11:14:22.870356,2021-04-21 11:31:04.351908,0 days 00:16:41.481552,8192,0.06413062929931165,0.0001,0.001,150.0,COMPLETE
44,44,0.7301129499547885,2021-04-21 11:31:04.353359,2021-04-21 11:49:21.907163,0 days 00:18:17.553804,4096,0.0570470503083922,0.0001,0.001,165.0,COMPLETE
45,45,0.731906549031862,2021-04-21 11:49:21.908141,2021-04-21 12:09:08.705276,0 days 00:19:46.797135,8192,0.1600902101573123,1e-05,0.001,100.0,COMPLETE
46,46,0.6512741248610268,2021-04-21 12:09:08.706308,2021-04-21 12:11:08.244575,0 days 00:01:59.538267,8192,0.03464155696566431,0.01,0.05,140.0,COMPLETE
47,47,0.7211952993350098,2021-04-21 12:11:08.245985,2021-04-21 12:34:29.074086,0 days 00:23:20.828101,2048,0.11757561865316785,0.1,0.001,200.0,COMPLETE
48,48,0.707951894913256,2021-04-21 12:34:29.075098,2021-04-21 12:40:00.602337,0 days 00:05:31.527239,8192,0.0440649275269441,0.0001,0.01,185.0,COMPLETE
49,49,0.7306833902520661,2021-04-21 12:40:00.603755,2021-04-21 12:56:52.234168,0 days 00:16:51.630413,8192,0.07667317052021617,0.0001,0.001,175.0,COMPLETE
50,50,0.7223467325553792,2021-04-21 12:56:52.235396,2021-04-21 13:20:06.468604,0 days 00:23:14.233208,4096,0.10788142054320869,1.0,0.001,135.0,COMPLETE
51,51,0.7320959375225496,2021-04-21 13:20:06.469567,2021-04-21 13:36:23.692426,0 days 00:16:17.222859,8192,0.05212276156100398,0.0001,0.001,155.0,COMPLETE
52,52,0.7321413878895493,2021-04-21 13:36:23.693467,2021-04-21 13:52:46.013564,0 days 00:16:22.320097,8192,0.061019710449446186,0.0001,0.001,155.0,COMPLETE
53,53,0.7316245450375202,2021-04-21 13:52:46.014727,2021-04-21 14:09:54.324300,0 days 00:17:08.309573,8192,0.0646882112781309,0.0001,0.001,150.0,COMPLETE
54,54,0.7319773710691609,2021-04-21 14:09:54.325680,2021-04-21 14:26:11.589673,0 days 00:16:17.263993,8192,0.07927246051766115,0.0001,0.001,160.0,COMPLETE
55,55,0.7316785269602698,2021-04-21 14:26:11.591254,2021-04-21 14:44:12.701601,0 days 00:18:01.110347,8192,0.05677206908404764,0.0001,0.001,125.0,COMPLETE
56,56,0.7224299424577644,2021-04-21 14:44:12.702554,2021-04-21 14:51:41.523537,0 days 00:07:28.820983,8192,0.03944741327831224,0.001,0.005,140.0,COMPLETE
57,57,0.7280429589732978,2021-04-21 14:51:41.524689,2021-04-21 15:23:43.301683,0 days 00:32:01.776994,8192,0.03468320578447121,0.0001,0.001,45.0,COMPLETE
58,58,0.592667435030428,2021-04-21 15:23:43.302640,2021-04-21 15:25:25.187481,0 days 00:01:41.884841,8192,0.20529508739512267,0.0001,0.1,170.0,COMPLETE
59,59,0.7315875788073787,2021-04-21 15:25:25.189186,2021-04-21 15:41:19.646131,0 days 00:15:54.456945,8192,0.04391998052097247,0.0001,0.001,160.0,COMPLETE
60,60,0.7333576850275418,2021-04-21 15:41:19.647183,2021-04-21 15:57:06.898283,0 days 00:15:47.251100,8192,0.06093235424996097,1e-05,0.001,190.0,COMPLETE
61,61,0.7333637456745512,2021-04-21 15:57:06.899473,2021-04-21 16:12:55.192368,0 days 00:15:48.292895,8192,0.06344652600841746,1e-05,0.001,190.0,COMPLETE
62,62,0.73335077084048,2021-04-21 16:12:55.193526,2021-04-21 16:28:31.908740,0 days 00:15:36.715214,8192,0.059380265741096644,1e-05,0.001,190.0,COMPLETE
63,63,0.7319890066399367,2021-04-21 16:28:31.910174,2021-04-21 16:43:56.216013,0 days 00:15:24.305839,8192,0.031569621581428495,1e-05,0.001,195.0,COMPLETE
64,64,0.7323055405586546,2021-04-21 16:43:56.217642,2021-04-21 16:59:25.565809,0 days 00:15:29.348167,8192,0.04835515112599982,1e-05,0.001,200.0,COMPLETE
65,65,0.7314838365248417,2021-04-21 16:59:25.567157,2021-04-21 17:15:04.458707,0 days 00:15:38.891550,8192,0.08401895087930811,1e-05,0.001,185.0,COMPLETE
66,66,0.7333885842027156,2021-04-21 17:15:04.459709,2021-04-21 17:30:18.708078,0 days 00:15:14.248369,8192,0.03956247347724237,1e-05,0.001,190.0,COMPLETE
67,67,0.7333908551831555,2021-04-21 17:30:18.709258,2021-04-21 17:45:32.991738,0 days 00:15:14.282480,8192,0.04059493528891964,1e-05,0.001,190.0,COMPLETE
68,68,0.7249938178581002,2021-04-21 17:45:32.992598,2021-04-21 18:07:47.964010,0 days 00:22:14.971412,2048,0.039761472829947984,1e-05,0.001,190.0,COMPLETE
69,69,0.732041850509283,2021-04-21 18:07:47.965460,2021-04-21 18:22:50.469529,0 days 00:15:02.504069,8192,0.05752879011501934,1e-05,0.001,195.0,COMPLETE
70,70,0.645616815255772,2021-04-21 18:22:50.470587,2021-04-21 18:25:09.870048,0 days 00:02:19.399461,8192,0.05190949651989712,1e-05,0.05,190.0,COMPLETE
71,71,0.7308779230517187,2021-04-21 18:25:09.871100,2021-04-21 18:40:56.391895,0 days 00:15:46.520795,8192,0.045662811977709515,1e-05,0.001,175.0,COMPLETE
72,72,0.7189680006655255,2021-04-21 18:40:56.392909,2021-04-21 18:55:41.422981,0 days 00:14:45.030072,8192,0.6523740429267147,1e-05,0.001,180.0,COMPLETE
73,73,0.7322584369384001,2021-04-21 18:55:41.424138,2021-04-21 19:10:55.947141,0 days 00:15:14.523003,8192,0.040489880687605014,1e-05,0.001,200.0,COMPLETE
74,74,0.7311771080639942,2021-04-21 19:10:55.948303,2021-04-21 19:26:15.567197,0 days 00:15:19.618894,8192,0.034566923609255056,1e-05,0.001,185.0,COMPLETE
75,75,0.7305496164319163,2021-04-21 19:26:15.568148,2021-04-21 19:42:08.198974,0 days 00:15:52.630826,8192,0.04816836993928589,1e-05,0.001,175.0,COMPLETE
76,76,0.6876182780952628,2021-04-21 19:42:08.199969,2021-04-21 19:49:37.108011,0 days 00:07:28.908042,4096,0.07038165986747255,1e-05,0.01,190.0,COMPLETE
77,77,0.7219860747170405,2021-04-21 19:49:37.108921,2021-04-21 19:56:31.384799,0 days 00:06:54.275878,8192,0.06102186596566905,1e-05,0.005,165.0,COMPLETE
78,78,0.7319944200831525,2021-04-21 19:56:31.385929,2021-04-21 20:10:58.757049,0 days 00:14:27.371120,8192,0.03641794555446373,1e-05,0.001,195.0,COMPLETE
79,79,0.6268685926952596,2021-04-21 20:10:58.758006,2021-04-21 20:12:51.165198,0 days 00:01:52.407192,16384,0.30497895591956026,1e-05,0.1,180.0,COMPLETE
80,80,0.7322627969132629,2021-04-21 20:12:51.166125,2021-04-21 20:27:22.084931,0 days 00:14:30.918806,8192,0.04128873460098425,1e-05,0.001,200.0,COMPLETE
81,81,0.7318024197086407,2021-04-21 20:27:22.085856,2021-04-21 20:42:40.523074,0 days 00:15:18.437218,8192,0.03134013842249811,0.1,0.001,170.0,COMPLETE
82,82,0.7309357023305878,2021-04-21 20:42:40.524088,2021-04-21 20:58:40.406968,0 days 00:15:59.882880,8192,0.03349647841832943,0.01,0.001,145.0,COMPLETE
83,83,0.7312146612631207,2021-04-21 20:58:40.407941,2021-04-21 21:12:47.828804,0 days 00:14:07.420863,8192,0.04635980026986377,1e-05,0.001,185.0,COMPLETE
84,84,0.7306712856187391,2021-04-21 21:12:47.829748,2021-04-21 21:27:37.551103,0 days 00:14:49.721355,8192,0.05326936561138827,0.001,0.001,175.0,COMPLETE
85,85,0.7319950237128293,2021-04-21 21:27:37.552154,2021-04-21 21:42:02.413788,0 days 00:14:24.861634,8192,0.03760529257255886,1e-05,0.001,195.0,COMPLETE
86,86,0.7248408304156275,2021-04-21 21:42:02.414681,2021-04-21 21:58:10.902148,0 days 00:16:08.487467,8192,0.04209444624650636,1.0,0.001,180.0,COMPLETE
87,87,0.7331596316955706,2021-04-21 21:58:10.903074,2021-04-21 22:12:57.049257,0 days 00:14:46.146183,8192,0.05053295597587824,1e-05,0.001,170.0,COMPLETE
88,88,0.7252213529248578,2021-04-21 22:12:57.050289,2021-04-21 22:35:53.127065,0 days 00:22:56.076776,2048,0.059374469876288756,1e-05,0.001,170.0,COMPLETE
89,89,0.7310192787681907,2021-04-21 22:35:53.128035,2021-04-21 22:55:43.352634,0 days 00:19:50.224599,8192,0.10043919050209352,1e-05,0.001,85.0,COMPLETE
90,90,0.7314626133667796,2021-04-21 22:55:43.353636,2021-04-21 23:10:44.874355,0 days 00:15:01.520719,8192,0.05207113539560466,1e-05,0.001,165.0,COMPLETE
91,91,0.7333195358882885,2021-04-21 23:10:44.875247,2021-04-21 23:25:25.141700,0 days 00:14:40.266453,8192,0.04621096465176025,1e-05,0.001,190.0,COMPLETE
92,92,0.7333601892576658,2021-04-21 23:25:25.142623,2021-04-21 23:40:07.775517,0 days 00:14:42.632894,8192,0.06554700112960174,1e-05,0.001,190.0,COMPLETE
93,93,0.7333683158304479,2021-04-21 23:40:07.776407,2021-04-21 23:55:02.481751,0 days 00:14:54.705344,8192,0.06700290346753617,1e-05,0.001,190.0,COMPLETE
94,94,0.733371632589691,2021-04-21 23:55:02.482648,2021-04-22 00:09:52.587643,0 days 00:14:50.104995,8192,0.06443864081992073,1e-05,0.001,190.0,COMPLETE
95,95,0.733386432410301,2021-04-22 00:09:52.588638,2021-04-22 00:24:36.371168,0 days 00:14:43.782530,8192,0.07515797430928454,1e-05,0.001,190.0,COMPLETE
96,96,0.7333645095031868,2021-04-22 00:24:36.372076,2021-04-22 00:39:18.824531,0 days 00:14:42.452455,8192,0.06712706213726215,1e-05,0.001,190.0,COMPLETE
97,97,0.6552026429167976,2021-04-22 00:39:18.825474,2021-04-22 00:41:36.198181,0 days 00:02:17.372707,8192,0.07796011865923264,1e-05,0.05,200.0,COMPLETE
98,98,0.7313224059564444,2021-04-22 00:41:36.199191,2021-04-22 00:56:13.337640,0 days 00:14:37.138449,8192,0.08910029930219035,1e-05,0.001,185.0,COMPLETE
99,99,0.7309824906792913,2021-04-22 00:56:13.338541,2021-04-22 01:09:38.631631,0 days 00:13:25.293090,16384,0.06542164383939272,1e-05,0.001,195.0,COMPLETE
