,number,value,datetime_start,datetime_complete,duration,params_batch_size,params_lambda,params_learning_rate,params_rank,state
0,0,0.5044863359566866,2021-04-20 02:49:36.857257,2021-04-20 02:54:59.944213,0 days 00:05:23.086956,128,1.0,0.005,110.0,COMPLETE
1,1,0.8140877280359128,2021-04-20 02:54:59.945246,2021-04-20 02:56:51.166064,0 days 00:01:51.220818,1024,0.0001,0.05,175.0,COMPLETE
2,2,0.8251366130583364,2021-04-20 02:56:51.166955,2021-04-20 02:59:33.265302,0 days 00:02:42.098347,128,1e-05,0.01,80.0,COMPLETE
3,3,0.8152431559775188,2021-04-20 02:59:33.266248,2021-04-20 03:03:55.451916,0 days 00:04:22.185668,256,1e-05,0.05,80.0,COMPLETE
4,4,0.8232976276938467,2021-04-20 03:03:55.452978,2021-04-20 03:05:46.739801,0 days 00:01:51.286823,256,1e-05,0.01,170.0,COMPLETE
5,5,0.5231915252320896,2021-04-20 03:05:46.740608,2021-04-20 03:08:42.217100,0 days 00:02:55.476492,128,0.01,0.001,5.0,COMPLETE
6,6,0.8165609513310335,2021-04-20 03:08:42.218268,2021-04-20 03:10:21.172442,0 days 00:01:38.954174,1024,0.0001,0.05,95.0,COMPLETE
7,7,0.829521563579568,2021-04-20 03:10:21.173392,2021-04-20 03:12:25.925890,0 days 00:02:04.752498,256,1e-05,0.0005,160.0,COMPLETE
8,8,0.826918348441317,2021-04-20 03:12:25.926961,2021-04-20 03:14:01.626654,0 days 00:01:35.699693,512,1e-05,0.01,110.0,COMPLETE
9,9,0.5042477663856467,2021-04-20 03:14:01.627460,2021-04-20 03:15:36.314833,0 days 00:01:34.687373,512,0.01,0.01,95.0,COMPLETE
10,10,0.535640054460059,2021-04-20 03:15:36.315698,2021-04-20 03:16:59.203809,0 days 00:01:22.888111,2048,0.1,0.0005,195.0,COMPLETE
11,11,0.8300350204664038,2021-04-20 03:16:59.204608,2021-04-20 03:19:30.228369,0 days 00:02:31.023761,512,0.001,0.0001,140.0,COMPLETE
12,12,0.8300182521209881,2021-04-20 03:19:30.229161,2021-04-20 03:21:59.171859,0 days 00:02:28.942698,512,0.001,0.0001,145.0,COMPLETE
13,13,0.8300350179032204,2021-04-20 03:21:59.172643,2021-04-20 03:24:27.701421,0 days 00:02:28.528778,512,0.001,0.0001,140.0,COMPLETE
14,14,0.8300350179032204,2021-04-20 03:24:27.702523,2021-04-20 03:26:55.053668,0 days 00:02:27.351145,512,0.001,0.0001,140.0,COMPLETE
15,15,0.8296602189823904,2021-04-20 03:26:55.054420,2021-04-20 03:31:48.618440,0 days 00:04:53.564020,512,0.001,0.0001,40.0,COMPLETE
16,16,0.8300772117457856,2021-04-20 03:31:48.619310,2021-04-20 03:34:30.588470,0 days 00:02:41.969160,512,0.001,0.0001,130.0,COMPLETE
17,17,0.83021766394013,2021-04-20 03:34:30.589259,2021-04-20 03:38:59.896441,0 days 00:04:29.307182,2048,0.001,0.0001,130.0,COMPLETE
18,18,0.5021347510901886,2021-04-20 03:38:59.897427,2021-04-20 03:40:22.231669,0 days 00:01:22.334242,2048,1.0,0.005,200.0,COMPLETE
19,19,0.8294845935046514,2021-04-20 03:40:22.232565,2021-04-20 03:44:10.455618,0 days 00:03:48.223053,2048,0.001,0.001,120.0,COMPLETE
20,20,0.5455206251366305,2021-04-20 03:44:10.456750,2021-04-20 03:46:25.067357,0 days 00:02:14.610607,2048,0.1,0.0001,55.0,COMPLETE
21,21,0.8300771271607353,2021-04-20 03:46:25.068166,2021-04-20 03:49:09.192720,0 days 00:02:44.124554,512,0.001,0.0001,130.0,COMPLETE
22,22,0.8303121582571731,2021-04-20 03:49:09.193526,2021-04-20 03:53:36.502613,0 days 00:04:27.309087,2048,0.001,0.0001,125.0,COMPLETE
23,23,0.8304642293616015,2021-04-20 03:53:36.503755,2021-04-20 03:56:58.107490,0 days 00:03:21.603735,2048,0.001,0.0001,160.0,COMPLETE
24,24,0.8304639756064507,2021-04-20 03:56:58.108266,2021-04-20 04:00:18.429232,0 days 00:03:20.320966,2048,0.001,0.0001,160.0,COMPLETE
25,25,0.8303884155247463,2021-04-20 04:00:18.430034,2021-04-20 04:03:49.947541,0 days 00:03:31.517507,2048,0.001,0.0001,185.0,COMPLETE
26,26,0.8303880515527119,2021-04-20 04:03:49.948359,2021-04-20 04:07:21.629472,0 days 00:03:31.681113,2048,0.001,0.0001,185.0,COMPLETE
27,27,0.8304645433515607,2021-04-20 04:07:21.630314,2021-04-20 04:10:43.867896,0 days 00:03:22.237582,2048,0.001,0.0001,160.0,COMPLETE
28,28,0.5048795641657372,2021-04-20 04:10:43.869281,2021-04-20 04:12:20.197981,0 days 00:01:36.328700,2048,0.01,0.005,160.0,COMPLETE
29,29,0.5146518044615918,2021-04-20 04:12:20.198757,2021-04-20 04:13:37.230653,0 days 00:01:17.031896,2048,1.0,0.001,155.0,COMPLETE
30,30,0.5248998395098635,2021-04-20 04:13:37.231453,2021-04-20 04:14:55.966734,0 days 00:01:18.735281,2048,0.1,0.0005,170.0,COMPLETE
31,31,0.8303884565356797,2021-04-20 04:14:55.968061,2021-04-20 04:18:27.729991,0 days 00:03:31.761930,2048,0.001,0.0001,185.0,COMPLETE
32,32,0.8304543726400643,2021-04-20 04:18:27.731123,2021-04-20 04:21:52.538204,0 days 00:03:24.807081,2048,0.001,0.0001,180.0,COMPLETE
33,33,0.8299680060379577,2021-04-20 04:21:52.539007,2021-04-20 04:24:13.385139,0 days 00:02:20.846132,1024,0.0001,0.0001,175.0,COMPLETE
34,34,0.8308622186837078,2021-04-20 04:24:13.386112,2021-04-20 04:26:57.654549,0 days 00:02:44.268437,128,0.001,0.0001,150.0,COMPLETE
35,35,0.756899229605514,2021-04-20 04:26:57.655339,2021-04-20 04:29:59.469110,0 days 00:03:01.813771,128,0.001,0.05,155.0,COMPLETE
36,36,0.5027804848981031,2021-04-20 04:29:59.469967,2021-04-20 04:32:42.325005,0 days 00:02:42.855038,128,1.0,0.005,200.0,COMPLETE
37,37,0.830853098877381,2021-04-20 04:32:42.325900,2021-04-20 04:35:29.900437,0 days 00:02:47.574537,128,0.0001,0.0001,150.0,COMPLETE
38,38,0.8001674971107284,2021-04-20 04:35:29.901278,2021-04-20 04:39:13.401638,0 days 00:03:43.500360,128,0.0001,0.05,115.0,COMPLETE
39,39,0.830853098877381,2021-04-20 04:39:13.402728,2021-04-20 04:42:00.916672,0 days 00:02:47.513944,128,0.0001,0.0001,150.0,COMPLETE
40,40,0.8255079901294066,2021-04-20 04:42:00.917493,2021-04-20 04:44:16.293896,0 days 00:02:15.376403,128,0.0001,0.01,100.0,COMPLETE
41,41,0.8308539255040085,2021-04-20 04:44:16.295258,2021-04-20 04:47:03.970473,0 days 00:02:47.675215,128,0.0001,0.0001,150.0,COMPLETE
42,42,0.8308530924694227,2021-04-20 04:47:03.971310,2021-04-20 04:49:51.623722,0 days 00:02:47.652412,128,0.0001,0.0001,150.0,COMPLETE
43,43,0.8308539242224168,2021-04-20 04:49:51.624653,2021-04-20 04:52:39.913010,0 days 00:02:48.288357,128,0.0001,0.0001,150.0,COMPLETE
44,44,0.8304575881535654,2021-04-20 04:52:39.914303,2021-04-20 04:55:27.095365,0 days 00:02:47.181062,128,0.0001,0.0001,145.0,COMPLETE
45,45,0.8300328391973808,2021-04-20 04:55:27.096206,2021-04-20 05:01:04.893020,0 days 00:05:37.796814,128,0.0001,0.0005,170.0,COMPLETE
46,46,0.8313508601110293,2021-04-20 05:01:04.893862,2021-04-20 05:07:18.270332,0 days 00:06:13.376470,128,0.0001,0.001,110.0,COMPLETE
47,47,0.8296295658728173,2021-04-20 05:07:18.271124,2021-04-20 05:10:01.110435,0 days 00:02:42.839311,128,0.0001,0.001,80.0,COMPLETE
48,48,0.829629559464859,2021-04-20 05:10:01.111676,2021-04-20 05:12:44.979937,0 days 00:02:43.868261,128,0.0001,0.001,80.0,COMPLETE
49,49,0.8291739062071339,2021-04-20 05:12:44.980720,2021-04-20 05:14:59.095775,0 days 00:02:14.115055,256,0.0001,0.001,110.0,COMPLETE
