,number,value,datetime_start,datetime_complete,duration,params_alpha,params_batch_size,params_gamma,params_lambda,params_learning_rate,params_rank,state
0,0,0.49888625710906587,2021-04-17 22:45:39.932981,2021-04-17 22:47:53.358474,0 days 00:02:13.425493,0.18579456176227568,1024,0.08625265649057129,1.0,0.05,55.0,COMPLETE
1,1,0.4996341594049461,2021-04-17 22:47:53.359372,2021-04-17 22:48:39.922082,0 days 00:00:46.562710,0.19636627605010293,16384,0.04450973669432,0.001,0.001,65.0,COMPLETE
2,2,0.49917095629069064,2021-04-17 22:48:39.923276,2021-04-17 22:49:01.670341,0 days 00:00:21.747065,0.1071036058197887,2048,0.017841636973138664,1e-05,0.005,80.0,COMPLETE
3,3,0.5010206993356618,2021-04-17 22:49:01.671548,2021-04-17 22:49:33.713509,0 days 00:00:32.041961,0.14736080452737105,1024,0.08208196767816799,0.01,0.01,5.0,COMPLETE
4,4,0.4990905889586305,2021-04-17 22:49:33.715069,2021-04-17 22:49:55.324216,0 days 00:00:21.609147,0.11433532874090464,1024,0.09502020253446256,0.01,0.005,55.0,COMPLETE
5,5,0.5008143669214997,2021-04-17 22:49:55.325457,2021-04-17 22:50:19.173652,0 days 00:00:23.848195,0.17369181771289582,8192,0.02948953189819347,0.1,0.05,55.0,COMPLETE
6,6,0.5033218266565039,2021-04-17 22:50:19.174840,2021-04-17 22:50:41.763965,0 days 00:00:22.589125,0.1386488981125862,1024,0.09123386279764642,0.1,0.1,15.0,COMPLETE
7,7,0.738461290641143,2021-04-17 22:50:41.765296,2021-04-17 22:54:12.525828,0 days 00:03:30.760532,0.10992803503589739,2048,0.0972828160972074,1e-05,0.005,45.0,COMPLETE
8,8,0.5024337579612218,2021-04-17 22:54:12.527109,2021-04-17 22:54:36.289611,0 days 00:00:23.762502,0.17506861412184563,4096,0.0647047601843921,0.01,0.05,70.0,COMPLETE
9,9,0.5027602395944856,2021-04-17 22:54:36.290821,2021-04-17 22:55:00.371871,0 days 00:00:24.081050,0.19883738380592264,16384,0.019184032967322528,0.001,0.05,35.0,COMPLETE
10,10,0.49705044368396045,2021-04-17 22:55:00.373080,2021-04-17 22:55:23.832334,0 days 00:00:23.459254,0.13112188568202995,2048,0.06705449003700564,0.0001,0.005,95.0,COMPLETE
11,11,0.6795007430976087,2021-04-17 22:55:23.833703,2021-04-17 22:56:12.909492,0 days 00:00:49.075789,0.12924627545815318,2048,0.0981775085111763,1e-05,0.1,25.0,COMPLETE
12,12,0.6782259220759865,2021-04-17 22:56:12.910794,2021-04-17 22:57:02.415831,0 days 00:00:49.505037,0.12162624768128177,2048,0.09980374208730844,1e-05,0.1,30.0,COMPLETE
13,13,0.6786175752088743,2021-04-17 22:57:02.417080,2021-04-17 22:57:54.879198,0 days 00:00:52.462118,0.10447506997195159,2048,0.07491085763380988,1e-05,0.1,35.0,COMPLETE
14,14,0.49658277678591695,2021-04-17 22:57:54.881142,2021-04-17 22:58:17.480176,0 days 00:00:22.599034,0.1227559310988535,2048,0.04877229012760495,1e-05,0.005,20.0,COMPLETE
15,15,0.7524315151757986,2021-04-17 22:58:17.481416,2021-04-17 23:01:37.368440,0 days 00:03:19.887024,0.10024328141912654,2048,0.09942770008456858,1e-05,0.01,45.0,COMPLETE
16,16,0.7513410306104992,2021-04-17 23:01:37.369857,2021-04-17 23:03:52.110853,0 days 00:02:14.740996,0.10155469403681744,4096,0.07842580813915295,1e-05,0.01,45.0,COMPLETE
17,17,0.499163088599426,2021-04-17 23:03:52.112188,2021-04-17 23:04:20.701549,0 days 00:00:28.589361,0.10220551629311321,4096,0.07835222693759841,1.0,0.01,45.0,COMPLETE
18,18,0.5017220055215891,2021-04-17 23:04:20.702846,2021-04-17 23:04:43.226214,0 days 00:00:22.523368,0.15651039411506246,4096,0.05883977829973641,0.0001,0.01,70.0,COMPLETE
19,19,0.4999398202999322,2021-04-17 23:04:43.227550,2021-04-17 23:05:04.986552,0 days 00:00:21.759002,0.10142347962939441,4096,0.07197612232928974,1e-05,0.01,5.0,COMPLETE
20,20,0.7560512837006577,2021-04-17 23:05:04.987420,2021-04-17 23:06:54.209478,0 days 00:01:49.222058,0.11683374511594326,8192,0.08663432361077233,1e-05,0.01,85.0,COMPLETE
21,21,0.7560579466957522,2021-04-17 23:06:54.210769,2021-04-17 23:08:42.989505,0 days 00:01:48.778736,0.11644225539164872,8192,0.0870459417537178,1e-05,0.01,85.0,COMPLETE
22,22,0.5010911996934515,2021-04-17 23:08:42.991148,2021-04-17 23:09:05.346858,0 days 00:00:22.355710,0.1245491337777288,8192,0.08706560981667931,1e-05,0.01,100.0,COMPLETE
23,23,0.7560875322394638,2021-04-17 23:09:05.348101,2021-04-17 23:10:53.235986,0 days 00:01:47.887885,0.1147097340919946,8192,0.0900268313564467,1e-05,0.01,85.0,COMPLETE
24,24,0.682159963791857,2021-04-17 23:10:53.237227,2021-04-17 23:14:36.601375,0 days 00:03:43.364148,0.11553374272764894,8192,0.08837737720924574,1e-05,0.001,90.0,COMPLETE
25,25,0.755586074895438,2021-04-17 23:14:36.602323,2021-04-17 23:16:24.502816,0 days 00:01:47.900493,0.14237762628379388,8192,0.08326898343602887,1e-05,0.01,85.0,COMPLETE
26,26,0.5011759692928995,2021-04-17 23:16:24.503980,2021-04-17 23:16:50.819861,0 days 00:00:26.315881,0.13481946016787996,8192,0.07014386852271487,0.1,0.01,80.0,COMPLETE
27,27,0.498213541951714,2021-04-17 23:16:50.820757,2021-04-17 23:17:15.399373,0 days 00:00:24.578616,0.11561700329043882,8192,0.06078319700477525,1.0,0.01,95.0,COMPLETE
28,28,0.594391625665815,2021-04-17 23:17:15.400324,2021-04-17 23:17:56.857398,0 days 00:00:41.457074,0.15182930010423332,8192,0.0926919318379275,0.0001,0.01,75.0,COMPLETE
29,29,0.5011420148031835,2021-04-17 23:17:56.858541,2021-04-17 23:18:19.357082,0 days 00:00:22.498541,0.16195367449683293,8192,0.08517539938369885,0.001,0.001,100.0,COMPLETE
30,30,0.7561373169494927,2021-04-17 23:18:19.357923,2021-04-17 23:20:05.987341,0 days 00:01:46.629418,0.11173469581229904,8192,0.05165169987102495,1e-05,0.01,85.0,COMPLETE
31,31,0.7561277998497482,2021-04-17 23:20:05.988807,2021-04-17 23:21:53.598409,0 days 00:01:47.609602,0.1123050788664841,8192,0.039453381717128484,1e-05,0.01,85.0,COMPLETE
32,32,0.7568469688603777,2021-04-17 23:21:53.599637,2021-04-17 23:23:40.574196,0 days 00:01:46.974559,0.10938327830541673,8192,0.03381434393977547,1e-05,0.01,90.0,COMPLETE
33,33,0.49854190239836654,2021-04-17 23:23:40.575407,2021-04-17 23:24:02.591840,0 days 00:00:22.016433,0.1103020022947725,8192,0.03765652506491886,1e-05,0.01,65.0,COMPLETE
34,34,0.5010134404004406,2021-04-17 23:24:02.592872,2021-04-17 23:24:32.300176,0 days 00:00:29.707304,0.10877311931669864,16384,0.0373397800865809,1.0,0.01,90.0,COMPLETE
35,35,0.7567099397973851,2021-04-17 23:24:32.301391,2021-04-17 23:26:35.878517,0 days 00:02:03.577126,0.12700209795953168,8192,0.05138097004719381,1e-05,0.01,75.0,COMPLETE
36,36,0.5000882670631166,2021-04-17 23:26:35.879490,2021-04-17 23:27:10.472642,0 days 00:00:34.593152,0.12709699895925125,8192,0.04720815048981448,0.001,0.001,75.0,COMPLETE
37,37,0.4982525382230615,2021-04-17 23:27:10.474314,2021-04-17 23:27:35.350805,0 days 00:00:24.876491,0.13435761580223962,8192,0.0275014993902766,0.01,0.01,95.0,COMPLETE
38,38,0.7446399350772317,2021-04-17 23:27:35.352036,2021-04-17 23:31:08.139210,0 days 00:03:32.787174,0.12139118170276955,1024,0.053618245162120846,1e-05,0.01,60.0,COMPLETE
39,39,0.4993606844031709,2021-04-17 23:31:08.140452,2021-04-17 23:31:30.395247,0 days 00:00:22.254795,0.10862345625582903,8192,0.03820629839214444,0.1,0.05,75.0,COMPLETE
40,40,0.4984973222321111,2021-04-17 23:31:30.396362,2021-04-17 23:31:52.902927,0 days 00:00:22.506565,0.13999678605737373,16384,0.042893117133417175,1e-05,0.01,80.0,COMPLETE
41,41,0.7561072956646132,2021-04-17 23:31:52.904227,2021-04-17 23:33:40.146212,0 days 00:01:47.241985,0.11352445883397382,8192,0.030183011974295765,1e-05,0.01,85.0,COMPLETE
42,42,0.7568901995106042,2021-04-17 23:33:40.147480,2021-04-17 23:35:26.855056,0 days 00:01:46.707576,0.1069439220232718,8192,0.02237654353965028,1e-05,0.01,90.0,COMPLETE
43,43,0.7569018965977802,2021-04-17 23:35:26.856184,2021-04-17 23:37:14.099170,0 days 00:01:47.242986,0.10627398286991238,8192,0.012441685302259075,1e-05,0.01,90.0,COMPLETE
44,44,0.5028285561200688,2021-04-17 23:37:14.100115,2021-04-17 23:37:40.507882,0 days 00:00:26.407767,0.10456745834134866,8192,0.011495480491170156,0.01,0.01,100.0,COMPLETE
45,45,0.6818330015617169,2021-04-17 23:37:40.509079,2021-04-17 23:39:03.499083,0 days 00:01:22.990004,0.10654093973541523,1024,0.010089092554532487,1e-05,0.05,90.0,COMPLETE
46,46,0.4968058519136614,2021-04-17 23:39:03.500032,2021-04-17 23:39:25.578081,0 days 00:00:22.078049,0.10042300876101819,8192,0.021883301270162928,1e-05,0.005,95.0,COMPLETE
47,47,0.7087544199277211,2021-04-17 23:39:25.579184,2021-04-17 23:39:58.745129,0 days 00:00:33.165945,0.1189583532344671,8192,0.014535674427913682,1e-05,0.1,70.0,COMPLETE
48,48,0.49888303262442313,2021-04-17 23:39:58.746426,2021-04-17 23:40:20.816401,0 days 00:00:22.069975,0.18612512443257162,8192,0.026123505167143457,1e-05,0.01,80.0,COMPLETE
49,49,0.5960427373809717,2021-04-17 23:40:20.817592,2021-04-17 23:41:02.571572,0 days 00:00:41.753980,0.12754610918115722,8192,0.020507983440450933,0.0001,0.01,90.0,COMPLETE
50,50,0.4976956084651734,2021-04-17 23:41:02.572827,2021-04-17 23:41:27.276780,0 days 00:00:24.703953,0.1059644297954653,16384,0.016463504092556112,0.001,0.01,95.0,COMPLETE
51,51,0.7566486668996224,2021-04-17 23:41:27.278121,2021-04-17 23:43:14.066043,0 days 00:01:46.787922,0.1204872906100458,8192,0.03143499038975449,1e-05,0.01,90.0,COMPLETE
52,52,0.5010910523104094,2021-04-17 23:43:14.067255,2021-04-17 23:43:36.432892,0 days 00:00:22.365637,0.1195192567210544,8192,0.03173706341070951,1e-05,0.01,100.0,COMPLETE
53,53,0.7568156044674276,2021-04-17 23:43:36.434326,2021-04-17 23:45:23.400787,0 days 00:01:46.966461,0.11115009740005988,8192,0.05144864678629224,1e-05,0.01,90.0,COMPLETE
54,54,0.7565784100442502,2021-04-17 23:45:23.402721,2021-04-17 23:47:10.548041,0 days 00:01:47.145320,0.12428021739117665,8192,0.03359433080645531,1e-05,0.01,90.0,COMPLETE
55,55,0.49903407717392345,2021-04-17 23:47:10.549599,2021-04-17 23:47:32.639010,0 days 00:00:22.089411,0.13288793868264562,8192,0.02415708274369409,1e-05,0.005,80.0,COMPLETE
56,56,0.49716474628186164,2021-04-17 23:47:32.640267,2021-04-17 23:47:54.427202,0 days 00:00:21.786935,0.10364994925317227,1024,0.04534707603757115,1e-05,0.01,95.0,COMPLETE
57,57,0.5036861729156701,2021-04-17 23:47:54.428470,2021-04-17 23:48:19.540077,0 days 00:00:25.111607,0.1190653731861202,8192,0.05728710642818713,0.1,0.1,75.0,COMPLETE
58,58,0.5010892798691292,2021-04-17 23:48:19.541417,2021-04-17 23:48:43.437435,0 days 00:00:23.896018,0.10832490145033871,8192,0.013686053076117519,1e-05,0.01,100.0,COMPLETE
59,59,0.72626779302922,2021-04-17 23:48:43.438738,2021-04-17 23:49:23.100291,0 days 00:00:39.661553,0.12999140122243996,8192,0.033758789286360766,1e-05,0.05,65.0,COMPLETE
60,60,0.5016068173438436,2021-04-17 23:49:23.101671,2021-04-17 23:49:51.494115,0 days 00:00:28.392444,0.1255797476812111,4096,0.06349300453976564,0.01,0.01,90.0,COMPLETE
61,61,0.7566023629925702,2021-04-17 23:49:51.495409,2021-04-17 23:51:38.771677,0 days 00:01:47.276268,0.12297292786362686,8192,0.034609074933936744,1e-05,0.01,90.0,COMPLETE
62,62,0.4968295869913975,2021-04-17 23:51:38.773106,2021-04-17 23:52:00.968870,0 days 00:00:22.195764,0.12180407354737126,8192,0.042294995647850726,1e-05,0.01,95.0,COMPLETE
63,63,0.49889912941580355,2021-04-17 23:52:00.970093,2021-04-17 23:52:22.934462,0 days 00:00:21.964369,0.11198244933090439,8192,0.0501396638920167,1e-05,0.01,80.0,COMPLETE
64,64,0.7567089196504154,2021-04-17 23:52:22.935754,2021-04-17 23:54:13.150135,0 days 00:01:50.214381,0.11716263012160008,8192,0.022590413671360034,1e-05,0.01,90.0,COMPLETE
65,65,0.49718866719038995,2021-04-17 23:54:13.151460,2021-04-17 23:54:47.031249,0 days 00:00:33.879789,0.11763149671967343,2048,0.02338930280290535,1.0,0.001,95.0,COMPLETE
66,66,0.7563267195376887,2021-04-17 23:54:47.032512,2021-04-17 23:56:34.694297,0 days 00:01:47.661785,0.10021104148939045,8192,0.018277615293444634,1e-05,0.01,85.0,COMPLETE
67,67,0.5010902256837819,2021-04-17 23:56:34.695615,2021-04-17 23:56:56.734464,0 days 00:00:22.038849,0.11486037478234669,8192,0.02587425355197313,1e-05,0.01,100.0,COMPLETE
68,68,0.7550194652756633,2021-04-17 23:56:56.735739,2021-04-17 23:59:02.713870,0 days 00:02:05.978131,0.11068132477093841,8192,0.02862220064914153,1e-05,0.01,50.0,COMPLETE
69,69,0.597770656166528,2021-04-17 23:59:02.715224,2021-04-17 23:59:42.983620,0 days 00:00:40.268396,0.10404675039697343,8192,0.01666862397138473,0.0001,0.01,80.0,COMPLETE
70,70,0.7568894087685436,2021-04-17 23:59:42.985009,2021-04-18 00:01:30.588162,0 days 00:01:47.603153,0.10699197201793315,8192,0.055085506635450525,1e-05,0.01,90.0,COMPLETE
71,71,0.7568961153377549,2021-04-18 00:01:30.589508,2021-04-18 00:03:19.159493,0 days 00:01:48.569985,0.10660942826695304,8192,0.05395325719710307,1e-05,0.01,90.0,COMPLETE
72,72,0.7562216097968394,2021-04-18 00:03:19.160905,2021-04-18 00:05:06.987654,0 days 00:01:47.826749,0.10668737530489832,8192,0.056109259523013606,1e-05,0.01,85.0,COMPLETE
73,73,0.7569619173804808,2021-04-18 00:05:06.989001,2021-04-18 00:06:55.255745,0 days 00:01:48.266744,0.10279245221140722,8192,0.06020929759295666,1e-05,0.01,90.0,COMPLETE
74,74,0.4968335189146424,2021-04-18 00:06:55.257060,2021-04-18 00:07:17.318800,0 days 00:00:22.061740,0.10180154043774105,8192,0.06271531014312305,1e-05,0.01,95.0,COMPLETE
75,75,0.7561742280711924,2021-04-18 00:07:17.320117,2021-04-18 00:09:06.708267,0 days 00:01:49.388150,0.10958142150830916,8192,0.05987588122093981,1e-05,0.01,85.0,COMPLETE
76,76,0.5003218563689251,2021-04-18 00:09:06.709568,2021-04-18 00:09:29.203600,0 days 00:00:22.494032,0.1029228887387846,4096,0.06641014383270968,1e-05,0.01,75.0,COMPLETE
77,77,0.5010424671701839,2021-04-18 00:09:29.205020,2021-04-18 00:09:51.437377,0 days 00:00:22.232357,0.10006912942453379,16384,0.05415089711264593,1e-05,0.005,100.0,COMPLETE
78,78,0.5017604994090017,2021-04-18 00:09:51.438671,2021-04-18 00:10:18.512232,0 days 00:00:27.073561,0.10666269650861274,8192,0.05072712310392332,0.001,0.01,85.0,COMPLETE
79,79,0.501587019315719,2021-04-18 00:10:18.513520,2021-04-18 00:10:40.971406,0 days 00:00:22.457886,0.1134078670128405,2048,0.048306744083596045,0.1,0.1,90.0,COMPLETE
80,80,0.5017422034063148,2021-04-18 00:10:40.972782,2021-04-18 00:11:03.372711,0 days 00:00:22.399929,0.10473348624446478,8192,0.05298634529841711,1.0,0.001,70.0,COMPLETE
81,81,0.7568221252058467,2021-04-18 00:11:03.373653,2021-04-18 00:12:51.090243,0 days 00:01:47.716590,0.11079320175662909,8192,0.0462291445415947,1e-05,0.01,90.0,COMPLETE
82,82,0.49683163881966186,2021-04-18 00:12:51.091232,2021-04-18 00:13:13.150889,0 days 00:00:22.059657,0.11023442230817303,8192,0.04627041451032814,1e-05,0.01,95.0,COMPLETE
83,83,0.49858374124003896,2021-04-18 00:13:13.151851,2021-04-18 00:13:35.176045,0 days 00:00:22.024194,0.10717275777927801,8192,0.04236657874122351,1e-05,0.01,10.0,COMPLETE
84,84,0.756768789205299,2021-04-18 00:13:35.177307,2021-04-18 00:15:23.501479,0 days 00:01:48.324172,0.11383927640135993,8192,0.05690916749887011,1e-05,0.01,90.0,COMPLETE
85,85,0.7567704219530871,2021-04-18 00:15:23.502791,2021-04-18 00:17:11.373517,0 days 00:01:47.870726,0.11374587556055542,8192,0.05720465834592808,1e-05,0.01,90.0,COMPLETE
86,86,0.7422761827794148,2021-04-18 00:17:11.374947,2021-04-18 00:20:06.079863,0 days 00:02:54.704916,0.11118523652132507,1024,0.06916145516795441,1e-05,0.01,85.0,COMPLETE
87,87,0.4968332856649583,2021-04-18 00:20:06.081184,2021-04-18 00:20:28.489205,0 days 00:00:22.408021,0.10247252112034427,8192,0.06190938771696678,1e-05,0.01,95.0,COMPLETE
88,88,0.7568652687078397,2021-04-18 00:20:28.490133,2021-04-18 00:22:18.030303,0 days 00:01:49.540170,0.10837520239031309,8192,0.05847556588264678,1e-05,0.01,90.0,COMPLETE
89,89,0.7279067027100825,2021-04-18 00:22:18.031225,2021-04-18 00:22:54.666522,0 days 00:00:36.635297,0.10018255212850519,8192,0.059568181711404544,1e-05,0.05,100.0,COMPLETE
90,90,0.501378995200552,2021-04-18 00:22:54.667431,2021-04-18 00:23:21.817304,0 days 00:00:27.149873,0.10782286652668262,8192,0.05549050584245328,0.01,0.01,85.0,COMPLETE
91,91,0.7569359074775297,2021-04-18 00:23:21.818247,2021-04-18 00:25:09.830676,0 days 00:01:48.012429,0.1042900149272852,8192,0.05884061559911217,1e-05,0.01,90.0,COMPLETE
92,92,0.49683290887700726,2021-04-18 00:25:09.832225,2021-04-18 00:25:31.805447,0 days 00:00:21.973222,0.10512657990069435,8192,0.0655429560408932,1e-05,0.01,95.0,COMPLETE
93,93,0.49890005985135627,2021-04-18 00:25:31.806426,2021-04-18 00:25:53.756936,0 days 00:00:21.950510,0.10835268165589756,8192,0.05332024571336828,1e-05,0.01,80.0,COMPLETE
94,94,0.75566138762995,2021-04-18 00:25:53.758216,2021-04-18 00:27:41.105892,0 days 00:01:47.347676,0.168218665855049,8192,0.04914541968002586,1e-05,0.01,90.0,COMPLETE
95,95,0.756961107414545,2021-04-18 00:27:41.107199,2021-04-18 00:29:27.813429,0 days 00:01:46.706230,0.102836172103793,8192,0.05816812951461797,1e-05,0.01,90.0,COMPLETE
96,96,0.5978500033516185,2021-04-18 00:29:27.814755,2021-04-18 00:30:07.785635,0 days 00:00:39.970880,0.10303500258031688,8192,0.0681541647691865,0.0001,0.01,80.0,COMPLETE
97,97,0.7562442439873307,2021-04-18 00:30:07.786585,2021-04-18 00:31:55.512509,0 days 00:01:47.725924,0.10526302642410786,8192,0.07288820015415114,1e-05,0.01,85.0,COMPLETE
98,98,0.49683365860813444,2021-04-18 00:31:55.513820,2021-04-18 00:32:17.720242,0 days 00:00:22.206422,0.1015572231203097,8192,0.06442492534889653,1e-05,0.01,95.0,COMPLETE
99,99,0.7558706164412873,2021-04-18 00:32:17.721275,2021-04-18 00:34:05.467342,0 days 00:01:47.746067,0.10885629069857973,16384,0.05903606578216361,1e-05,0.01,85.0,COMPLETE
