,number,value,datetime_start,datetime_complete,duration,params_batch_size,params_clip,params_lambda,params_learning_rate,params_rank,state
0,0,0.5036708322633752,2021-04-17 22:45:24.563943,2021-04-17 22:47:45.076988,0 days 00:02:20.513045,1024,0.6100761485266478,1.0,0.05,110.0,COMPLETE
1,1,0.703081483875229,2021-04-17 22:47:45.077974,2021-04-17 22:48:30.684639,0 days 00:00:45.606665,4096,0.08683890321100547,0.01,0.1,170.0,COMPLETE
2,2,0.7469059942051961,2021-04-17 22:48:30.685588,2021-04-17 22:52:01.049399,0 days 00:03:30.363811,4096,0.4845492265725183,0.1,0.005,15.0,COMPLETE
3,3,0.496475601119295,2021-04-17 22:52:01.050408,2021-04-17 22:52:26.328839,0 days 00:00:25.278431,2048,0.03949298999269448,1e-05,0.005,110.0,COMPLETE
4,4,0.5003822782898186,2021-04-17 22:52:26.329841,2021-04-17 22:52:49.208602,0 days 00:00:22.878761,1024,0.8615291093226427,0.01,0.05,20.0,COMPLETE
5,5,0.7213110129653401,2021-04-17 22:52:49.209402,2021-04-17 22:54:10.244026,0 days 00:01:21.034624,4096,0.4972427802486445,1e-05,0.05,30.0,COMPLETE
6,6,0.7511870627503987,2021-04-17 22:54:10.245019,2021-04-17 22:57:47.631067,0 days 00:03:37.386048,8192,0.23362264375152436,0.01,0.001,95.0,COMPLETE
7,7,0.7004019884007546,2021-04-17 22:57:47.632107,2021-04-17 22:58:38.579732,0 days 00:00:50.947625,4096,0.16021928846167377,1e-05,0.1,110.0,COMPLETE
8,8,0.5044579717698369,2021-04-17 22:58:38.580900,2021-04-17 22:59:00.951356,0 days 00:00:22.370456,16384,0.049372650462787986,0.001,0.01,40.0,COMPLETE
9,9,0.49972971359830076,2021-04-17 22:59:00.952471,2021-04-17 22:59:23.461007,0 days 00:00:22.508536,1024,0.11833323011883276,1.0,0.1,65.0,COMPLETE
10,10,0.4960789895082344,2021-04-17 22:59:23.462024,2021-04-17 22:59:46.097348,0 days 00:00:22.635324,8192,0.24529288238969504,0.0001,0.001,180.0,COMPLETE
11,11,0.7705178789419991,2021-04-17 22:59:46.098359,2021-04-17 23:02:00.357531,0 days 00:02:14.259172,8192,0.32210496602768157,0.1,0.005,70.0,COMPLETE
12,12,0.5019952818766554,2021-04-17 23:02:00.358379,2021-04-17 23:02:22.422489,0 days 00:00:22.064110,8192,0.3117363816866556,0.1,0.001,75.0,COMPLETE
13,13,0.5019933966553082,2021-04-17 23:02:22.423613,2021-04-17 23:02:45.046973,0 days 00:00:22.623360,8192,0.2844566246609712,0.1,0.001,75.0,COMPLETE
14,14,0.769051120343857,2021-04-17 23:02:45.048017,2021-04-17 23:04:46.616819,0 days 00:02:01.568802,8192,0.19304802833333157,0.01,0.005,140.0,COMPLETE
15,15,0.5002936434098926,2021-04-17 23:04:46.617849,2021-04-17 23:05:08.895191,0 days 00:00:22.277342,8192,0.07573378796698355,0.001,0.005,150.0,COMPLETE
16,16,0.773294064100048,2021-04-17 23:05:08.896310,2021-04-17 23:07:09.199301,0 days 00:02:00.302991,8192,0.1637520699141858,0.1,0.005,140.0,COMPLETE
17,17,0.7722606321511405,2021-04-17 23:07:09.200798,2021-04-17 23:08:58.787068,0 days 00:01:49.586270,16384,0.1410526273887056,0.1,0.005,135.0,COMPLETE
18,18,0.774336950350708,2021-04-17 23:08:58.788142,2021-04-17 23:10:38.754806,0 days 00:01:39.966664,16384,0.13006290979541638,0.1,0.005,200.0,COMPLETE
19,19,0.7694750516445559,2021-04-17 23:10:38.755790,2021-04-17 23:11:40.233226,0 days 00:01:01.477436,16384,0.0966934967925214,0.1,0.01,200.0,COMPLETE
20,20,0.7715164131497211,2021-04-17 23:11:40.234370,2021-04-17 23:13:31.658724,0 days 00:01:51.424354,16384,0.06938001748228836,0.0001,0.005,190.0,COMPLETE
21,21,0.7717037921046694,2021-04-17 23:13:31.660055,2021-04-17 23:15:14.067248,0 days 00:01:42.407193,16384,0.14511276478437185,0.1,0.005,140.0,COMPLETE
22,22,0.7731540412389132,2021-04-17 23:15:14.068305,2021-04-17 23:16:55.026463,0 days 00:01:40.958158,16384,0.1221465419683968,0.1,0.005,155.0,COMPLETE
23,23,0.7764220384820762,2021-04-17 23:16:55.027458,2021-04-17 23:20:34.120530,0 days 00:03:39.093072,2048,0.11354874579415508,0.1,0.005,165.0,COMPLETE
24,24,0.7758205836663746,2021-04-17 23:20:34.122040,2021-04-17 23:23:45.227787,0 days 00:03:11.105747,2048,0.05842294265438946,0.1,0.005,170.0,COMPLETE
25,25,0.49453855861291834,2021-04-17 23:23:45.229477,2021-04-17 23:24:07.646865,0 days 00:00:22.417388,2048,0.059577449822853665,0.1,0.005,200.0,COMPLETE
26,26,0.7713024411676116,2021-04-17 23:24:07.647883,2021-04-17 23:26:21.326720,0 days 00:02:13.678837,2048,0.034565587304000576,0.1,0.01,165.0,COMPLETE
27,27,0.5010069504202216,2021-04-17 23:26:21.327764,2021-04-17 23:26:43.293575,0 days 00:00:21.965811,2048,0.052248171397818656,0.1,0.005,185.0,COMPLETE
28,28,0.4945514898728729,2021-04-17 23:26:43.294566,2021-04-17 23:27:05.340621,0 days 00:00:22.046055,2048,0.08758458733207013,1.0,0.005,200.0,COMPLETE
29,29,0.7201334698778692,2021-04-17 23:27:05.341673,2021-04-17 23:28:03.657649,0 days 00:00:58.315976,2048,0.10947668746415556,0.0001,0.05,125.0,COMPLETE
30,30,0.5007287476267742,2021-04-17 23:28:03.658806,2021-04-17 23:28:25.636541,0 days 00:00:21.977735,2048,0.03968405484898528,0.001,0.005,175.0,COMPLETE
31,31,0.774046999206418,2021-04-17 23:28:25.637588,2021-04-17 23:31:12.451812,0 days 00:02:46.814224,2048,0.1936628298439279,0.1,0.005,160.0,COMPLETE
32,32,0.7740556448238266,2021-04-17 23:31:12.453306,2021-04-17 23:34:00.909608,0 days 00:02:48.456302,2048,0.19843831044166002,0.1,0.005,160.0,COMPLETE
33,33,0.7758531104629698,2021-04-17 23:34:00.910621,2021-04-17 23:37:12.522120,0 days 00:03:11.611499,2048,0.07291652622810349,0.1,0.005,170.0,COMPLETE
34,34,0.7765807482313574,2021-04-17 23:37:12.523271,2021-04-17 23:40:22.907115,0 days 00:03:10.383844,2048,0.07740296363956826,0.1,0.005,190.0,COMPLETE
35,35,0.672168641807903,2021-04-17 23:40:22.908212,2021-04-17 23:40:58.200172,0 days 00:00:35.291960,2048,0.06930475966379804,1.0,0.1,175.0,COMPLETE
36,36,0.7765039296266326,2021-04-17 23:40:58.201201,2021-04-17 23:44:09.816152,0 days 00:03:11.614951,2048,0.04459481630604191,0.1,0.005,190.0,COMPLETE
37,37,0.7153417613843224,2021-04-17 23:44:09.817211,2021-04-17 23:45:02.678824,0 days 00:00:52.861613,2048,0.04281705310950101,1e-05,0.05,190.0,COMPLETE
38,38,0.776505222752628,2021-04-17 23:45:02.679902,2021-04-17 23:48:12.593796,0 days 00:03:09.913894,2048,0.03196377414113514,0.1,0.005,190.0,COMPLETE
39,39,0.7702334783712336,2021-04-17 23:48:12.594835,2021-04-17 23:51:50.928779,0 days 00:03:38.333944,1024,0.03327950236189632,0.01,0.005,190.0,COMPLETE
40,40,0.6852983267559657,2021-04-17 23:51:50.929790,2021-04-17 23:52:31.967849,0 days 00:00:41.038059,2048,0.03153419359701618,0.1,0.1,125.0,COMPLETE
41,41,0.7752497922129793,2021-04-17 23:52:31.968868,2021-04-17 23:55:43.210163,0 days 00:03:11.241295,2048,0.04630936200158049,0.1,0.005,180.0,COMPLETE
42,42,0.7758821346695297,2021-04-17 23:55:43.211172,2021-04-17 23:58:50.760642,0 days 00:03:07.549470,2048,0.08244131277261998,0.1,0.005,170.0,COMPLETE
43,43,0.7751393625851062,2021-04-17 23:58:50.761667,2021-04-18 00:01:34.207059,0 days 00:02:43.445392,4096,0.09151628007868054,0.1,0.005,150.0,COMPLETE
44,44,0.7704307935064026,2021-04-18 00:01:34.208084,2021-04-18 00:04:35.437177,0 days 00:03:01.229093,2048,0.10652818490699283,1e-05,0.005,190.0,COMPLETE
45,45,0.7717825523207749,2021-04-18 00:04:35.438235,2021-04-18 00:06:47.793091,0 days 00:02:12.354856,2048,0.05910618880805436,0.1,0.01,180.0,COMPLETE
46,46,0.7176204557245655,2021-04-18 00:06:47.794204,2021-04-18 00:07:30.401417,0 days 00:00:42.607213,2048,0.0817783480845588,0.1,0.05,200.0,COMPLETE
47,47,0.4979505478066194,2021-04-18 00:07:30.402426,2021-04-18 00:07:59.461145,0 days 00:00:29.058719,4096,0.05060803246705213,0.1,0.001,90.0,COMPLETE
48,48,0.7665135829339398,2021-04-18 00:07:59.462128,2021-04-18 00:10:58.448662,0 days 00:02:58.986534,2048,0.037035691901056274,0.001,0.005,165.0,COMPLETE
49,49,0.5013639377800162,2021-04-18 00:10:58.449703,2021-04-18 00:11:20.887302,0 days 00:00:22.437599,1024,0.9887161474814047,1.0,0.005,185.0,COMPLETE
50,50,0.5037680473995346,2021-04-18 00:11:20.888335,2021-04-18 00:11:44.957384,0 days 00:00:24.069049,2048,0.06366338116199066,0.1,0.005,195.0,COMPLETE
51,51,0.7758759035708281,2021-04-18 00:11:44.958734,2021-04-18 00:14:53.454660,0 days 00:03:08.495926,2048,0.08017810885069852,0.1,0.005,170.0,COMPLETE
52,52,0.5005006935153902,2021-04-18 00:14:53.455720,2021-04-18 00:15:15.585632,0 days 00:00:22.129912,2048,0.10101346281648908,0.1,0.005,150.0,COMPLETE
53,53,0.5007224383509807,2021-04-18 00:15:15.586637,2021-04-18 00:15:37.396075,0 days 00:00:21.809438,2048,0.0811908027435967,0.01,0.005,175.0,COMPLETE
54,54,0.7764194637644104,2021-04-18 00:15:37.397193,2021-04-18 00:19:11.402253,0 days 00:03:34.005060,2048,0.11261559272075161,0.1,0.005,165.0,COMPLETE
55,55,0.7686147486328134,2021-04-18 00:19:11.403310,2021-04-18 00:22:11.144056,0 days 00:02:59.740746,2048,0.14361749727078021,0.0001,0.005,160.0,COMPLETE
56,56,0.6805984161105875,2021-04-18 00:22:11.145072,2021-04-18 00:22:50.819989,0 days 00:00:39.674917,2048,0.09583564590222868,0.1,0.1,180.0,COMPLETE
57,57,0.4999811029308197,2021-04-18 00:22:50.821071,2021-04-18 00:23:12.938871,0 days 00:00:22.117800,1024,0.1136846944530974,0.1,0.001,50.0,COMPLETE
58,58,0.49938746838749093,2021-04-18 00:23:12.940032,2021-04-18 00:23:35.375332,0 days 00:00:22.435300,2048,0.13317159685498295,0.1,0.005,5.0,COMPLETE
59,59,0.499866277443517,2021-04-18 00:23:35.376331,2021-04-18 00:23:57.369912,0 days 00:00:21.993581,2048,0.04433804073498513,1e-05,0.005,135.0,COMPLETE
60,60,0.7737400195536029,2021-04-18 00:23:57.371500,2021-04-18 00:25:54.208812,0 days 00:01:56.837312,4096,0.05263545797418929,0.1,0.01,145.0,COMPLETE
61,61,0.7763778107535302,2021-04-18 00:25:54.209895,2021-04-18 00:29:29.417264,0 days 00:03:35.207369,2048,0.07538733407268691,0.1,0.005,165.0,COMPLETE
62,62,0.7763592174215758,2021-04-18 00:29:29.418343,2021-04-18 00:33:06.256352,0 days 00:03:36.838009,2048,0.0652877048172436,0.1,0.005,165.0,COMPLETE
63,63,0.5006646526641533,2021-04-18 00:33:06.257419,2021-04-18 00:33:28.284558,0 days 00:00:22.027139,2048,0.06455598874164108,0.1,0.005,125.0,COMPLETE
64,64,0.7771819569814583,2021-04-18 00:33:28.285574,2021-04-18 00:37:03.584694,0 days 00:03:35.299120,2048,0.055617011162482896,0.1,0.005,155.0,COMPLETE
65,65,0.7771849725666589,2021-04-18 00:37:03.585713,2021-04-18 00:40:40.523419,0 days 00:03:36.937706,2048,0.05546523998362505,0.1,0.005,155.0,COMPLETE
66,66,0.7771849930721255,2021-04-18 00:40:40.524454,2021-04-18 00:44:11.196997,0 days 00:03:30.672543,2048,0.05545317645700249,0.1,0.005,155.0,COMPLETE
67,67,0.7771819672341916,2021-04-18 00:44:11.198101,2021-04-18 00:47:46.729138,0 days 00:03:35.531037,2048,0.03993993493709716,0.1,0.005,155.0,COMPLETE
68,68,0.7646732595877462,2021-04-18 00:47:46.730158,2021-04-18 00:50:33.097664,0 days 00:02:46.367506,8192,0.03947559512809809,0.001,0.005,115.0,COMPLETE
69,69,0.7671021269951537,2021-04-18 00:50:33.098669,2021-04-18 00:53:28.223976,0 days 00:02:55.125307,2048,0.030925993651042875,0.0001,0.005,155.0,COMPLETE
70,70,0.723423582266897,2021-04-18 00:53:28.224987,2021-04-18 00:54:13.857994,0 days 00:00:45.633007,2048,0.055081660888066084,0.1,0.05,100.0,COMPLETE
71,71,0.7758246168353614,2021-04-18 00:54:13.859015,2021-04-18 00:57:44.157337,0 days 00:03:30.298322,2048,0.046977559342467085,0.1,0.005,145.0,COMPLETE
72,72,0.775707033362784,2021-04-18 00:57:44.158385,2021-04-18 01:01:14.512666,0 days 00:03:30.354281,2048,0.04169410019485515,0.1,0.005,135.0,COMPLETE
73,73,0.7771804639271623,2021-04-18 01:01:14.513707,2021-04-18 01:04:43.123071,0 days 00:03:28.609364,2048,0.035870655973066004,0.1,0.005,155.0,COMPLETE
74,74,0.7771805997758794,2021-04-18 01:04:43.124118,2021-04-18 01:08:12.964268,0 days 00:03:29.840150,2048,0.03651084384045566,0.1,0.005,155.0,COMPLETE
75,75,0.7771803178257118,2021-04-18 01:08:12.965305,2021-04-18 01:11:39.172921,0 days 00:03:26.207616,2048,0.034728801384178304,0.1,0.005,155.0,COMPLETE
76,76,0.7702055447991851,2021-04-18 01:11:39.173974,2021-04-18 01:15:06.192858,0 days 00:03:27.018884,2048,0.03842556410492074,0.01,0.005,155.0,COMPLETE
77,77,0.4999153060144605,2021-04-18 01:15:06.193734,2021-04-18 01:15:28.232083,0 days 00:00:22.038349,2048,0.03466189704762788,0.1,0.005,130.0,COMPLETE
78,78,0.7632349946172124,2021-04-18 01:15:28.233070,2021-04-18 01:18:08.436577,0 days 00:02:40.203507,16384,0.03671262616661392,1.0,0.001,145.0,COMPLETE
79,79,0.5004991120312688,2021-04-18 01:18:08.437618,2021-04-18 01:18:30.182299,0 days 00:00:21.744681,2048,0.048910171799894535,0.1,0.005,150.0,COMPLETE
80,80,0.683171053753174,2021-04-18 01:18:30.183288,2021-04-18 01:19:11.004906,0 days 00:00:40.821618,2048,0.056272490002753764,0.1,0.1,115.0,COMPLETE
81,81,0.7771792412887087,2021-04-18 01:19:11.005766,2021-04-18 01:22:37.569292,0 days 00:03:26.563526,2048,0.031101850581825772,0.1,0.005,155.0,COMPLETE
82,82,0.774621131769298,2021-04-18 01:22:37.570353,2021-04-18 01:25:37.345615,0 days 00:02:59.775262,2048,0.034513454370186845,0.1,0.005,160.0,COMPLETE
83,83,0.7771791989961836,2021-04-18 01:25:37.346648,2021-04-18 01:29:03.014676,0 days 00:03:25.668028,2048,0.030935156543101132,0.1,0.005,155.0,COMPLETE
84,84,0.7737962327274508,2021-04-18 01:29:03.015757,2021-04-18 01:32:02.284610,0 days 00:02:59.268853,2048,0.04204684292601964,0.1,0.005,140.0,COMPLETE
85,85,0.7771801114894529,2021-04-18 01:32:02.285650,2021-04-18 01:35:28.579399,0 days 00:03:26.293749,2048,0.03410847040001482,0.1,0.005,155.0,COMPLETE
86,86,0.7672810743585023,2021-04-18 01:35:28.580441,2021-04-18 01:37:38.103729,0 days 00:02:09.523288,2048,0.4157174920762424,0.1,0.005,145.0,COMPLETE
87,87,0.7747071701444997,2021-04-18 01:37:38.104780,2021-04-18 01:39:38.268178,0 days 00:02:00.163398,8192,0.0356186378608246,0.1,0.005,155.0,COMPLETE
88,88,0.5004963514828108,2021-04-18 01:39:38.269207,2021-04-18 01:40:00.131111,0 days 00:00:21.861904,2048,0.04227280186998399,0.1,0.005,150.0,COMPLETE
89,89,0.4999486978854332,2021-04-18 01:40:00.132414,2021-04-18 01:40:21.927364,0 days 00:00:21.794950,1024,0.030990483864565203,1e-05,0.01,130.0,COMPLETE
90,90,0.7732671352958692,2021-04-18 01:40:21.928418,2021-04-18 01:42:29.574153,0 days 00:02:07.645735,4096,0.04903782165162986,0.1,0.005,140.0,COMPLETE
91,91,0.777179803907452,2021-04-18 01:42:29.575197,2021-04-18 01:45:55.271577,0 days 00:03:25.696380,2048,0.03286635756142814,0.1,0.005,155.0,COMPLETE
92,92,0.7746184596506652,2021-04-18 01:45:55.272625,2021-04-18 01:48:55.100467,0 days 00:02:59.827842,2048,0.0389160844128847,0.1,0.005,160.0,COMPLETE
93,93,0.5004963540459941,2021-04-18 01:48:55.101548,2021-04-18 01:49:16.853982,0 days 00:00:21.752434,2048,0.0332130172360285,0.1,0.005,150.0,COMPLETE
94,94,0.7758065220425667,2021-04-18 01:49:16.854994,2021-04-18 01:52:17.955137,0 days 00:03:01.100143,2048,0.04612071953849039,0.1,0.005,170.0,COMPLETE
95,95,0.7746194105916846,2021-04-18 01:52:17.956219,2021-04-18 01:55:18.787946,0 days 00:03:00.831727,2048,0.03594359806442355,0.1,0.005,160.0,COMPLETE
96,96,0.7672499124570362,2021-04-18 01:55:18.789010,2021-04-18 01:58:11.709563,0 days 00:02:52.920553,2048,0.04029674268446831,0.001,0.005,155.0,COMPLETE
97,97,0.7758232314347656,2021-04-18 01:58:11.710633,2021-04-18 02:01:38.270905,0 days 00:03:26.560272,2048,0.03246245459957386,0.1,0.005,145.0,COMPLETE
98,98,0.7171700698086059,2021-04-18 02:01:38.272031,2021-04-18 02:02:19.590275,0 days 00:00:41.318244,2048,0.052770775665274924,0.1,0.05,175.0,COMPLETE
99,99,0.7737970362854282,2021-04-18 02:02:19.591339,2021-04-18 02:05:20.479716,0 days 00:03:00.888377,2048,0.03777769964028242,0.1,0.005,140.0,COMPLETE
